2020-03-22 11:15:40,352 [INFO   ] [APP] autotrader started with arguments={run.py}
2020-03-22 11:15:40,352 [INFO   ] [APP] configuration={"Execution":{"Host":"127.0.0.1","Port":12345},"Information":{"AllowBroadcast":false,"Interface":"0.0.0.0","ListenAddress":"239.255.1.1","Port":12346},"TeamName":"Tradies","Secret":"12345"}
2020-03-22 11:15:45,112 [INFO   ] [TRADER] (id: 1) Placing  bid 50 lots for $3408
2020-03-22 11:15:45,113 [INFO   ] [TRADER] (id: 2) Placing  ask 50 lots for $3411
2020-03-22 11:15:45,113 [INFO   ] [TRADER] Order 1 placed
2020-03-22 11:15:45,114 [INFO   ] [TRADER] Order 2 placed
2020-03-22 11:15:45,858 [INFO   ] [TRADER] Cancelling 1
2020-03-22 11:15:45,859 [INFO   ] [TRADER] (id: 3) Placing  bid 40 lots for $3409
2020-03-22 11:15:45,859 [INFO   ] [TRADER] Order 1 cancelled
2020-03-22 11:15:45,859 [INFO   ] [TRADER] Order 3 placed
2020-03-22 11:15:46,357 [INFO   ] [TRADER] Order 2 filled (6 / 50)
2020-03-22 11:15:46,358 [INFO   ] [TRADER] Position changed to ETF: -6, FUTURE: 6
2020-03-22 11:15:46,610 [INFO   ] [TRADER] Cancelling 2
2020-03-22 11:15:46,611 [INFO   ] [TRADER] (id: 4) Placing  ask 34 lots for $3410
2020-03-22 11:15:46,611 [INFO   ] [TRADER] Order 2 filled (6 / 6)
2020-03-22 11:15:46,611 [INFO   ] [TRADER] Order 4 placed
2020-03-22 11:15:46,858 [INFO   ] [TRADER] Order 3 filled (1 / 40)
2020-03-22 11:15:46,860 [INFO   ] [TRADER] Position changed to ETF: -5, FUTURE: 5
2020-03-22 11:15:46,860 [INFO   ] [TRADER] Order 3 filled (14 / 40)
2020-03-22 11:15:46,860 [INFO   ] [TRADER] Position changed to ETF: 8, FUTURE: -8
2020-03-22 11:15:47,105 [INFO   ] [TRADER] Order 3 filled (20 / 40)
2020-03-22 11:15:47,106 [INFO   ] [TRADER] Position changed to ETF: 14, FUTURE: -14
2020-03-22 11:15:47,359 [INFO   ] [TRADER] Order 4 filled (1 / 34)
2020-03-22 11:15:47,360 [INFO   ] [TRADER] Position changed to ETF: 13, FUTURE: -13
2020-03-22 11:15:47,856 [INFO   ] [TRADER] Order 3 filled (24 / 40)
2020-03-22 11:15:47,856 [INFO   ] [TRADER] Position changed to ETF: 17, FUTURE: -17
2020-03-22 11:15:48,106 [INFO   ] [TRADER] Order 3 filled (32 / 40)
2020-03-22 11:15:48,107 [INFO   ] [TRADER] Position changed to ETF: 25, FUTURE: -25
2020-03-22 11:15:48,109 [INFO   ] [TRADER] Cancelling 3
2020-03-22 11:15:48,109 [INFO   ] [TRADER] (id: 5) Placing  bid 25 lots for $3408
2020-03-22 11:15:48,110 [INFO   ] [TRADER] Order 3 filled (32 / 32)
2020-03-22 11:15:48,110 [INFO   ] [TRADER] Order 5 placed
2020-03-22 11:15:48,356 [INFO   ] [TRADER] Order 4 filled (12 / 34)
2020-03-22 11:15:48,357 [INFO   ] [TRADER] Position changed to ETF: 14, FUTURE: -14
2020-03-22 11:15:48,357 [INFO   ] [TRADER] Order 4 filled (19 / 34)
2020-03-22 11:15:48,358 [INFO   ] [TRADER] Position changed to ETF: 7, FUTURE: -7
2020-03-22 11:15:48,358 [INFO   ] [TRADER] Order 4 filled (31 / 34)
2020-03-22 11:15:48,359 [INFO   ] [TRADER] Position changed to ETF: -5, FUTURE: 5
2020-03-22 11:15:48,362 [INFO   ] [TRADER] Cancelling 5
2020-03-22 11:15:48,362 [INFO   ] [TRADER] (id: 6) Placing  bid 50 lots for $3409
2020-03-22 11:15:48,363 [INFO   ] [TRADER] Order 5 cancelled
2020-03-22 11:15:48,364 [INFO   ] [TRADER] Order 6 placed
2020-03-22 11:15:48,606 [INFO   ] [TRADER] Order 4 filled (34 / 34)
2020-03-22 11:15:48,606 [INFO   ] [TRADER] Position changed to ETF: -8, FUTURE: 8
2020-03-22 11:15:48,611 [INFO   ] [TRADER] Cancelling 6
2020-03-22 11:15:48,612 [INFO   ] [TRADER] (id: 7) Placing  bid 48 lots for $3409
2020-03-22 11:15:48,612 [INFO   ] [TRADER] (id: 8) Placing  ask 50 lots for $3410
2020-03-22 11:15:48,613 [INFO   ] [TRADER] Order 6 cancelled
2020-03-22 11:15:48,613 [INFO   ] [TRADER] Order 7 placed
2020-03-22 11:15:48,614 [INFO   ] [TRADER] Order 8 placed
2020-03-22 11:15:49,357 [INFO   ] [TRADER] Order 8 filled (3 / 50)
2020-03-22 11:15:49,357 [INFO   ] [TRADER] Position changed to ETF: -11, FUTURE: 11
2020-03-22 11:15:49,358 [INFO   ] [TRADER] Order 8 filled (7 / 50)
2020-03-22 11:15:49,358 [INFO   ] [TRADER] Position changed to ETF: -15, FUTURE: 15
2020-03-22 11:15:49,359 [INFO   ] [TRADER] Order 8 filled (8 / 50)
2020-03-22 11:15:49,359 [INFO   ] [TRADER] Position changed to ETF: -16, FUTURE: 16
2020-03-22 11:15:49,607 [INFO   ] [TRADER] Order 8 filled (15 / 50)
2020-03-22 11:15:49,607 [INFO   ] [TRADER] Position changed to ETF: -23, FUTURE: 23
2020-03-22 11:15:49,856 [INFO   ] [TRADER] Order 8 filled (16 / 50)
2020-03-22 11:15:49,857 [INFO   ] [TRADER] Position changed to ETF: -24, FUTURE: 24
2020-03-22 11:15:50,356 [INFO   ] [TRADER] Order 8 filled (25 / 50)
2020-03-22 11:15:50,357 [INFO   ] [TRADER] Position changed to ETF: -33, FUTURE: 33
2020-03-22 11:15:50,857 [INFO   ] [TRADER] Order 8 filled (27 / 50)
2020-03-22 11:15:50,858 [INFO   ] [TRADER] Position changed to ETF: -35, FUTURE: 35
2020-03-22 11:15:51,106 [INFO   ] [TRADER] Order 8 filled (28 / 50)
2020-03-22 11:15:51,107 [INFO   ] [TRADER] Position changed to ETF: -36, FUTURE: 36
2020-03-22 11:15:51,357 [INFO   ] [TRADER] Order 8 filled (35 / 50)
2020-03-22 11:15:51,357 [INFO   ] [TRADER] Position changed to ETF: -43, FUTURE: 43
2020-03-22 11:15:51,606 [INFO   ] [TRADER] Order 8 filled (38 / 50)
2020-03-22 11:15:51,607 [INFO   ] [TRADER] Position changed to ETF: -46, FUTURE: 46
2020-03-22 11:15:51,856 [INFO   ] [TRADER] Order 8 filled (43 / 50)
2020-03-22 11:15:51,857 [INFO   ] [TRADER] Position changed to ETF: -51, FUTURE: 51
2020-03-22 11:15:51,859 [INFO   ] [TRADER] Cancelling 8
2020-03-22 11:15:51,859 [INFO   ] [TRADER] Invalid volume or price. V: -11 P: 341100
2020-03-22 11:15:51,860 [INFO   ] [TRADER] Cancelling 8
2020-03-22 11:15:51,860 [INFO   ] [TRADER] Invalid volume or price. V: -11 P: 341100
2020-03-22 11:15:51,861 [INFO   ] [TRADER] Order 8 filled (43 / 43)
2020-03-22 11:15:52,108 [INFO   ] [TRADER] Cancelling 7
2020-03-22 11:15:52,108 [INFO   ] [TRADER] (id: 9) Placing  bid 50 lots for $3409
2020-03-22 11:15:52,109 [INFO   ] [TRADER] Invalid volume or price. V: -11 P: 341100
2020-03-22 11:15:52,110 [INFO   ] [TRADER] Cancelling 9
2020-03-22 11:15:52,110 [INFO   ] [TRADER] (id: 10) Placing  bid 50 lots for $3409
2020-03-22 11:15:52,110 [INFO   ] [TRADER] (id: 11) Placing  ask 39 lots for $3411
2020-03-22 11:15:52,111 [INFO   ] [TRADER] Order 7 cancelled
2020-03-22 11:15:52,111 [INFO   ] [TRADER] Order 9 placed
2020-03-22 11:15:52,111 [INFO   ] [TRADER] Order 9 cancelled
2020-03-22 11:15:52,111 [INFO   ] [TRADER] Order 10 placed
2020-03-22 11:15:52,111 [INFO   ] [TRADER] Order 11 placed
2020-03-22 11:15:53,607 [INFO   ] [TRADER] Order 10 filled (3 / 50)
2020-03-22 11:15:53,607 [INFO   ] [TRADER] Position changed to ETF: -48, FUTURE: 48
2020-03-22 11:15:53,610 [INFO   ] [TRADER] Cancelling 11
2020-03-22 11:15:53,610 [INFO   ] [TRADER] (id: 12) Placing  ask 3 lots for $3410
2020-03-22 11:15:53,612 [INFO   ] [TRADER] Order 11 cancelled
2020-03-22 11:15:53,612 [INFO   ] [TRADER] Order 12 placed
2020-03-22 11:15:53,856 [INFO   ] [TRADER] Order 10 filled (5 / 50)
2020-03-22 11:15:53,857 [INFO   ] [TRADER] Position changed to ETF: -46, FUTURE: 46
2020-03-22 11:15:53,857 [INFO   ] [TRADER] Order 10 filled (23 / 50)
2020-03-22 11:15:53,858 [INFO   ] [TRADER] Position changed to ETF: -28, FUTURE: 28
2020-03-22 11:15:53,858 [INFO   ] [TRADER] Order 10 filled (28 / 50)
2020-03-22 11:15:53,858 [INFO   ] [TRADER] Position changed to ETF: -23, FUTURE: 23
2020-03-22 11:15:53,860 [INFO   ] [TRADER] Order 10 filled (29 / 50)
2020-03-22 11:15:53,861 [INFO   ] [TRADER] Position changed to ETF: -22, FUTURE: 22
2020-03-22 11:15:54,856 [INFO   ] [TRADER] Order 12 filled (3 / 3)
2020-03-22 11:15:54,856 [INFO   ] [TRADER] Position changed to ETF: -25, FUTURE: 25
2020-03-22 11:15:54,856 [INFO   ] [TRADER] Order 10 filled (31 / 50)
2020-03-22 11:15:54,856 [INFO   ] [TRADER] Position changed to ETF: -23, FUTURE: 23
2020-03-22 11:15:54,856 [INFO   ] [TRADER] Order 10 filled (34 / 50)
2020-03-22 11:15:54,856 [INFO   ] [TRADER] Position changed to ETF: -20, FUTURE: 20
2020-03-22 11:15:54,857 [INFO   ] [TRADER] Cancelling 10
2020-03-22 11:15:54,857 [INFO   ] [TRADER] (id: 13) Placing  bid 50 lots for $3409
2020-03-22 11:15:54,857 [INFO   ] [TRADER] (id: 14) Placing  ask 50 lots for $3410
2020-03-22 11:15:54,857 [INFO   ] [TRADER] Order 10 filled (34 / 34)
2020-03-22 11:15:54,857 [INFO   ] [TRADER] Order 13 placed
2020-03-22 11:15:54,857 [INFO   ] [TRADER] Order 14 placed
2020-03-22 11:15:56,107 [INFO   ] [TRADER] Order 14 filled (1 / 50)
2020-03-22 11:15:56,108 [INFO   ] [TRADER] Position changed to ETF: -21, FUTURE: 21
2020-03-22 11:15:56,108 [INFO   ] [TRADER] Order 14 filled (5 / 50)
2020-03-22 11:15:56,108 [INFO   ] [TRADER] Position changed to ETF: -25, FUTURE: 25
2020-03-22 11:15:56,108 [INFO   ] [TRADER] Order 14 filled (6 / 50)
2020-03-22 11:15:56,108 [INFO   ] [TRADER] Position changed to ETF: -26, FUTURE: 26
2020-03-22 11:15:56,356 [INFO   ] [TRADER] Order 14 filled (23 / 50)
2020-03-22 11:15:56,357 [INFO   ] [TRADER] Position changed to ETF: -43, FUTURE: 43
2020-03-22 11:15:56,608 [INFO   ] [TRADER] Order 14 filled (27 / 50)
2020-03-22 11:15:56,608 [INFO   ] [TRADER] Position changed to ETF: -47, FUTURE: 47
2020-03-22 11:15:56,856 [INFO   ] [TRADER] Order 14 filled (36 / 50)
2020-03-22 11:15:56,857 [INFO   ] [TRADER] Position changed to ETF: -56, FUTURE: 56
2020-03-22 11:15:56,859 [INFO   ] [TRADER] Cancelling 14
2020-03-22 11:15:56,859 [INFO   ] [TRADER] Invalid volume or price. V: -16 P: 341100
2020-03-22 11:15:56,859 [INFO   ] [TRADER] Order 14 filled (36 / 36)
2020-03-22 11:15:56,861 [INFO   ] [TRADER] Cancelling 13
2020-03-22 11:15:56,861 [INFO   ] [TRADER] (id: 15) Placing  bid 50 lots for $3409
2020-03-22 11:15:56,861 [INFO   ] [TRADER] Invalid volume or price. V: -16 P: 341100
2020-03-22 11:15:56,862 [INFO   ] [TRADER] Order 13 cancelled
2020-03-22 11:15:56,862 [INFO   ] [TRADER] Order 15 placed
2020-03-22 11:15:57,109 [INFO   ] [TRADER] Cancelling 15
2020-03-22 11:15:57,110 [INFO   ] [TRADER] (id: 16) Placing  bid 50 lots for $3409
2020-03-22 11:15:57,110 [INFO   ] [TRADER] (id: 17) Placing  ask 34 lots for $3411
2020-03-22 11:15:57,111 [INFO   ] [TRADER] Order 15 cancelled
2020-03-22 11:15:57,111 [INFO   ] [TRADER] Order 16 placed
2020-03-22 11:15:57,112 [INFO   ] [TRADER] Order 17 placed
2020-03-22 11:15:58,106 [INFO   ] [TRADER] Cancelling 17
2020-03-22 11:15:58,106 [INFO   ] [TRADER] Invalid volume or price. V: 0 P: 341200
2020-03-22 11:15:58,107 [INFO   ] [TRADER] Order 17 cancelled
2020-03-22 11:15:58,107 [INFO   ] [TRADER] Cancelling 16
2020-03-22 11:15:58,107 [INFO   ] [TRADER] (id: 18) Placing  bid 50 lots for $3409
2020-03-22 11:15:58,107 [INFO   ] [TRADER] Invalid volume or price. V: 0 P: 341200
2020-03-22 11:15:58,107 [INFO   ] [TRADER] Order 16 cancelled
2020-03-22 11:15:58,107 [INFO   ] [TRADER] Order 18 placed
2020-03-22 11:15:58,357 [INFO   ] [TRADER] Cancelling 18
2020-03-22 11:15:58,357 [INFO   ] [TRADER] (id: 19) Placing  bid 50 lots for $3409
2020-03-22 11:15:58,357 [INFO   ] [TRADER] (id: 20) Placing  ask 34 lots for $3412
2020-03-22 11:15:58,357 [INFO   ] [TRADER] Order 18 cancelled
2020-03-22 11:15:58,357 [INFO   ] [TRADER] Order 19 placed
2020-03-22 11:15:58,357 [INFO   ] [TRADER] Order 20 placed
2020-03-22 11:15:59,359 [INFO   ] [TRADER] Cancelling 19
2020-03-22 11:15:59,359 [INFO   ] [TRADER] (id: 21) Placing  bid 50 lots for $3410
2020-03-22 11:15:59,360 [INFO   ] [TRADER] Order 19 cancelled
2020-03-22 11:15:59,362 [INFO   ] [TRADER] Order 21 placed
2020-03-22 11:16:00,357 [INFO   ] [TRADER] Order 21 filled (5 / 50)
2020-03-22 11:16:00,358 [INFO   ] [TRADER] Position changed to ETF: -51, FUTURE: 51
2020-03-22 11:16:00,607 [INFO   ] [TRADER] Order 21 filled (9 / 50)
2020-03-22 11:16:00,607 [INFO   ] [TRADER] Position changed to ETF: -47, FUTURE: 47
2020-03-22 11:16:00,612 [INFO   ] [TRADER] Cancelling 20
2020-03-22 11:16:00,612 [INFO   ] [TRADER] (id: 22) Placing  ask 9 lots for $3411
2020-03-22 11:16:00,614 [INFO   ] [TRADER] Order 20 cancelled
2020-03-22 11:16:00,614 [INFO   ] [TRADER] Order 22 placed
2020-03-22 11:16:01,857 [INFO   ] [TRADER] Order 21 filled (23 / 50)
2020-03-22 11:16:01,858 [INFO   ] [TRADER] Position changed to ETF: -33, FUTURE: 33
2020-03-22 11:16:01,858 [INFO   ] [TRADER] Order 21 filled (32 / 50)
2020-03-22 11:16:01,859 [INFO   ] [TRADER] Position changed to ETF: -24, FUTURE: 24
2020-03-22 11:16:02,106 [INFO   ] [TRADER] Order 22 filled (3 / 9)
2020-03-22 11:16:02,107 [INFO   ] [TRADER] Position changed to ETF: -27, FUTURE: 27
2020-03-22 11:16:02,357 [INFO   ] [TRADER] Order 22 filled (7 / 9)
2020-03-22 11:16:02,357 [INFO   ] [TRADER] Position changed to ETF: -31, FUTURE: 31
2020-03-22 11:16:02,607 [INFO   ] [TRADER] Order 21 filled (43 / 50)
2020-03-22 11:16:02,607 [INFO   ] [TRADER] Position changed to ETF: -20, FUTURE: 20
2020-03-22 11:16:02,608 [INFO   ] [TRADER] Order 22 filled (9 / 9)
2020-03-22 11:16:02,608 [INFO   ] [TRADER] Position changed to ETF: -22, FUTURE: 22
2020-03-22 11:16:02,610 [INFO   ] [TRADER] Cancelling 21
2020-03-22 11:16:02,610 [INFO   ] [TRADER] (id: 23) Placing  bid 50 lots for $3410
2020-03-22 11:16:02,611 [INFO   ] [TRADER] (id: 24) Placing  ask 50 lots for $3411
2020-03-22 11:16:02,611 [INFO   ] [TRADER] Order 21 filled (43 / 43)
2020-03-22 11:16:02,611 [INFO   ] [TRADER] Order 23 placed
2020-03-22 11:16:02,612 [INFO   ] [TRADER] Order 24 placed
2020-03-22 11:16:03,357 [INFO   ] [TRADER] Order 24 filled (40 / 50)
2020-03-22 11:16:03,357 [INFO   ] [TRADER] Position changed to ETF: -62, FUTURE: 62
2020-03-22 11:16:03,606 [INFO   ] [TRADER] Order 24 filled (44 / 50)
2020-03-22 11:16:03,606 [INFO   ] [TRADER] Position changed to ETF: -66, FUTURE: 66
2020-03-22 11:16:03,606 [INFO   ] [TRADER] Cancelling 24
2020-03-22 11:16:03,606 [INFO   ] [TRADER] Invalid volume or price. V: -26 P: 341300
2020-03-22 11:16:03,606 [INFO   ] [TRADER] Order 24 filled (44 / 44)
2020-03-22 11:16:03,607 [INFO   ] [TRADER] Cancelling 23
2020-03-22 11:16:03,607 [INFO   ] [TRADER] (id: 25) Placing  bid 50 lots for $3410
2020-03-22 11:16:03,607 [INFO   ] [TRADER] Invalid volume or price. V: -26 P: 341300
2020-03-22 11:16:03,607 [INFO   ] [TRADER] Order 23 cancelled
2020-03-22 11:16:03,607 [INFO   ] [TRADER] Order 25 placed
2020-03-22 11:16:03,862 [INFO   ] [TRADER] Cancelling 25
2020-03-22 11:16:03,863 [INFO   ] [TRADER] (id: 26) Placing  bid 50 lots for $3410
2020-03-22 11:16:03,863 [INFO   ] [TRADER] (id: 27) Placing  ask 24 lots for $3413
2020-03-22 11:16:03,863 [INFO   ] [TRADER] Order 25 cancelled
2020-03-22 11:16:03,864 [INFO   ] [TRADER] Order 26 placed
2020-03-22 11:16:03,864 [INFO   ] [TRADER] Order 27 placed
2020-03-22 11:16:04,111 [INFO   ] [TRADER] Cancelling 27
2020-03-22 11:16:04,112 [INFO   ] [TRADER] Invalid volume or price. V: 0 P: 341200
2020-03-22 11:16:04,113 [INFO   ] [TRADER] Cancelling 27
2020-03-22 11:16:04,113 [INFO   ] [TRADER] Invalid volume or price. V: 0 P: 341200
2020-03-22 11:16:04,114 [INFO   ] [TRADER] Order 27 cancelled
2020-03-22 11:16:04,357 [INFO   ] [TRADER] Cancelling 26
2020-03-22 11:16:04,357 [INFO   ] [TRADER] (id: 28) Placing  bid 50 lots for $3410
2020-03-22 11:16:04,357 [INFO   ] [TRADER] Invalid volume or price. V: 0 P: 341200
2020-03-22 11:16:04,358 [INFO   ] [TRADER] Cancelling 28
2020-03-22 11:16:04,358 [INFO   ] [TRADER] (id: 29) Placing  bid 50 lots for $3410
2020-03-22 11:16:04,358 [INFO   ] [TRADER] (id: 30) Placing  ask 24 lots for $3412
2020-03-22 11:16:04,358 [INFO   ] [TRADER] Order 26 cancelled
2020-03-22 11:16:04,358 [INFO   ] [TRADER] Order 28 placed
2020-03-22 11:16:04,358 [INFO   ] [TRADER] Order 28 cancelled
2020-03-22 11:16:04,358 [INFO   ] [TRADER] Order 29 placed
2020-03-22 11:16:04,358 [INFO   ] [TRADER] Order 30 placed
2020-03-22 11:16:07,356 [INFO   ] [TRADER] Order 29 filled (5 / 50)
2020-03-22 11:16:07,356 [INFO   ] [TRADER] Position changed to ETF: -61, FUTURE: 61
2020-03-22 11:16:07,856 [INFO   ] [TRADER] Order 29 filled (18 / 50)
2020-03-22 11:16:07,857 [INFO   ] [TRADER] Position changed to ETF: -48, FUTURE: 48
2020-03-22 11:16:07,862 [INFO   ] [TRADER] Cancelling 30
2020-03-22 11:16:07,863 [INFO   ] [TRADER] (id: 31) Placing  ask 18 lots for $3411
2020-03-22 11:16:07,864 [INFO   ] [TRADER] Order 30 cancelled
2020-03-22 11:16:07,864 [INFO   ] [TRADER] Order 31 placed
2020-03-22 11:16:08,106 [INFO   ] [TRADER] Order 29 filled (24 / 50)
2020-03-22 11:16:08,107 [INFO   ] [TRADER] Position changed to ETF: -42, FUTURE: 42
2020-03-22 11:16:08,356 [INFO   ] [TRADER] Order 29 filled (34 / 50)
2020-03-22 11:16:08,356 [INFO   ] [TRADER] Position changed to ETF: -32, FUTURE: 32
2020-03-22 11:16:08,356 [INFO   ] [TRADER] Order 29 filled (35 / 50)
2020-03-22 11:16:08,356 [INFO   ] [TRADER] Position changed to ETF: -31, FUTURE: 31
2020-03-22 11:16:08,606 [INFO   ] [TRADER] Order 29 filled (46 / 50)
2020-03-22 11:16:08,607 [INFO   ] [TRADER] Position changed to ETF: -20, FUTURE: 20
2020-03-22 11:16:08,856 [INFO   ] [TRADER] Order 29 filled (50 / 50)
2020-03-22 11:16:08,857 [INFO   ] [TRADER] Position changed to ETF: -16, FUTURE: 16
2020-03-22 11:16:08,860 [INFO   ] [TRADER] (id: 32) Placing  bid 50 lots for $3410
2020-03-22 11:16:08,861 [INFO   ] [TRADER] Order 32 placed
2020-03-22 11:16:10,357 [INFO   ] [TRADER] Order 31 filled (2 / 18)
2020-03-22 11:16:10,358 [INFO   ] [TRADER] Position changed to ETF: -18, FUTURE: 18
2020-03-22 11:16:10,359 [INFO   ] [TRADER] Order 31 filled (3 / 18)
2020-03-22 11:16:10,359 [INFO   ] [TRADER] Position changed to ETF: -19, FUTURE: 19
2020-03-22 11:16:10,855 [INFO   ] [TRADER] Order 31 filled (11 / 18)
2020-03-22 11:16:10,855 [INFO   ] [TRADER] Position changed to ETF: -27, FUTURE: 27
2020-03-22 11:16:11,862 [INFO   ] [TRADER] Cancelling 31
2020-03-22 11:16:11,862 [INFO   ] [TRADER] (id: 33) Placing  ask 45 lots for $3412
2020-03-22 11:16:11,864 [INFO   ] [TRADER] Order 31 filled (18 / 18)
2020-03-22 11:16:11,864 [INFO   ] [TRADER] Position changed to ETF: -34, FUTURE: 34
2020-03-22 11:16:11,868 [INFO   ] [TRADER] Order 33 placed
2020-03-22 11:16:12,111 [INFO   ] [TRADER] Cancelling 32
2020-03-22 11:16:12,112 [INFO   ] [TRADER] (id: 34) Placing  bid 50 lots for $3411
2020-03-22 11:16:12,112 [INFO   ] [TRADER] Order 32 cancelled
2020-03-22 11:16:12,112 [INFO   ] [TRADER] Order 34 placed
2020-03-22 11:16:12,115 [INFO   ] [TRADER] Order 34 filled (3 / 50)
2020-03-22 11:16:12,115 [INFO   ] [TRADER] Position changed to ETF: -31, FUTURE: 31
2020-03-22 11:16:12,358 [INFO   ] [TRADER] Order 34 filled (7 / 50)
2020-03-22 11:16:12,358 [INFO   ] [TRADER] Position changed to ETF: -27, FUTURE: 27
2020-03-22 11:16:13,356 [INFO   ] [TRADER] Order 34 filled (8 / 50)
2020-03-22 11:16:13,356 [INFO   ] [TRADER] Position changed to ETF: -26, FUTURE: 26
2020-03-22 11:16:13,356 [INFO   ] [TRADER] Order 34 filled (16 / 50)
2020-03-22 11:16:13,357 [INFO   ] [TRADER] Position changed to ETF: -18, FUTURE: 18
2020-03-22 11:16:13,856 [INFO   ] [TRADER] Order 34 filled (23 / 50)
2020-03-22 11:16:13,856 [INFO   ] [TRADER] Position changed to ETF: -11, FUTURE: 11
2020-03-22 11:16:14,357 [INFO   ] [TRADER] Order 33 filled (1 / 45)
2020-03-22 11:16:14,357 [INFO   ] [TRADER] Position changed to ETF: -12, FUTURE: 12
2020-03-22 11:16:14,606 [INFO   ] [TRADER] Order 33 filled (15 / 45)
2020-03-22 11:16:14,607 [INFO   ] [TRADER] Position changed to ETF: -26, FUTURE: 26
2020-03-22 11:16:14,856 [INFO   ] [TRADER] Order 34 filled (29 / 50)
2020-03-22 11:16:14,856 [INFO   ] [TRADER] Position changed to ETF: -20, FUTURE: 20
2020-03-22 11:16:15,106 [INFO   ] [TRADER] Order 34 filled (34 / 50)
2020-03-22 11:16:15,107 [INFO   ] [TRADER] Position changed to ETF: -15, FUTURE: 15
2020-03-22 11:16:15,107 [INFO   ] [TRADER] Order 33 filled (17 / 45)
2020-03-22 11:16:15,108 [INFO   ] [TRADER] Position changed to ETF: -17, FUTURE: 17
2020-03-22 11:16:15,606 [INFO   ] [TRADER] Order 34 filled (46 / 50)
2020-03-22 11:16:15,607 [INFO   ] [TRADER] Position changed to ETF: -5, FUTURE: 5
2020-03-22 11:16:15,856 [INFO   ] [TRADER] Order 34 filled (50 / 50)
2020-03-22 11:16:15,857 [INFO   ] [TRADER] Position changed to ETF: -1, FUTURE: 1
2020-03-22 11:16:15,857 [INFO   ] [TRADER] Order 33 filled (31 / 45)
2020-03-22 11:16:15,858 [INFO   ] [TRADER] Position changed to ETF: -15, FUTURE: 15
2020-03-22 11:16:15,860 [INFO   ] [TRADER] (id: 35) Placing  bid 50 lots for $3411
2020-03-22 11:16:15,861 [INFO   ] [TRADER] Order 35 placed
2020-03-22 11:16:16,112 [INFO   ] [TRADER] Order 33 filled (45 / 45)
2020-03-22 11:16:16,112 [INFO   ] [TRADER] Position changed to ETF: -29, FUTURE: 29
2020-03-22 11:16:16,359 [INFO   ] [TRADER] Cancelling 35
2020-03-22 11:16:16,360 [INFO   ] [TRADER] (id: 36) Placing  bid 50 lots for $3411
2020-03-22 11:16:16,360 [INFO   ] [TRADER] (id: 37) Placing  ask 50 lots for $3413
2020-03-22 11:16:16,362 [INFO   ] [TRADER] Order 35 cancelled
2020-03-22 11:16:16,362 [INFO   ] [TRADER] Order 36 placed
2020-03-22 11:16:16,362 [INFO   ] [TRADER] Order 37 placed
2020-03-22 11:16:16,610 [INFO   ] [TRADER] Cancelling 36
2020-03-22 11:16:16,610 [INFO   ] [TRADER] (id: 38) Placing  bid 50 lots for $3412
2020-03-22 11:16:16,610 [INFO   ] [TRADER] Order 36 cancelled
2020-03-22 11:16:16,611 [INFO   ] [TRADER] Order 38 filled (7 / 50)
2020-03-22 11:16:16,612 [INFO   ] [TRADER] Position changed to ETF: -22, FUTURE: 22
2020-03-22 11:16:16,857 [INFO   ] [TRADER] Order 38 filled (14 / 50)
2020-03-22 11:16:16,857 [INFO   ] [TRADER] Position changed to ETF: -15, FUTURE: 15
2020-03-22 11:16:17,857 [INFO   ] [TRADER] Order 38 filled (31 / 50)
2020-03-22 11:16:17,858 [INFO   ] [TRADER] Position changed to ETF: 2, FUTURE: -2
2020-03-22 11:16:18,106 [INFO   ] [TRADER] Order 38 filled (33 / 50)
2020-03-22 11:16:18,106 [INFO   ] [TRADER] Position changed to ETF: 4, FUTURE: -4
2020-03-22 11:16:18,357 [INFO   ] [TRADER] Order 38 filled (37 / 50)
2020-03-22 11:16:18,358 [INFO   ] [TRADER] Position changed to ETF: 8, FUTURE: -8
2020-03-22 11:16:20,857 [INFO   ] [TRADER] Order 38 filled (42 / 50)
2020-03-22 11:16:20,859 [INFO   ] [TRADER] Position changed to ETF: 13, FUTURE: -13
2020-03-22 11:16:21,357 [INFO   ] [TRADER] Order 38 filled (43 / 50)
2020-03-22 11:16:21,358 [INFO   ] [TRADER] Position changed to ETF: 14, FUTURE: -14
2020-03-22 11:16:21,856 [INFO   ] [TRADER] Order 38 filled (45 / 50)
2020-03-22 11:16:21,857 [INFO   ] [TRADER] Position changed to ETF: 16, FUTURE: -16
2020-03-22 11:16:21,858 [INFO   ] [TRADER] Order 38 filled (46 / 50)
2020-03-22 11:16:21,859 [INFO   ] [TRADER] Position changed to ETF: 17, FUTURE: -17
2020-03-22 11:16:22,106 [INFO   ] [TRADER] Order 37 filled (7 / 50)
2020-03-22 11:16:22,106 [INFO   ] [TRADER] Position changed to ETF: 10, FUTURE: -10
2020-03-22 11:16:22,357 [INFO   ] [TRADER] Order 38 filled (50 / 50)
2020-03-22 11:16:22,357 [INFO   ] [TRADER] Position changed to ETF: 14, FUTURE: -14
2020-03-22 11:16:22,359 [INFO   ] [TRADER] (id: 39) Placing  bid 50 lots for $3412
2020-03-22 11:16:22,361 [INFO   ] [TRADER] Order 39 placed
2020-03-22 11:16:22,607 [INFO   ] [TRADER] Order 37 filled (9 / 50)
2020-03-22 11:16:22,607 [INFO   ] [TRADER] Position changed to ETF: 12, FUTURE: -12
2020-03-22 11:16:24,606 [INFO   ] [TRADER] Order 39 filled (11 / 50)
2020-03-22 11:16:24,606 [INFO   ] [TRADER] Position changed to ETF: 23, FUTURE: -23
2020-03-22 11:16:24,856 [INFO   ] [TRADER] Order 39 filled (27 / 50)
2020-03-22 11:16:24,857 [INFO   ] [TRADER] Position changed to ETF: 39, FUTURE: -39
2020-03-22 11:16:24,857 [INFO   ] [TRADER] Order 37 filled (14 / 50)
2020-03-22 11:16:24,858 [INFO   ] [TRADER] Position changed to ETF: 34, FUTURE: -34
2020-03-22 11:16:24,860 [INFO   ] [TRADER] Cancelling 39
2020-03-22 11:16:24,860 [INFO   ] [TRADER] (id: 40) Placing  bid 6 lots for $3411
2020-03-22 11:16:24,862 [INFO   ] [TRADER] Order 39 filled (27 / 27)
2020-03-22 11:16:24,862 [INFO   ] [TRADER] Order 40 placed
2020-03-22 11:16:25,106 [INFO   ] [TRADER] Order 37 filled (17 / 50)
2020-03-22 11:16:25,107 [INFO   ] [TRADER] Position changed to ETF: 31, FUTURE: -31
