2020-03-25 15:30:05,484 [INFO   ] [APP] exchange started with arguments={run.py}
2020-03-25 15:30:05,484 [INFO   ] [APP] configuration={"Engine":{"MarketDataFile2":"data/day3.csv","MarketDataFile":"/home/darentang/projects/readytraderone/ready_trader_one/data/day5.csv","MatchEventsFile":"/home/darentang/projects/readytraderone/runs/final/Day5/data.csv","Speed":1.0,"TickInterval":0.25},"Execution":{"ListenAddress":"127.0.0.1","Port":12345},"Fees":{"Maker":-0.0001,"Taker":0.0002},"Information":{"AllowBroadcast":false,"Host":"239.255.1.1","Interface":"0.0.0.0","Port":12346},"Instrument":{"EtfClamp":0.002,"TickSize":1.0},"Limits":{"ActiveOrderCountLimit":10,"ActiveVolumeLimit":200,"MessageFrequencyInterval":1.0,"MessageFrequencyLimit":20,"PositionLimit":100},"Traders":{"FusionBot":"12345","AlecBot":"12345","Baseline":"12345","AlecBotV2":"12345","DynamicInventory":"abcde","IgnoreMe":"12345","SusumBot":"12345","Tradies":"12345","NPTrivial":"12345","NowUCMe":"12345","TeamJ":"12345","TeamChank":"12345"}}
2020-03-25 15:30:05,485 [INFO   ] [CONTROLLER] starting the match
2020-03-25 15:30:06,125 [INFO   ] [EXECUTION] fd=17 accepted a new connection: peer=127.0.0.1:48700
2020-03-25 15:30:06,126 [INFO   ] [CONTROLLER] 'TeamChank' is ready!
2020-03-25 15:30:06,126 [INFO   ] [EXECUTION] fd=17 login successful: name='TeamChank'
2020-03-25 15:30:06,129 [INFO   ] [EXECUTION] fd=18 accepted a new connection: peer=127.0.0.1:48702
2020-03-25 15:30:06,130 [INFO   ] [CONTROLLER] 'Tradies' is ready!
2020-03-25 15:30:06,130 [INFO   ] [EXECUTION] fd=18 login successful: name='Tradies'
2020-03-25 15:30:06,132 [INFO   ] [EXECUTION] fd=19 accepted a new connection: peer=127.0.0.1:48704
2020-03-25 15:30:06,133 [INFO   ] [CONTROLLER] 'NPTrivial' is ready!
2020-03-25 15:30:06,133 [INFO   ] [EXECUTION] fd=19 login successful: name='NPTrivial'
2020-03-25 15:30:06,133 [INFO   ] [EXECUTION] fd=20 accepted a new connection: peer=127.0.0.1:48706
2020-03-25 15:30:06,133 [INFO   ] [CONTROLLER] 'SusumBot' is ready!
2020-03-25 15:30:06,133 [INFO   ] [EXECUTION] fd=20 login successful: name='SusumBot'
2020-03-25 15:30:10,501 [INFO   ] [CONTROLLER] market open
2020-03-25 15:32:23,013 [INFO   ] [COMPETITOR] 'Tradies' sent error message: time=132.512081 client_order_id=131 message='order rejected: in cross with an existing order'
2020-03-25 15:32:40,010 [INFO   ] [COMPETITOR] 'Tradies' sent error message: time=149.507347 client_order_id=175 message='order rejected: in cross with an existing order'
2020-03-25 15:32:40,801 [INFO   ] [COMPETITOR] 'Tradies' sent error message: time=150.296513 client_order_id=179 message='order rejected: in cross with an existing order'
2020-03-25 15:32:44,504 [INFO   ] [COMPETITOR] 'NPTrivial' sent error message: time=154.003557 client_order_id=131 message='order rejected: in cross with an existing order'
2020-03-25 15:32:54,011 [INFO   ] [COMPETITOR] 'Tradies' sent error message: time=163.510246 client_order_id=208 message='order rejected: in cross with an existing order'
2020-03-25 15:32:54,784 [INFO   ] [COMPETITOR] 'Tradies' sent error message: time=164.282934 client_order_id=214 message='order rejected: in cross with an existing order'
2020-03-25 15:32:55,018 [INFO   ] [COMPETITOR] 'Tradies' sent error message: time=164.516700 client_order_id=216 message='order rejected: in cross with an existing order'
2020-03-25 15:32:55,018 [INFO   ] [COMPETITOR] 'Tradies' sent error message: time=164.517078 client_order_id=217 message='order rejected: in cross with an existing order'
2020-03-25 15:32:59,258 [INFO   ] [COMPETITOR] 'Tradies' sent error message: time=168.756049 client_order_id=226 message='order rejected: in cross with an existing order'
2020-03-25 15:33:20,009 [INFO   ] [COMPETITOR] 'NPTrivial' sent error message: time=189.508095 client_order_id=223 message='order rejected: in cross with an existing order'
2020-03-25 15:33:23,023 [INFO   ] [COMPETITOR] 'NPTrivial' sent error message: time=192.521724 client_order_id=238 message='order rejected: in cross with an existing order'
2020-03-25 15:33:28,508 [INFO   ] [COMPETITOR] 'NPTrivial' sent error message: time=198.007327 client_order_id=248 message='order rejected: in cross with an existing order'
2020-03-25 15:33:38,753 [INFO   ] [COMPETITOR] 'NPTrivial' sent error message: time=208.252357 client_order_id=280 message='order rejected: in cross with an existing order'
2020-03-25 15:33:46,264 [INFO   ] [COMPETITOR] 'Tradies' sent error message: time=215.763084 client_order_id=381 message='order rejected: in cross with an existing order'
2020-03-25 15:33:48,016 [INFO   ] [COMPETITOR] 'Tradies' sent error message: time=217.514907 client_order_id=395 message='order rejected: in cross with an existing order'
2020-03-25 15:33:49,507 [INFO   ] [COMPETITOR] 'Tradies' sent error message: time=219.006121 client_order_id=405 message='order rejected: in cross with an existing order'
2020-03-25 15:33:50,756 [INFO   ] [COMPETITOR] 'Tradies' sent error message: time=220.255633 client_order_id=411 message='order rejected: in cross with an existing order'
2020-03-25 15:33:51,505 [INFO   ] [COMPETITOR] 'NPTrivial' sent error message: time=221.003991 client_order_id=327 message='order rejected: in cross with an existing order'
2020-03-25 15:34:01,255 [INFO   ] [COMPETITOR] 'Tradies' sent error message: time=230.754567 client_order_id=443 message='order rejected: in cross with an existing order'
2020-03-25 15:34:15,258 [INFO   ] [COMPETITOR] 'Tradies' sent error message: time=244.757431 client_order_id=495 message='order rejected: in cross with an existing order'
2020-03-25 15:34:28,259 [INFO   ] [COMPETITOR] 'NPTrivial' sent error message: time=257.758281 client_order_id=433 message='order rejected: in cross with an existing order'
2020-03-25 15:34:32,034 [INFO   ] [COMPETITOR] 'Tradies' sent error message: time=261.533364 client_order_id=565 message='order rejected: in cross with an existing order'
2020-03-25 15:34:37,520 [INFO   ] [COMPETITOR] 'Tradies' sent error message: time=267.018757 client_order_id=581 message='order rejected: in cross with an existing order'
2020-03-25 15:34:42,005 [INFO   ] [COMPETITOR] 'NPTrivial' sent error message: time=271.504411 client_order_id=480 message='order rejected: in cross with an existing order'
2020-03-25 15:34:42,758 [INFO   ] [COMPETITOR] 'Tradies' sent error message: time=272.257509 client_order_id=612 message='order rejected: in cross with an existing order'
2020-03-25 15:35:05,020 [INFO   ] [COMPETITOR] 'Tradies' sent error message: time=294.519424 client_order_id=691 message='order rejected: in cross with an existing order'
2020-03-25 15:35:06,279 [INFO   ] [COMPETITOR] 'Tradies' sent error message: time=295.778584 client_order_id=695 message='order rejected: in cross with an existing order'
2020-03-25 15:35:11,761 [INFO   ] [COMPETITOR] 'NPTrivial' sent error message: time=301.259906 client_order_id=562 message='order rejected: in cross with an existing order'
2020-03-25 15:35:12,264 [INFO   ] [COMPETITOR] 'NPTrivial' sent error message: time=301.762735 client_order_id=566 message='order rejected: in cross with an existing order'
2020-03-25 15:35:13,260 [INFO   ] [COMPETITOR] 'Tradies' sent error message: time=302.759463 client_order_id=720 message='order rejected: in cross with an existing order'
2020-03-25 15:35:17,771 [INFO   ] [COMPETITOR] 'NPTrivial' sent error message: time=307.269809 client_order_id=584 message='order rejected: in cross with an existing order'
2020-03-25 15:35:37,753 [INFO   ] [COMPETITOR] 'NPTrivial' sent error message: time=327.252464 client_order_id=632 message='order rejected: in cross with an existing order'
2020-03-25 15:35:50,017 [INFO   ] [COMPETITOR] 'NPTrivial' sent error message: time=339.516215 client_order_id=665 message='order rejected: in cross with an existing order'
2020-03-25 15:36:08,756 [INFO   ] [COMPETITOR] 'NPTrivial' sent error message: time=358.255422 client_order_id=705 message='order rejected: in cross with an existing order'
2020-03-25 15:36:09,256 [INFO   ] [COMPETITOR] 'NPTrivial' sent error message: time=358.755111 client_order_id=711 message='order rejected: in cross with an existing order'
2020-03-25 15:37:21,761 [INFO   ] [COMPETITOR] 'NPTrivial' sent error message: time=431.259891 client_order_id=853 message='order rejected: in cross with an existing order'
2020-03-25 15:37:23,010 [INFO   ] [COMPETITOR] 'Tradies' sent error message: time=432.508571 client_order_id=1285 message='order rejected: in cross with an existing order'
2020-03-25 15:37:28,262 [INFO   ] [COMPETITOR] 'Tradies' sent error message: time=437.761666 client_order_id=1297 message='order rejected: in cross with an existing order'
2020-03-25 15:37:35,761 [INFO   ] [COMPETITOR] 'NPTrivial' sent error message: time=445.260565 client_order_id=867 message='order rejected: in cross with an existing order'
2020-03-25 15:37:45,263 [INFO   ] [COMPETITOR] 'NPTrivial' sent error message: time=454.762036 client_order_id=887 message='order rejected: in cross with an existing order'
2020-03-25 15:38:39,763 [INFO   ] [COMPETITOR] 'NPTrivial' sent error message: time=509.262137 client_order_id=1009 message='order rejected: in cross with an existing order'
2020-03-25 15:38:51,509 [INFO   ] [COMPETITOR] 'NPTrivial' sent error message: time=521.008045 client_order_id=1039 message='order rejected: in cross with an existing order'
2020-03-25 15:39:00,253 [INFO   ] [COMPETITOR] 'NPTrivial' sent error message: time=529.752504 client_order_id=1064 message='order rejected: in cross with an existing order'
2020-03-25 15:39:31,767 [INFO   ] [COMPETITOR] 'NPTrivial' sent error message: time=561.265935 client_order_id=1131 message='order rejected: in cross with an existing order'
2020-03-25 15:39:34,004 [INFO   ] [COMPETITOR] 'NPTrivial' sent error message: time=563.503120 client_order_id=1140 message='order rejected: in cross with an existing order'
2020-03-25 15:40:00,446 [INFO   ] [APP] SIGINT signal received - shutting down...
2020-03-25 15:40:00,446 [INFO   ] [APP] closing event loop
