2020-03-12 13:52:15,564 [INFO   ] [APP] fusion started with arguments={run.py}
2020-03-12 13:52:15,564 [INFO   ] [APP] configuration={"Execution":{"Host":"127.0.0.1","Port":12345},"Information":{"AllowBroadcast":false,"Interface":"0.0.0.0","ListenAddress":"239.255.1.1","Port":12346},"TeamName":"FusionBot","Secret":"12345"}
2020-03-12 13:52:20,092 [INFO   ] [TRADER] Placing quotes (1, 2). Bid: 76 @ $3409, Ask: 79 @ $3411
2020-03-12 13:52:20,092 [INFO   ] [TRADER] Placing quotes (3, 4). Bid: 18 @ $3408, Ask: 19 @ $3412
2020-03-12 13:52:20,092 [INFO   ] [TRADER] Active bids: 2, asks 2
2020-03-12 13:52:20,094 [INFO   ] [TRADER] Order 1 inserted
2020-03-12 13:52:20,094 [INFO   ] [TRADER] Order 2 inserted
2020-03-12 13:52:20,094 [INFO   ] [TRADER] Order 3 inserted
2020-03-12 13:52:20,094 [INFO   ] [TRADER] Order 4 inserted
2020-03-12 13:52:21,319 [INFO   ] [TRADER] Timeout
2020-03-12 13:52:21,319 [INFO   ] [TRADER] Cancelling bid 1
2020-03-12 13:52:21,319 [INFO   ] [TRADER] Cancelling bid 3
2020-03-12 13:52:21,319 [INFO   ] [TRADER] Cancelling bid 2
2020-03-12 13:52:21,319 [INFO   ] [TRADER] Cancelling bid 4
2020-03-12 13:52:21,319 [INFO   ] [TRADER] Order 1 cancelled
2020-03-12 13:52:21,319 [INFO   ] [TRADER] Order 3 cancelled
2020-03-12 13:52:21,319 [INFO   ] [TRADER] Order 2 cancelled
2020-03-12 13:52:21,320 [INFO   ] [TRADER] Order 4 cancelled
2020-03-12 13:52:21,570 [INFO   ] [TRADER] Placing quotes (5, 6). Bid: 76 @ $3409, Ask: 79 @ $3410
2020-03-12 13:52:21,570 [INFO   ] [TRADER] Placing quotes (7, 8). Bid: 18 @ $3408, Ask: 19 @ $3411
2020-03-12 13:52:21,570 [INFO   ] [TRADER] Active bids: 2, asks 2
2020-03-12 13:52:21,571 [INFO   ] [TRADER] Order 5 inserted
2020-03-12 13:52:21,571 [INFO   ] [TRADER] Order 6 inserted
2020-03-12 13:52:21,571 [INFO   ] [TRADER] Order 7 inserted
2020-03-12 13:52:21,571 [INFO   ] [TRADER] Order 8 inserted
2020-03-12 13:52:22,819 [INFO   ] [TRADER] Timeout
2020-03-12 13:52:22,820 [INFO   ] [TRADER] Cancelling bid 5
2020-03-12 13:52:22,820 [INFO   ] [TRADER] Cancelling bid 7
2020-03-12 13:52:22,820 [INFO   ] [TRADER] Cancelling bid 6
2020-03-12 13:52:22,820 [INFO   ] [TRADER] Cancelling bid 8
2020-03-12 13:52:22,821 [INFO   ] [TRADER] Order 5 cancelled
2020-03-12 13:52:22,821 [INFO   ] [TRADER] Order 7 cancelled
2020-03-12 13:52:22,821 [INFO   ] [TRADER] Order 6 cancelled
2020-03-12 13:52:22,821 [INFO   ] [TRADER] Order 8 cancelled
2020-03-12 13:52:23,069 [INFO   ] [TRADER] Placing quotes (9, 10). Bid: 76 @ $3409, Ask: 79 @ $3410
2020-03-12 13:52:23,069 [INFO   ] [TRADER] Placing quotes (11, 12). Bid: 18 @ $3408, Ask: 19 @ $3411
2020-03-12 13:52:23,069 [INFO   ] [TRADER] Active bids: 2, asks 2
2020-03-12 13:52:23,070 [INFO   ] [TRADER] Order 9 inserted
2020-03-12 13:52:23,070 [INFO   ] [TRADER] Order 10 inserted
2020-03-12 13:52:23,070 [INFO   ] [TRADER] Order 11 inserted
2020-03-12 13:52:23,070 [INFO   ] [TRADER] Order 12 inserted
2020-03-12 13:52:24,070 [INFO   ] [TRADER] Timeout
2020-03-12 13:52:24,070 [INFO   ] [TRADER] Cancelling bid 9
2020-03-12 13:52:24,070 [INFO   ] [TRADER] Cancelling bid 11
2020-03-12 13:52:24,070 [INFO   ] [TRADER] Cancelling bid 10
2020-03-12 13:52:24,070 [INFO   ] [TRADER] Cancelling bid 12
2020-03-12 13:52:24,071 [INFO   ] [TRADER] Order 9 cancelled
2020-03-12 13:52:24,071 [INFO   ] [TRADER] Order 11 cancelled
2020-03-12 13:52:24,071 [INFO   ] [TRADER] Order 10 cancelled
2020-03-12 13:52:24,071 [INFO   ] [TRADER] Order 12 cancelled
2020-03-12 13:52:24,320 [INFO   ] [TRADER] Placing quotes (13, 14). Bid: 76 @ $3409, Ask: 79 @ $3410
2020-03-12 13:52:24,320 [INFO   ] [TRADER] Placing quotes (15, 16). Bid: 18 @ $3408, Ask: 19 @ $3411
2020-03-12 13:52:24,320 [INFO   ] [TRADER] Active bids: 2, asks 2
2020-03-12 13:52:24,320 [INFO   ] [TRADER] Order 13 inserted
2020-03-12 13:52:24,320 [INFO   ] [TRADER] Order 14 inserted
2020-03-12 13:52:24,320 [INFO   ] [TRADER] Order 15 inserted
2020-03-12 13:52:24,320 [INFO   ] [TRADER] Order 16 inserted
2020-03-12 13:52:25,569 [INFO   ] [TRADER] Order 14 filled (9 / 79)
2020-03-12 13:52:25,570 [INFO   ] [TRADER] Position changed to ETF: -9, FUTURE: 9
2020-03-12 13:52:25,571 [INFO   ] [TRADER] Timeout
2020-03-12 13:52:25,571 [INFO   ] [TRADER] Cancelling bid 13
2020-03-12 13:52:25,571 [INFO   ] [TRADER] Cancelling bid 15
2020-03-12 13:52:25,572 [INFO   ] [TRADER] Cancelling bid 14
2020-03-12 13:52:25,572 [INFO   ] [TRADER] Cancelling bid 16
2020-03-12 13:52:25,573 [INFO   ] [TRADER] Order 13 cancelled
2020-03-12 13:52:25,573 [INFO   ] [TRADER] Order 15 cancelled
2020-03-12 13:52:25,573 [INFO   ] [TRADER] Order 14 cancelled
2020-03-12 13:52:25,573 [INFO   ] [TRADER] Order 16 cancelled
2020-03-12 13:52:25,820 [INFO   ] [TRADER] Placing quotes (17, 18). Bid: 79 @ $3409, Ask: 50 @ $3410
2020-03-12 13:52:25,820 [INFO   ] [TRADER] Placing quotes (19, 20). Bid: 19 @ $3408, Ask: 12 @ $3411
2020-03-12 13:52:25,820 [INFO   ] [TRADER] Active bids: 2, asks 2
2020-03-12 13:52:25,821 [INFO   ] [TRADER] Order 17 inserted
2020-03-12 13:52:25,821 [INFO   ] [TRADER] Order 18 inserted
2020-03-12 13:52:25,822 [INFO   ] [TRADER] Order 19 inserted
2020-03-12 13:52:25,822 [INFO   ] [TRADER] Order 20 inserted
2020-03-12 13:52:26,570 [INFO   ] [TRADER] Order 18 filled (7 / 50)
2020-03-12 13:52:26,570 [INFO   ] [TRADER] Position changed to ETF: -16, FUTURE: 16
2020-03-12 13:52:26,819 [INFO   ] [TRADER] Order 18 filled (10 / 50)
2020-03-12 13:52:26,819 [INFO   ] [TRADER] Position changed to ETF: -19, FUTURE: 19
2020-03-12 13:52:27,069 [INFO   ] [TRADER] Order 18 filled (15 / 50)
2020-03-12 13:52:27,069 [INFO   ] [TRADER] Position changed to ETF: -24, FUTURE: 24
2020-03-12 13:52:27,069 [INFO   ] [TRADER] Timeout
2020-03-12 13:52:27,069 [INFO   ] [TRADER] Cancelling bid 17
2020-03-12 13:52:27,069 [INFO   ] [TRADER] Cancelling bid 19
2020-03-12 13:52:27,069 [INFO   ] [TRADER] Cancelling bid 18
2020-03-12 13:52:27,069 [INFO   ] [TRADER] Cancelling bid 20
2020-03-12 13:52:27,070 [INFO   ] [TRADER] Order 17 cancelled
2020-03-12 13:52:27,070 [INFO   ] [TRADER] Order 19 cancelled
2020-03-12 13:52:27,070 [INFO   ] [TRADER] Order 18 cancelled
2020-03-12 13:52:27,070 [INFO   ] [TRADER] Order 20 cancelled
2020-03-12 13:52:27,319 [INFO   ] [TRADER] Placing quotes (21, 22). Bid: 79 @ $3409, Ask: 23 @ $3410
2020-03-12 13:52:27,319 [INFO   ] [TRADER] Placing quotes (23, 24). Bid: 19 @ $3408, Ask: 5 @ $3411
2020-03-12 13:52:27,319 [INFO   ] [TRADER] Active bids: 2, asks 2
2020-03-12 13:52:27,319 [INFO   ] [TRADER] Order 21 inserted
2020-03-12 13:52:27,319 [INFO   ] [TRADER] Order 22 inserted
2020-03-12 13:52:27,319 [INFO   ] [TRADER] Order 23 inserted
2020-03-12 13:52:27,320 [INFO   ] [TRADER] Order 24 inserted
2020-03-12 13:52:28,321 [INFO   ] [TRADER] Timeout
2020-03-12 13:52:28,321 [INFO   ] [TRADER] Cancelling bid 21
2020-03-12 13:52:28,322 [INFO   ] [TRADER] Cancelling bid 23
2020-03-12 13:52:28,322 [INFO   ] [TRADER] Cancelling bid 22
2020-03-12 13:52:28,322 [INFO   ] [TRADER] Cancelling bid 24
2020-03-12 13:52:28,323 [INFO   ] [TRADER] Order 21 cancelled
2020-03-12 13:52:28,323 [INFO   ] [TRADER] Order 23 cancelled
2020-03-12 13:52:28,323 [INFO   ] [TRADER] Order 22 cancelled
2020-03-12 13:52:28,324 [INFO   ] [TRADER] Order 24 cancelled
2020-03-12 13:52:28,372 [INFO   ] [APP] SIGINT signal received - shutting down...
2020-03-12 13:52:28,372 [INFO   ] [APP] closing event loop
