2020-03-12 11:58:46,277 [INFO   ] [APP] susum started with arguments={run.py}
2020-03-12 11:58:46,277 [INFO   ] [APP] configuration={"Execution":{"Host":"127.0.0.1","Port":12345},"Information":{"AllowBroadcast":false,"Interface":"0.0.0.0","ListenAddress":"239.255.1.1","Port":12346},"TeamName":"SusumBot","Secret":"12345"}
2020-03-12 11:58:50,852 [INFO   ] [TRADER] Placing quotes (1, 2). Bid: 40 @ $3550, Ask: 40 @ $3551
2020-03-12 11:58:50,852 [INFO   ] [TRADER] Placing quotes (3, 4). Bid: 10 @ $3549, Ask: 10 @ $3552
2020-03-12 11:58:50,857 [INFO   ] [TRADER] Order 1 inserted
2020-03-12 11:58:50,858 [INFO   ] [TRADER] Order 2 inserted
2020-03-12 11:58:50,858 [INFO   ] [TRADER] Order 3 inserted
2020-03-12 11:58:50,858 [INFO   ] [TRADER] Order 4 inserted
2020-03-12 11:58:51,534 [INFO   ] [TRADER] Order 2 cancelled
2020-03-12 11:58:51,534 [INFO   ] [TRADER] Position changed to ETF: -40, FUTURE: 40
2020-03-12 11:58:51,534 [INFO   ] [TRADER] Order 4 cancelled
2020-03-12 11:58:51,534 [INFO   ] [TRADER] Position changed to ETF: -50, FUTURE: 50
2020-03-12 11:58:51,782 [INFO   ] [TRADER] Order 1 filled (1 / 40)
2020-03-12 11:58:51,783 [INFO   ] [TRADER] Position changed to ETF: -49, FUTURE: 49
2020-03-12 11:58:52,031 [INFO   ] [TRADER] Timeout
2020-03-12 11:58:52,032 [INFO   ] [TRADER] Cancelling bid 1
2020-03-12 11:58:52,032 [INFO   ] [TRADER] Cancelling bid 3
2020-03-12 11:58:52,032 [INFO   ] [TRADER] Order 1 cancelled
2020-03-12 11:58:52,032 [INFO   ] [TRADER] Order 3 cancelled
2020-03-12 11:58:52,283 [INFO   ] [TRADER] Placing quotes (5, 6). Bid: 40 @ $3552, Ask: 28 @ $3553
2020-03-12 11:58:52,284 [INFO   ] [TRADER] Placing quotes (7, 8). Bid: 10 @ $3551, Ask: 7 @ $3554
2020-03-12 11:58:52,284 [INFO   ] [TRADER] Order 5 inserted
2020-03-12 11:58:52,284 [INFO   ] [TRADER] Order 6 inserted
2020-03-12 11:58:52,285 [INFO   ] [TRADER] Order 7 inserted
2020-03-12 11:58:52,285 [INFO   ] [TRADER] Order 8 inserted
2020-03-12 11:58:52,782 [INFO   ] [TRADER] Order 6 filled (8 / 28)
2020-03-12 11:58:52,782 [INFO   ] [TRADER] Position changed to ETF: -57, FUTURE: 57
2020-03-12 11:58:52,783 [INFO   ] [TRADER] Order 5 filled (3 / 40)
2020-03-12 11:58:52,784 [INFO   ] [TRADER] Position changed to ETF: -54, FUTURE: 54
2020-03-12 11:58:53,032 [INFO   ] [TRADER] Order 6 filled (9 / 28)
2020-03-12 11:58:53,032 [INFO   ] [TRADER] Position changed to ETF: -55, FUTURE: 55
2020-03-12 11:58:53,281 [INFO   ] [TRADER] Order 5 filled (9 / 40)
2020-03-12 11:58:53,282 [INFO   ] [TRADER] Position changed to ETF: -49, FUTURE: 49
2020-03-12 11:58:53,283 [INFO   ] [TRADER] Order 5 filled (10 / 40)
2020-03-12 11:58:53,284 [INFO   ] [TRADER] Position changed to ETF: -48, FUTURE: 48
2020-03-12 11:58:53,285 [INFO   ] [TRADER] Timeout
2020-03-12 11:58:53,286 [INFO   ] [TRADER] Cancelling bid 5
2020-03-12 11:58:53,286 [INFO   ] [TRADER] Cancelling bid 7
2020-03-12 11:58:53,286 [INFO   ] [TRADER] Cancelling bid 6
2020-03-12 11:58:53,286 [INFO   ] [TRADER] Cancelling bid 8
2020-03-12 11:58:53,287 [INFO   ] [TRADER] Order 5 cancelled
2020-03-12 11:58:53,287 [INFO   ] [TRADER] Order 7 cancelled
2020-03-12 11:58:53,287 [INFO   ] [TRADER] Order 6 cancelled
2020-03-12 11:58:53,288 [INFO   ] [TRADER] Order 8 cancelled
2020-03-12 11:58:53,533 [INFO   ] [TRADER] Placing quotes (9, 10). Bid: 40 @ $3552, Ask: 28 @ $3553
2020-03-12 11:58:53,533 [INFO   ] [TRADER] Placing quotes (11, 12). Bid: 10 @ $3551, Ask: 7 @ $3554
2020-03-12 11:58:53,533 [INFO   ] [TRADER] Order 9 inserted
2020-03-12 11:58:53,533 [INFO   ] [TRADER] Order 10 inserted
2020-03-12 11:58:53,533 [INFO   ] [TRADER] Order 11 inserted
2020-03-12 11:58:53,533 [INFO   ] [TRADER] Order 12 inserted
2020-03-12 11:58:54,531 [INFO   ] [TRADER] Order 9 filled (8 / 40)
2020-03-12 11:58:54,531 [INFO   ] [TRADER] Position changed to ETF: -40, FUTURE: 40
2020-03-12 11:58:54,531 [INFO   ] [TRADER] Order 9 filled (9 / 40)
2020-03-12 11:58:54,532 [INFO   ] [TRADER] Position changed to ETF: -39, FUTURE: 39
2020-03-12 11:58:54,532 [INFO   ] [TRADER] Order 9 filled (17 / 40)
2020-03-12 11:58:54,532 [INFO   ] [TRADER] Position changed to ETF: -31, FUTURE: 31
2020-03-12 11:58:54,532 [INFO   ] [TRADER] Order 9 filled (19 / 40)
2020-03-12 11:58:54,532 [INFO   ] [TRADER] Position changed to ETF: -29, FUTURE: 29
2020-03-12 11:58:54,781 [INFO   ] [TRADER] Order 9 filled (31 / 40)
2020-03-12 11:58:54,781 [INFO   ] [TRADER] Position changed to ETF: -17, FUTURE: 17
2020-03-12 11:58:54,781 [INFO   ] [TRADER] Order 9 filled (38 / 40)
2020-03-12 11:58:54,781 [INFO   ] [TRADER] Position changed to ETF: -10, FUTURE: 10
2020-03-12 11:58:54,781 [INFO   ] [TRADER] Timeout
2020-03-12 11:58:54,782 [INFO   ] [TRADER] Cancelling bid 9
2020-03-12 11:58:54,782 [INFO   ] [TRADER] Cancelling bid 11
2020-03-12 11:58:54,782 [INFO   ] [TRADER] Cancelling bid 10
2020-03-12 11:58:54,782 [INFO   ] [TRADER] Cancelling bid 12
2020-03-12 11:58:54,782 [INFO   ] [TRADER] Order 9 cancelled
2020-03-12 11:58:54,782 [INFO   ] [TRADER] Order 11 cancelled
2020-03-12 11:58:54,782 [INFO   ] [TRADER] Order 10 cancelled
2020-03-12 11:58:54,782 [INFO   ] [TRADER] Order 12 cancelled
2020-03-12 11:58:55,031 [INFO   ] [TRADER] Placing quotes (13, 14). Bid: 40 @ $3552, Ask: 37 @ $3553
2020-03-12 11:58:55,031 [INFO   ] [TRADER] Placing quotes (15, 16). Bid: 10 @ $3551, Ask: 9 @ $3554
2020-03-12 11:58:55,031 [INFO   ] [TRADER] Order 13 inserted
2020-03-12 11:58:55,031 [INFO   ] [TRADER] Order 14 inserted
2020-03-12 11:58:55,031 [INFO   ] [TRADER] Order 15 inserted
2020-03-12 11:58:55,032 [INFO   ] [TRADER] Order 16 inserted
2020-03-12 11:58:55,286 [INFO   ] [TRADER] Order 13 filled (35 / 40)
2020-03-12 11:58:55,286 [INFO   ] [TRADER] Position changed to ETF: 25, FUTURE: -25
2020-03-12 11:58:55,531 [INFO   ] [TRADER] Order 14 filled (5 / 37)
2020-03-12 11:58:55,532 [INFO   ] [TRADER] Position changed to ETF: 20, FUTURE: -20
2020-03-12 11:58:55,532 [INFO   ] [TRADER] Order 14 filled (13 / 37)
2020-03-12 11:58:55,533 [INFO   ] [TRADER] Position changed to ETF: 12, FUTURE: -12
2020-03-12 11:58:55,781 [INFO   ] [TRADER] Order 14 filled (14 / 37)
2020-03-12 11:58:55,782 [INFO   ] [TRADER] Position changed to ETF: 11, FUTURE: -11
2020-03-12 11:58:56,031 [INFO   ] [TRADER] Order 13 filled (36 / 40)
2020-03-12 11:58:56,032 [INFO   ] [TRADER] Position changed to ETF: 12, FUTURE: -12
2020-03-12 11:58:56,032 [INFO   ] [TRADER] Timeout
2020-03-12 11:58:56,032 [INFO   ] [TRADER] Cancelling bid 13
2020-03-12 11:58:56,032 [INFO   ] [TRADER] Cancelling bid 15
2020-03-12 11:58:56,032 [INFO   ] [TRADER] Cancelling bid 14
2020-03-12 11:58:56,032 [INFO   ] [TRADER] Cancelling bid 16
2020-03-12 11:58:56,032 [INFO   ] [TRADER] Order 13 cancelled
2020-03-12 11:58:56,032 [INFO   ] [TRADER] Order 15 cancelled
2020-03-12 11:58:56,032 [INFO   ] [TRADER] Order 14 cancelled
2020-03-12 11:58:56,032 [INFO   ] [TRADER] Order 16 cancelled
2020-03-12 11:58:56,282 [INFO   ] [TRADER] Placing quotes (17, 18). Bid: 37 @ $3551, Ask: 40 @ $3552
2020-03-12 11:58:56,282 [INFO   ] [TRADER] Placing quotes (19, 20). Bid: 9 @ $3550, Ask: 10 @ $3553
2020-03-12 11:58:56,282 [INFO   ] [TRADER] Order 17 inserted
2020-03-12 11:58:56,282 [INFO   ] [TRADER] Order 18 inserted
2020-03-12 11:58:56,282 [INFO   ] [TRADER] Order 19 inserted
2020-03-12 11:58:56,282 [INFO   ] [TRADER] Order 20 inserted
2020-03-12 11:58:56,782 [INFO   ] [TRADER] Order 18 filled (1 / 40)
2020-03-12 11:58:56,782 [INFO   ] [TRADER] Position changed to ETF: 11, FUTURE: -11
2020-03-12 11:58:57,031 [INFO   ] [TRADER] Order 18 filled (4 / 40)
2020-03-12 11:58:57,031 [INFO   ] [TRADER] Position changed to ETF: 8, FUTURE: -8
2020-03-12 11:58:57,031 [INFO   ] [TRADER] Order 17 filled (14 / 37)
2020-03-12 11:58:57,031 [INFO   ] [TRADER] Position changed to ETF: 22, FUTURE: -22
2020-03-12 11:58:57,281 [INFO   ] [TRADER] Order 18 filled (9 / 40)
2020-03-12 11:58:57,282 [INFO   ] [TRADER] Position changed to ETF: 17, FUTURE: -17
2020-03-12 11:58:57,283 [INFO   ] [TRADER] Timeout
2020-03-12 11:58:57,283 [INFO   ] [TRADER] Cancelling bid 17
2020-03-12 11:58:57,283 [INFO   ] [TRADER] Cancelling bid 19
2020-03-12 11:58:57,283 [INFO   ] [TRADER] Cancelling bid 18
2020-03-12 11:58:57,284 [INFO   ] [TRADER] Cancelling bid 20
2020-03-12 11:58:57,285 [INFO   ] [TRADER] Order 17 cancelled
2020-03-12 11:58:57,285 [INFO   ] [TRADER] Order 19 cancelled
2020-03-12 11:58:57,285 [INFO   ] [TRADER] Order 18 cancelled
2020-03-12 11:58:57,285 [INFO   ] [TRADER] Order 20 cancelled
2020-03-12 11:58:57,532 [INFO   ] [TRADER] Placing quotes (21, 22). Bid: 36 @ $3551, Ask: 40 @ $3552
2020-03-12 11:58:57,532 [INFO   ] [TRADER] Placing quotes (23, 24). Bid: 9 @ $3550, Ask: 10 @ $3553
2020-03-12 11:58:57,533 [INFO   ] [TRADER] Order 21 inserted
2020-03-12 11:58:57,534 [INFO   ] [TRADER] Order 22 inserted
2020-03-12 11:58:57,534 [INFO   ] [TRADER] Order 23 inserted
2020-03-12 11:58:57,534 [INFO   ] [TRADER] Order 24 inserted
2020-03-12 11:58:58,031 [INFO   ] [TRADER] Order 22 filled (3 / 40)
2020-03-12 11:58:58,031 [INFO   ] [TRADER] Position changed to ETF: 14, FUTURE: -14
2020-03-12 11:58:58,531 [INFO   ] [TRADER] Order 22 filled (11 / 40)
2020-03-12 11:58:58,531 [INFO   ] [TRADER] Position changed to ETF: 6, FUTURE: -6
2020-03-12 11:58:58,781 [INFO   ] [TRADER] Order 22 filled (26 / 40)
2020-03-12 11:58:58,782 [INFO   ] [TRADER] Position changed to ETF: -9, FUTURE: 9
2020-03-12 11:58:58,782 [INFO   ] [TRADER] Timeout
2020-03-12 11:58:58,783 [INFO   ] [TRADER] Cancelling bid 21
2020-03-12 11:58:58,783 [INFO   ] [TRADER] Cancelling bid 23
2020-03-12 11:58:58,783 [INFO   ] [TRADER] Cancelling bid 22
2020-03-12 11:58:58,784 [INFO   ] [TRADER] Cancelling bid 24
2020-03-12 11:58:58,784 [INFO   ] [TRADER] Order 21 cancelled
2020-03-12 11:58:58,784 [INFO   ] [TRADER] Order 23 cancelled
2020-03-12 11:58:58,784 [INFO   ] [TRADER] Order 22 cancelled
2020-03-12 11:58:58,785 [INFO   ] [TRADER] Order 24 cancelled
2020-03-12 11:58:59,034 [INFO   ] [TRADER] Placing quotes (25, 26). Bid: 40 @ $3551, Ask: 37 @ $3552
2020-03-12 11:58:59,034 [INFO   ] [TRADER] Placing quotes (27, 28). Bid: 10 @ $3550, Ask: 9 @ $3553
2020-03-12 11:58:59,035 [INFO   ] [TRADER] Order 25 inserted
2020-03-12 11:58:59,035 [INFO   ] [TRADER] Order 26 inserted
2020-03-12 11:58:59,036 [INFO   ] [TRADER] Order 27 inserted
2020-03-12 11:58:59,036 [INFO   ] [TRADER] Order 28 inserted
2020-03-12 11:58:59,282 [INFO   ] [TRADER] Order 26 filled (5 / 37)
2020-03-12 11:58:59,282 [INFO   ] [TRADER] Position changed to ETF: -14, FUTURE: 14
2020-03-12 11:58:59,533 [INFO   ] [TRADER] Order 26 filled (16 / 37)
2020-03-12 11:58:59,534 [INFO   ] [TRADER] Position changed to ETF: -25, FUTURE: 25
2020-03-12 11:58:59,782 [INFO   ] [TRADER] Order 26 filled (23 / 37)
2020-03-12 11:58:59,783 [INFO   ] [TRADER] Position changed to ETF: -32, FUTURE: 32
2020-03-12 11:58:59,783 [INFO   ] [TRADER] Order 25 filled (2 / 40)
2020-03-12 11:58:59,783 [INFO   ] [TRADER] Position changed to ETF: -30, FUTURE: 30
2020-03-12 11:59:00,032 [INFO   ] [TRADER] Order 26 filled (26 / 37)
2020-03-12 11:59:00,032 [INFO   ] [TRADER] Position changed to ETF: -33, FUTURE: 33
2020-03-12 11:59:00,032 [INFO   ] [TRADER] Order 26 filled (28 / 37)
2020-03-12 11:59:00,033 [INFO   ] [TRADER] Position changed to ETF: -35, FUTURE: 35
2020-03-12 11:59:00,282 [INFO   ] [TRADER] Order 26 filled (29 / 37)
2020-03-12 11:59:00,283 [INFO   ] [TRADER] Position changed to ETF: -36, FUTURE: 36
2020-03-12 11:59:00,285 [INFO   ] [TRADER] Timeout
2020-03-12 11:59:00,285 [INFO   ] [TRADER] Cancelling bid 25
2020-03-12 11:59:00,285 [INFO   ] [TRADER] Cancelling bid 27
2020-03-12 11:59:00,286 [INFO   ] [TRADER] Cancelling bid 26
2020-03-12 11:59:00,286 [INFO   ] [TRADER] Cancelling bid 28
2020-03-12 11:59:00,287 [INFO   ] [TRADER] Order 25 cancelled
2020-03-12 11:59:00,287 [INFO   ] [TRADER] Order 27 cancelled
2020-03-12 11:59:00,287 [INFO   ] [TRADER] Order 26 cancelled
2020-03-12 11:59:00,287 [INFO   ] [TRADER] Order 28 cancelled
2020-03-12 11:59:00,531 [INFO   ] [TRADER] Placing quotes (29, 30). Bid: 40 @ $3551, Ask: 32 @ $3552
2020-03-12 11:59:00,531 [INFO   ] [TRADER] Placing quotes (31, 32). Bid: 10 @ $3550, Ask: 8 @ $3553
2020-03-12 11:59:00,532 [INFO   ] [TRADER] Order 29 inserted
2020-03-12 11:59:00,532 [INFO   ] [TRADER] Order 30 inserted
2020-03-12 11:59:00,532 [INFO   ] [TRADER] Order 31 inserted
2020-03-12 11:59:00,532 [INFO   ] [TRADER] Order 32 inserted
2020-03-12 11:59:00,782 [INFO   ] [TRADER] Order 29 filled (3 / 40)
2020-03-12 11:59:00,782 [INFO   ] [TRADER] Position changed to ETF: -33, FUTURE: 33
2020-03-12 11:59:00,783 [INFO   ] [TRADER] Order 29 filled (6 / 40)
2020-03-12 11:59:00,783 [INFO   ] [TRADER] Position changed to ETF: -30, FUTURE: 30
2020-03-12 11:59:01,531 [INFO   ] [TRADER] Order 29 filled (13 / 40)
2020-03-12 11:59:01,531 [INFO   ] [TRADER] Position changed to ETF: -23, FUTURE: 23
2020-03-12 11:59:01,532 [INFO   ] [TRADER] Timeout
2020-03-12 11:59:01,532 [INFO   ] [TRADER] Cancelling bid 29
2020-03-12 11:59:01,532 [INFO   ] [TRADER] Cancelling bid 31
2020-03-12 11:59:01,532 [INFO   ] [TRADER] Cancelling bid 30
2020-03-12 11:59:01,532 [INFO   ] [TRADER] Cancelling bid 32
2020-03-12 11:59:01,532 [INFO   ] [TRADER] Order 29 cancelled
2020-03-12 11:59:01,532 [INFO   ] [TRADER] Order 31 cancelled
2020-03-12 11:59:01,532 [INFO   ] [TRADER] Order 30 cancelled
2020-03-12 11:59:01,532 [INFO   ] [TRADER] Order 32 cancelled
2020-03-12 11:59:01,782 [INFO   ] [TRADER] Placing quotes (33, 34). Bid: 40 @ $3551, Ask: 35 @ $3552
2020-03-12 11:59:01,782 [INFO   ] [TRADER] Placing quotes (35, 36). Bid: 10 @ $3550, Ask: 8 @ $3553
2020-03-12 11:59:01,783 [INFO   ] [TRADER] Order 33 inserted
2020-03-12 11:59:01,784 [INFO   ] [TRADER] Order 34 inserted
2020-03-12 11:59:01,784 [INFO   ] [TRADER] Order 35 inserted
2020-03-12 11:59:01,785 [INFO   ] [TRADER] Order 36 inserted
2020-03-12 11:59:02,281 [INFO   ] [TRADER] Order 33 filled (10 / 40)
2020-03-12 11:59:02,281 [INFO   ] [TRADER] Position changed to ETF: -13, FUTURE: 13
2020-03-12 11:59:02,531 [INFO   ] [TRADER] Order 33 filled (16 / 40)
2020-03-12 11:59:02,532 [INFO   ] [TRADER] Position changed to ETF: -7, FUTURE: 7
2020-03-12 11:59:02,533 [INFO   ] [TRADER] Order 33 filled (22 / 40)
2020-03-12 11:59:02,533 [INFO   ] [TRADER] Position changed to ETF: -1, FUTURE: 1
2020-03-12 11:59:03,032 [INFO   ] [TRADER] Timeout
2020-03-12 11:59:03,032 [INFO   ] [TRADER] Cancelling bid 33
2020-03-12 11:59:03,032 [INFO   ] [TRADER] Cancelling bid 35
2020-03-12 11:59:03,033 [INFO   ] [TRADER] Cancelling bid 34
2020-03-12 11:59:03,033 [INFO   ] [TRADER] Cancelling bid 36
2020-03-12 11:59:03,034 [INFO   ] [TRADER] Order 33 cancelled
2020-03-12 11:59:03,034 [INFO   ] [TRADER] Order 35 cancelled
2020-03-12 11:59:03,034 [INFO   ] [TRADER] Order 34 cancelled
2020-03-12 11:59:03,035 [INFO   ] [TRADER] Order 36 cancelled
2020-03-12 11:59:03,282 [INFO   ] [TRADER] Placing quotes (37, 38). Bid: 40 @ $3551, Ask: 39 @ $3552
2020-03-12 11:59:03,283 [INFO   ] [TRADER] Placing quotes (39, 40). Bid: 10 @ $3550, Ask: 9 @ $3553
2020-03-12 11:59:03,284 [INFO   ] [TRADER] Order 37 inserted
2020-03-12 11:59:03,284 [INFO   ] [TRADER] Order 38 inserted
2020-03-12 11:59:03,285 [INFO   ] [TRADER] Order 39 inserted
2020-03-12 11:59:03,285 [INFO   ] [TRADER] Order 40 inserted
2020-03-12 11:59:04,031 [INFO   ] [TRADER] Order 38 filled (15 / 39)
2020-03-12 11:59:04,031 [INFO   ] [TRADER] Position changed to ETF: -16, FUTURE: 16
2020-03-12 11:59:04,032 [INFO   ] [TRADER] Order 38 filled (18 / 39)
2020-03-12 11:59:04,032 [INFO   ] [TRADER] Position changed to ETF: -19, FUTURE: 19
2020-03-12 11:59:04,032 [INFO   ] [TRADER] Order 38 filled (21 / 39)
2020-03-12 11:59:04,032 [INFO   ] [TRADER] Position changed to ETF: -22, FUTURE: 22
2020-03-12 11:59:04,281 [INFO   ] [TRADER] Order 37 filled (3 / 40)
2020-03-12 11:59:04,282 [INFO   ] [TRADER] Position changed to ETF: -19, FUTURE: 19
2020-03-12 11:59:04,532 [INFO   ] [TRADER] Order 38 filled (26 / 39)
2020-03-12 11:59:04,532 [INFO   ] [TRADER] Position changed to ETF: -24, FUTURE: 24
2020-03-12 11:59:04,533 [INFO   ] [TRADER] Timeout
2020-03-12 11:59:04,533 [INFO   ] [TRADER] Cancelling bid 37
2020-03-12 11:59:04,534 [INFO   ] [TRADER] Cancelling bid 39
2020-03-12 11:59:04,534 [INFO   ] [TRADER] Cancelling bid 38
2020-03-12 11:59:04,534 [INFO   ] [TRADER] Cancelling bid 40
2020-03-12 11:59:04,535 [INFO   ] [TRADER] Order 37 cancelled
2020-03-12 11:59:04,535 [INFO   ] [TRADER] Order 39 cancelled
2020-03-12 11:59:04,536 [INFO   ] [TRADER] Order 38 cancelled
2020-03-12 11:59:04,536 [INFO   ] [TRADER] Order 40 cancelled
2020-03-12 11:59:04,781 [INFO   ] [TRADER] Placing quotes (41, 42). Bid: 40 @ $3551, Ask: 35 @ $3552
2020-03-12 11:59:04,781 [INFO   ] [TRADER] Placing quotes (43, 44). Bid: 10 @ $3550, Ask: 8 @ $3553
2020-03-12 11:59:04,782 [INFO   ] [TRADER] Order 41 inserted
2020-03-12 11:59:04,782 [INFO   ] [TRADER] Order 42 inserted
2020-03-12 11:59:04,782 [INFO   ] [TRADER] Order 43 inserted
2020-03-12 11:59:04,782 [INFO   ] [TRADER] Order 44 inserted
2020-03-12 11:59:05,786 [INFO   ] [TRADER] Timeout
2020-03-12 11:59:05,786 [INFO   ] [TRADER] Cancelling bid 41
2020-03-12 11:59:05,786 [INFO   ] [TRADER] Cancelling bid 43
2020-03-12 11:59:05,787 [INFO   ] [TRADER] Cancelling bid 42
2020-03-12 11:59:05,787 [INFO   ] [TRADER] Cancelling bid 44
2020-03-12 11:59:05,789 [INFO   ] [TRADER] Order 41 cancelled
2020-03-12 11:59:05,790 [INFO   ] [TRADER] Order 43 cancelled
2020-03-12 11:59:05,790 [INFO   ] [TRADER] Order 42 cancelled
2020-03-12 11:59:05,790 [INFO   ] [TRADER] Order 44 cancelled
2020-03-12 11:59:06,035 [INFO   ] [TRADER] Placing quotes (45, 46). Bid: 40 @ $3551, Ask: 35 @ $3552
2020-03-12 11:59:06,035 [INFO   ] [TRADER] Placing quotes (47, 48). Bid: 10 @ $3550, Ask: 8 @ $3553
2020-03-12 11:59:06,036 [INFO   ] [TRADER] Order 45 inserted
2020-03-12 11:59:06,037 [INFO   ] [TRADER] Order 46 inserted
2020-03-12 11:59:06,037 [INFO   ] [TRADER] Order 47 inserted
2020-03-12 11:59:06,037 [INFO   ] [TRADER] Order 48 inserted
2020-03-12 11:59:06,283 [INFO   ] [TRADER] Order 45 filled (1 / 40)
2020-03-12 11:59:06,283 [INFO   ] [TRADER] Position changed to ETF: -23, FUTURE: 23
2020-03-12 11:59:06,785 [INFO   ] [TRADER] Order 46 filled (33 / 35)
2020-03-12 11:59:06,785 [INFO   ] [TRADER] Position changed to ETF: -56, FUTURE: 56
2020-03-12 11:59:07,031 [INFO   ] [TRADER] Order 46 cancelled
2020-03-12 11:59:07,032 [INFO   ] [TRADER] Position changed to ETF: -58, FUTURE: 58
2020-03-12 11:59:07,282 [INFO   ] [TRADER] Timeout
2020-03-12 11:59:07,282 [INFO   ] [TRADER] Cancelling bid 45
2020-03-12 11:59:07,282 [INFO   ] [TRADER] Cancelling bid 47
2020-03-12 11:59:07,283 [INFO   ] [TRADER] Cancelling bid 48
2020-03-12 11:59:07,283 [INFO   ] [TRADER] Order 45 cancelled
2020-03-12 11:59:07,283 [INFO   ] [TRADER] Order 47 cancelled
2020-03-12 11:59:07,283 [INFO   ] [TRADER] Order 48 cancelled
2020-03-12 11:59:07,532 [INFO   ] [TRADER] Placing quotes (49, 50). Bid: 40 @ $3552, Ask: 21 @ $3553
2020-03-12 11:59:07,532 [INFO   ] [TRADER] Placing quotes (51, 52). Bid: 10 @ $3551, Ask: 5 @ $3554
2020-03-12 11:59:07,533 [INFO   ] [TRADER] Order 49 filled (2 / 40)
2020-03-12 11:59:07,533 [INFO   ] [TRADER] Position changed to ETF: -56, FUTURE: 56
2020-03-12 11:59:07,534 [INFO   ] [TRADER] Order 50 inserted
2020-03-12 11:59:07,534 [INFO   ] [TRADER] Order 51 inserted
2020-03-12 11:59:07,534 [INFO   ] [TRADER] Order 52 inserted
2020-03-12 11:59:07,781 [INFO   ] [TRADER] Order 49 filled (10 / 40)
2020-03-12 11:59:07,781 [INFO   ] [TRADER] Position changed to ETF: -48, FUTURE: 48
2020-03-12 11:59:08,033 [INFO   ] [TRADER] Order 49 filled (11 / 40)
2020-03-12 11:59:08,033 [INFO   ] [TRADER] Position changed to ETF: -47, FUTURE: 47
2020-03-12 11:59:08,037 [INFO   ] [TRADER] Order 49 filled (26 / 40)
2020-03-12 11:59:08,038 [INFO   ] [TRADER] Position changed to ETF: -32, FUTURE: 32
2020-03-12 11:59:08,531 [INFO   ] [TRADER] Order 49 filled (27 / 40)
2020-03-12 11:59:08,531 [INFO   ] [TRADER] Position changed to ETF: -31, FUTURE: 31
2020-03-12 11:59:08,532 [INFO   ] [TRADER] Order 50 filled (10 / 21)
2020-03-12 11:59:08,533 [INFO   ] [TRADER] Position changed to ETF: -41, FUTURE: 41
2020-03-12 11:59:08,533 [INFO   ] [TRADER] Order 49 filled (32 / 40)
2020-03-12 11:59:08,533 [INFO   ] [TRADER] Position changed to ETF: -36, FUTURE: 36
2020-03-12 11:59:08,533 [INFO   ] [TRADER] Timeout
2020-03-12 11:59:08,533 [INFO   ] [TRADER] Cancelling bid 49
2020-03-12 11:59:08,533 [INFO   ] [TRADER] Cancelling bid 51
2020-03-12 11:59:08,533 [INFO   ] [TRADER] Cancelling bid 50
2020-03-12 11:59:08,533 [INFO   ] [TRADER] Cancelling bid 52
2020-03-12 11:59:08,533 [INFO   ] [TRADER] Order 49 cancelled
2020-03-12 11:59:08,533 [INFO   ] [TRADER] Order 51 cancelled
2020-03-12 11:59:08,534 [INFO   ] [TRADER] Order 50 cancelled
2020-03-12 11:59:08,534 [INFO   ] [TRADER] Order 52 cancelled
2020-03-12 11:59:08,782 [INFO   ] [TRADER] Placing quotes (53, 54). Bid: 40 @ $3551, Ask: 32 @ $3552
2020-03-12 11:59:08,782 [INFO   ] [TRADER] Placing quotes (55, 56). Bid: 10 @ $3550, Ask: 8 @ $3553
2020-03-12 11:59:08,782 [INFO   ] [TRADER] Order 53 inserted
2020-03-12 11:59:08,783 [INFO   ] [TRADER] Order 54 inserted
2020-03-12 11:59:08,783 [INFO   ] [TRADER] Order 55 inserted
2020-03-12 11:59:08,783 [INFO   ] [TRADER] Order 56 inserted
2020-03-12 11:59:09,281 [INFO   ] [TRADER] Order 54 filled (5 / 32)
2020-03-12 11:59:09,281 [INFO   ] [TRADER] Position changed to ETF: -41, FUTURE: 41
2020-03-12 11:59:09,532 [INFO   ] [TRADER] Order 53 filled (13 / 40)
2020-03-12 11:59:09,532 [INFO   ] [TRADER] Position changed to ETF: -28, FUTURE: 28
2020-03-12 11:59:09,533 [INFO   ] [TRADER] Order 53 filled (18 / 40)
2020-03-12 11:59:09,534 [INFO   ] [TRADER] Position changed to ETF: -23, FUTURE: 23
2020-03-12 11:59:09,781 [INFO   ] [TRADER] Order 53 filled (34 / 40)
2020-03-12 11:59:09,781 [INFO   ] [TRADER] Position changed to ETF: -7, FUTURE: 7
2020-03-12 11:59:09,781 [INFO   ] [TRADER] Order 53 filled (36 / 40)
2020-03-12 11:59:09,781 [INFO   ] [TRADER] Position changed to ETF: -5, FUTURE: 5
2020-03-12 11:59:09,781 [INFO   ] [TRADER] Order 54 filled (10 / 32)
2020-03-12 11:59:09,781 [INFO   ] [TRADER] Position changed to ETF: -10, FUTURE: 10
2020-03-12 11:59:10,032 [INFO   ] [TRADER] Order 54 filled (11 / 32)
2020-03-12 11:59:10,032 [INFO   ] [TRADER] Position changed to ETF: -11, FUTURE: 11
2020-03-12 11:59:10,033 [INFO   ] [TRADER] Timeout
2020-03-12 11:59:10,033 [INFO   ] [TRADER] Cancelling bid 53
2020-03-12 11:59:10,033 [INFO   ] [TRADER] Cancelling bid 55
2020-03-12 11:59:10,034 [INFO   ] [TRADER] Cancelling bid 54
2020-03-12 11:59:10,034 [INFO   ] [TRADER] Cancelling bid 56
2020-03-12 11:59:10,035 [INFO   ] [TRADER] Order 53 cancelled
2020-03-12 11:59:10,036 [INFO   ] [TRADER] Order 55 cancelled
2020-03-12 11:59:10,036 [INFO   ] [TRADER] Order 54 cancelled
2020-03-12 11:59:10,036 [INFO   ] [TRADER] Order 56 cancelled
2020-03-12 11:59:10,282 [INFO   ] [TRADER] Placing quotes (57, 58). Bid: 40 @ $3551, Ask: 37 @ $3552
2020-03-12 11:59:10,282 [INFO   ] [TRADER] Placing quotes (59, 60). Bid: 10 @ $3550, Ask: 9 @ $3553
2020-03-12 11:59:10,284 [INFO   ] [TRADER] Order 57 inserted
2020-03-12 11:59:10,284 [INFO   ] [TRADER] Order 58 inserted
2020-03-12 11:59:10,284 [INFO   ] [TRADER] Order 59 inserted
2020-03-12 11:59:10,284 [INFO   ] [TRADER] Order 60 inserted
2020-03-12 11:59:10,781 [INFO   ] [TRADER] Order 58 filled (8 / 37)
2020-03-12 11:59:10,782 [INFO   ] [TRADER] Position changed to ETF: -19, FUTURE: 19
2020-03-12 11:59:10,783 [INFO   ] [TRADER] Order 58 filled (16 / 37)
2020-03-12 11:59:10,783 [INFO   ] [TRADER] Position changed to ETF: -27, FUTURE: 27
2020-03-12 11:59:10,785 [INFO   ] [TRADER] Order 58 filled (17 / 37)
2020-03-12 11:59:10,785 [INFO   ] [TRADER] Position changed to ETF: -28, FUTURE: 28
2020-03-12 11:59:11,281 [INFO   ] [TRADER] Order 58 filled (18 / 37)
2020-03-12 11:59:11,281 [INFO   ] [TRADER] Position changed to ETF: -29, FUTURE: 29
2020-03-12 11:59:11,531 [INFO   ] [TRADER] Order 58 filled (22 / 37)
2020-03-12 11:59:11,532 [INFO   ] [TRADER] Position changed to ETF: -33, FUTURE: 33
2020-03-12 11:59:11,533 [INFO   ] [TRADER] Timeout
2020-03-12 11:59:11,533 [INFO   ] [TRADER] Cancelling bid 57
2020-03-12 11:59:11,533 [INFO   ] [TRADER] Cancelling bid 59
2020-03-12 11:59:11,533 [INFO   ] [TRADER] Cancelling bid 58
2020-03-12 11:59:11,534 [INFO   ] [TRADER] Cancelling bid 60
2020-03-12 11:59:11,534 [INFO   ] [TRADER] Order 57 cancelled
2020-03-12 11:59:11,535 [INFO   ] [TRADER] Order 59 cancelled
2020-03-12 11:59:11,535 [INFO   ] [TRADER] Order 58 cancelled
2020-03-12 11:59:11,535 [INFO   ] [TRADER] Order 60 cancelled
2020-03-12 11:59:11,782 [INFO   ] [TRADER] Placing quotes (61, 62). Bid: 40 @ $3551, Ask: 33 @ $3552
2020-03-12 11:59:11,783 [INFO   ] [TRADER] Placing quotes (63, 64). Bid: 10 @ $3550, Ask: 8 @ $3553
2020-03-12 11:59:11,784 [INFO   ] [TRADER] Order 61 inserted
2020-03-12 11:59:11,784 [INFO   ] [TRADER] Order 62 inserted
2020-03-12 11:59:11,784 [INFO   ] [TRADER] Order 63 inserted
2020-03-12 11:59:11,784 [INFO   ] [TRADER] Order 64 inserted
2020-03-12 11:59:12,281 [INFO   ] [TRADER] Order 62 filled (2 / 33)
2020-03-12 11:59:12,282 [INFO   ] [TRADER] Position changed to ETF: -35, FUTURE: 35
2020-03-12 11:59:12,531 [INFO   ] [TRADER] Order 62 filled (14 / 33)
2020-03-12 11:59:12,532 [INFO   ] [TRADER] Position changed to ETF: -47, FUTURE: 47
2020-03-12 11:59:12,532 [INFO   ] [TRADER] Order 62 filled (15 / 33)
2020-03-12 11:59:12,532 [INFO   ] [TRADER] Position changed to ETF: -48, FUTURE: 48
2020-03-12 11:59:12,532 [INFO   ] [TRADER] Order 62 filled (16 / 33)
2020-03-12 11:59:12,533 [INFO   ] [TRADER] Position changed to ETF: -49, FUTURE: 49
2020-03-12 11:59:12,533 [INFO   ] [TRADER] Order 62 filled (19 / 33)
2020-03-12 11:59:12,533 [INFO   ] [TRADER] Position changed to ETF: -52, FUTURE: 52
2020-03-12 11:59:12,781 [INFO   ] [TRADER] Order 62 filled (32 / 33)
2020-03-12 11:59:12,782 [INFO   ] [TRADER] Position changed to ETF: -65, FUTURE: 65
2020-03-12 11:59:12,782 [INFO   ] [TRADER] Order 62 cancelled
2020-03-12 11:59:12,782 [INFO   ] [TRADER] Position changed to ETF: -66, FUTURE: 66
2020-03-12 11:59:12,782 [INFO   ] [TRADER] Order 64 filled (1 / 8)
2020-03-12 11:59:12,782 [INFO   ] [TRADER] Position changed to ETF: -67, FUTURE: 67
2020-03-12 11:59:12,783 [INFO   ] [TRADER] Timeout
2020-03-12 11:59:12,784 [INFO   ] [TRADER] Cancelling bid 61
2020-03-12 11:59:12,784 [INFO   ] [TRADER] Cancelling bid 63
2020-03-12 11:59:12,784 [INFO   ] [TRADER] Cancelling bid 64
2020-03-12 11:59:12,785 [INFO   ] [TRADER] Order 61 cancelled
2020-03-12 11:59:12,785 [INFO   ] [TRADER] Order 63 cancelled
2020-03-12 11:59:12,785 [INFO   ] [TRADER] Order 64 cancelled
2020-03-12 11:59:13,034 [INFO   ] [TRADER] Placing quotes (65, 66). Bid: 40 @ $3552, Ask: 16 @ $3553
2020-03-12 11:59:13,035 [INFO   ] [TRADER] Placing quotes (67, 68). Bid: 10 @ $3551, Ask: 4 @ $3554
2020-03-12 11:59:13,037 [INFO   ] [TRADER] Order 65 filled (2 / 40)
2020-03-12 11:59:13,037 [INFO   ] [TRADER] Position changed to ETF: -65, FUTURE: 65
2020-03-12 11:59:13,037 [INFO   ] [TRADER] Order 66 inserted
2020-03-12 11:59:13,038 [INFO   ] [TRADER] Order 67 inserted
2020-03-12 11:59:13,038 [INFO   ] [TRADER] Order 68 inserted
2020-03-12 11:59:13,282 [INFO   ] [TRADER] Order 66 filled (1 / 16)
2020-03-12 11:59:13,282 [INFO   ] [TRADER] Position changed to ETF: -66, FUTURE: 66
2020-03-12 11:59:13,531 [INFO   ] [TRADER] Order 66 filled (8 / 16)
2020-03-12 11:59:13,531 [INFO   ] [TRADER] Position changed to ETF: -73, FUTURE: 73
2020-03-12 11:59:13,781 [INFO   ] [TRADER] Order 66 filled (11 / 16)
2020-03-12 11:59:13,782 [INFO   ] [TRADER] Position changed to ETF: -76, FUTURE: 76
2020-03-12 11:59:14,032 [INFO   ] [TRADER] Order 66 filled (13 / 16)
2020-03-12 11:59:14,033 [INFO   ] [TRADER] Position changed to ETF: -78, FUTURE: 78
2020-03-12 11:59:14,283 [INFO   ] [TRADER] Order 66 cancelled
2020-03-12 11:59:14,284 [INFO   ] [TRADER] Position changed to ETF: -81, FUTURE: 81
2020-03-12 11:59:14,285 [INFO   ] [TRADER] Timeout
2020-03-12 11:59:14,286 [INFO   ] [TRADER] Cancelling bid 65
2020-03-12 11:59:14,286 [INFO   ] [TRADER] Cancelling bid 67
2020-03-12 11:59:14,286 [INFO   ] [TRADER] Cancelling bid 68
2020-03-12 11:59:14,287 [INFO   ] [TRADER] Order 65 cancelled
2020-03-12 11:59:14,287 [INFO   ] [TRADER] Position changed to ETF: -43, FUTURE: 43
2020-03-12 11:59:14,288 [INFO   ] [TRADER] Order 67 cancelled
2020-03-12 11:59:14,288 [INFO   ] [TRADER] Order 68 cancelled
2020-03-12 11:59:14,531 [INFO   ] [TRADER] Placing quotes (69, 70). Bid: 40 @ $3551, Ask: 32 @ $3552
2020-03-12 11:59:14,531 [INFO   ] [TRADER] Placing quotes (71, 72). Bid: 10 @ $3550, Ask: 8 @ $3553
2020-03-12 11:59:14,532 [INFO   ] [TRADER] Order 69 inserted
2020-03-12 11:59:14,532 [INFO   ] [TRADER] Order 70 inserted
2020-03-12 11:59:14,532 [INFO   ] [TRADER] Order 71 inserted
2020-03-12 11:59:14,532 [INFO   ] [TRADER] Order 72 inserted
2020-03-12 11:59:15,031 [INFO   ] [TRADER] Order 70 filled (7 / 32)
2020-03-12 11:59:15,031 [INFO   ] [TRADER] Position changed to ETF: -50, FUTURE: 50
2020-03-12 11:59:15,031 [INFO   ] [TRADER] Order 70 filled (12 / 32)
2020-03-12 11:59:15,031 [INFO   ] [TRADER] Position changed to ETF: -55, FUTURE: 55
2020-03-12 11:59:15,282 [INFO   ] [TRADER] Order 70 filled (15 / 32)
2020-03-12 11:59:15,283 [INFO   ] [TRADER] Position changed to ETF: -58, FUTURE: 58
2020-03-12 11:59:15,532 [INFO   ] [TRADER] Order 69 filled (10 / 40)
2020-03-12 11:59:15,532 [INFO   ] [TRADER] Position changed to ETF: -48, FUTURE: 48
2020-03-12 11:59:15,533 [INFO   ] [TRADER] Order 69 filled (26 / 40)
2020-03-12 11:59:15,533 [INFO   ] [TRADER] Position changed to ETF: -32, FUTURE: 32
2020-03-12 11:59:15,534 [INFO   ] [TRADER] Timeout
2020-03-12 11:59:15,534 [INFO   ] [TRADER] Cancelling bid 69
2020-03-12 11:59:15,534 [INFO   ] [TRADER] Cancelling bid 71
2020-03-12 11:59:15,534 [INFO   ] [TRADER] Cancelling bid 70
2020-03-12 11:59:15,534 [INFO   ] [TRADER] Cancelling bid 72
2020-03-12 11:59:15,535 [INFO   ] [TRADER] Order 69 cancelled
2020-03-12 11:59:15,536 [INFO   ] [TRADER] Order 71 cancelled
2020-03-12 11:59:15,536 [INFO   ] [TRADER] Order 70 cancelled
2020-03-12 11:59:15,536 [INFO   ] [TRADER] Order 72 cancelled
2020-03-12 11:59:15,781 [INFO   ] [TRADER] Placing quotes (73, 74). Bid: 40 @ $3551, Ask: 33 @ $3552
2020-03-12 11:59:15,781 [INFO   ] [TRADER] Placing quotes (75, 76). Bid: 10 @ $3550, Ask: 8 @ $3553
2020-03-12 11:59:15,782 [INFO   ] [TRADER] Order 73 inserted
2020-03-12 11:59:15,782 [INFO   ] [TRADER] Order 74 inserted
2020-03-12 11:59:15,782 [INFO   ] [TRADER] Order 75 inserted
2020-03-12 11:59:15,782 [INFO   ] [TRADER] Order 76 inserted
2020-03-12 11:59:16,781 [INFO   ] [TRADER] Order 74 filled (14 / 33)
2020-03-12 11:59:16,781 [INFO   ] [TRADER] Position changed to ETF: -46, FUTURE: 46
2020-03-12 11:59:16,781 [INFO   ] [TRADER] Order 74 filled (15 / 33)
2020-03-12 11:59:16,781 [INFO   ] [TRADER] Position changed to ETF: -47, FUTURE: 47
2020-03-12 11:59:17,031 [INFO   ] [TRADER] Order 74 filled (28 / 33)
2020-03-12 11:59:17,032 [INFO   ] [TRADER] Position changed to ETF: -60, FUTURE: 60
2020-03-12 11:59:17,032 [INFO   ] [TRADER] Timeout
2020-03-12 11:59:17,032 [INFO   ] [TRADER] Cancelling bid 73
2020-03-12 11:59:17,032 [INFO   ] [TRADER] Cancelling bid 75
2020-03-12 11:59:17,032 [INFO   ] [TRADER] Cancelling bid 74
2020-03-12 11:59:17,032 [INFO   ] [TRADER] Cancelling bid 76
2020-03-12 11:59:17,033 [INFO   ] [TRADER] Order 73 cancelled
2020-03-12 11:59:17,033 [INFO   ] [TRADER] Order 75 cancelled
2020-03-12 11:59:17,033 [INFO   ] [TRADER] Order 74 cancelled
2020-03-12 11:59:17,033 [INFO   ] [TRADER] Order 76 cancelled
2020-03-12 11:59:17,282 [INFO   ] [TRADER] Placing quotes (77, 78). Bid: 40 @ $3551, Ask: 20 @ $3552
2020-03-12 11:59:17,283 [INFO   ] [TRADER] Placing quotes (79, 80). Bid: 10 @ $3550, Ask: 5 @ $3553
2020-03-12 11:59:17,284 [INFO   ] [TRADER] Order 77 inserted
2020-03-12 11:59:17,284 [INFO   ] [TRADER] Order 78 inserted
2020-03-12 11:59:17,284 [INFO   ] [TRADER] Order 79 inserted
2020-03-12 11:59:17,284 [INFO   ] [TRADER] Order 80 inserted
2020-03-12 11:59:17,781 [INFO   ] [TRADER] Order 78 filled (5 / 20)
2020-03-12 11:59:17,782 [INFO   ] [TRADER] Position changed to ETF: -65, FUTURE: 65
2020-03-12 11:59:17,782 [INFO   ] [TRADER] Order 77 filled (13 / 40)
2020-03-12 11:59:17,782 [INFO   ] [TRADER] Position changed to ETF: -52, FUTURE: 52
2020-03-12 11:59:18,281 [INFO   ] [TRADER] Order 78 filled (16 / 20)
2020-03-12 11:59:18,281 [INFO   ] [TRADER] Position changed to ETF: -63, FUTURE: 63
2020-03-12 11:59:18,531 [INFO   ] [TRADER] Order 77 filled (16 / 40)
2020-03-12 11:59:18,531 [INFO   ] [TRADER] Position changed to ETF: -60, FUTURE: 60
2020-03-12 11:59:18,532 [INFO   ] [TRADER] Order 78 cancelled
2020-03-12 11:59:18,532 [INFO   ] [TRADER] Position changed to ETF: -64, FUTURE: 64
2020-03-12 11:59:18,532 [INFO   ] [TRADER] Order 77 filled (18 / 40)
2020-03-12 11:59:18,533 [INFO   ] [TRADER] Position changed to ETF: -62, FUTURE: 62
2020-03-12 11:59:18,533 [INFO   ] [TRADER] Timeout
2020-03-12 11:59:18,533 [INFO   ] [TRADER] Cancelling bid 77
2020-03-12 11:59:18,533 [INFO   ] [TRADER] Cancelling bid 79
2020-03-12 11:59:18,533 [INFO   ] [TRADER] Cancelling bid 80
2020-03-12 11:59:18,533 [INFO   ] [TRADER] Order 77 cancelled
2020-03-12 11:59:18,533 [INFO   ] [TRADER] Order 79 cancelled
2020-03-12 11:59:18,534 [INFO   ] [TRADER] Order 80 cancelled
2020-03-12 11:59:18,782 [INFO   ] [TRADER] Placing quotes (81, 82). Bid: 40 @ $3551, Ask: 19 @ $3552
2020-03-12 11:59:18,783 [INFO   ] [TRADER] Placing quotes (83, 84). Bid: 10 @ $3550, Ask: 4 @ $3553
2020-03-12 11:59:18,784 [INFO   ] [TRADER] Order 81 inserted
2020-03-12 11:59:18,784 [INFO   ] [TRADER] Order 82 inserted
2020-03-12 11:59:18,784 [INFO   ] [TRADER] Order 83 inserted
2020-03-12 11:59:18,784 [INFO   ] [TRADER] Order 84 inserted
2020-03-12 11:59:19,281 [INFO   ] [TRADER] Order 81 filled (2 / 40)
2020-03-12 11:59:19,281 [INFO   ] [TRADER] Position changed to ETF: -60, FUTURE: 60
2020-03-12 11:59:19,532 [INFO   ] [TRADER] Order 81 filled (3 / 40)
2020-03-12 11:59:19,533 [INFO   ] [TRADER] Position changed to ETF: -59, FUTURE: 59
2020-03-12 11:59:20,032 [INFO   ] [TRADER] Order 81 filled (5 / 40)
2020-03-12 11:59:20,032 [INFO   ] [TRADER] Position changed to ETF: -57, FUTURE: 57
2020-03-12 11:59:20,033 [INFO   ] [TRADER] Order 81 filled (9 / 40)
2020-03-12 11:59:20,033 [INFO   ] [TRADER] Position changed to ETF: -53, FUTURE: 53
2020-03-12 11:59:20,035 [INFO   ] [TRADER] Order 82 filled (4 / 19)
2020-03-12 11:59:20,036 [INFO   ] [TRADER] Position changed to ETF: -57, FUTURE: 57
2020-03-12 11:59:20,037 [INFO   ] [TRADER] Timeout
2020-03-12 11:59:20,037 [INFO   ] [TRADER] Cancelling bid 81
2020-03-12 11:59:20,037 [INFO   ] [TRADER] Cancelling bid 83
2020-03-12 11:59:20,038 [INFO   ] [TRADER] Cancelling bid 82
2020-03-12 11:59:20,038 [INFO   ] [TRADER] Cancelling bid 84
2020-03-12 11:59:20,038 [INFO   ] [TRADER] Order 81 cancelled
2020-03-12 11:59:20,039 [INFO   ] [TRADER] Order 83 cancelled
2020-03-12 11:59:20,039 [INFO   ] [TRADER] Order 82 cancelled
2020-03-12 11:59:20,039 [INFO   ] [TRADER] Order 84 cancelled
2020-03-12 11:59:20,282 [INFO   ] [TRADER] Placing quotes (85, 86). Bid: 40 @ $3551, Ask: 22 @ $3552
2020-03-12 11:59:20,283 [INFO   ] [TRADER] Placing quotes (87, 88). Bid: 10 @ $3550, Ask: 5 @ $3553
2020-03-12 11:59:20,284 [INFO   ] [TRADER] Order 85 inserted
2020-03-12 11:59:20,284 [INFO   ] [TRADER] Order 86 inserted
2020-03-12 11:59:20,284 [INFO   ] [TRADER] Order 87 inserted
2020-03-12 11:59:20,284 [INFO   ] [TRADER] Order 88 inserted
2020-03-12 11:59:21,031 [INFO   ] [TRADER] Order 85 filled (2 / 40)
2020-03-12 11:59:21,031 [INFO   ] [TRADER] Position changed to ETF: -55, FUTURE: 55
2020-03-12 11:59:21,031 [INFO   ] [TRADER] Order 86 filled (11 / 22)
2020-03-12 11:59:21,031 [INFO   ] [TRADER] Position changed to ETF: -66, FUTURE: 66
2020-03-12 11:59:21,286 [INFO   ] [TRADER] Order 86 cancelled
2020-03-12 11:59:21,288 [INFO   ] [TRADER] Position changed to ETF: -77, FUTURE: 77
2020-03-12 11:59:21,288 [INFO   ] [TRADER] Order 88 filled (3 / 5)
2020-03-12 11:59:21,288 [INFO   ] [TRADER] Position changed to ETF: -80, FUTURE: 80
2020-03-12 11:59:21,289 [INFO   ] [TRADER] Timeout
2020-03-12 11:59:21,289 [INFO   ] [TRADER] Cancelling bid 85
2020-03-12 11:59:21,289 [INFO   ] [TRADER] Cancelling bid 87
2020-03-12 11:59:21,289 [INFO   ] [TRADER] Cancelling bid 88
2020-03-12 11:59:21,290 [INFO   ] [TRADER] Order 85 cancelled
2020-03-12 11:59:21,290 [INFO   ] [TRADER] Order 87 cancelled
2020-03-12 11:59:21,290 [INFO   ] [TRADER] Order 88 cancelled
2020-03-12 11:59:21,531 [INFO   ] [TRADER] Placing quotes (89, 90). Bid: 40 @ $3551, Ask: 8 @ $3552
2020-03-12 11:59:21,531 [INFO   ] [TRADER] Placing quotes (91, 92). Bid: 10 @ $3550, Ask: 2 @ $3553
2020-03-12 11:59:21,531 [INFO   ] [TRADER] Order 89 inserted
2020-03-12 11:59:21,531 [INFO   ] [TRADER] Order 90 inserted
2020-03-12 11:59:21,531 [INFO   ] [TRADER] Order 91 inserted
2020-03-12 11:59:21,531 [INFO   ] [TRADER] Order 92 inserted
2020-03-12 11:59:22,281 [INFO   ] [TRADER] Order 89 filled (12 / 40)
2020-03-12 11:59:22,281 [INFO   ] [TRADER] Position changed to ETF: -68, FUTURE: 68
2020-03-12 11:59:22,781 [INFO   ] [TRADER] Order 90 filled (4 / 8)
2020-03-12 11:59:22,782 [INFO   ] [TRADER] Position changed to ETF: -72, FUTURE: 72
2020-03-12 11:59:22,783 [INFO   ] [TRADER] Order 90 cancelled
2020-03-12 11:59:22,783 [INFO   ] [TRADER] Position changed to ETF: -76, FUTURE: 76
2020-03-12 11:59:22,783 [INFO   ] [TRADER] Order 92 cancelled
2020-03-12 11:59:22,785 [INFO   ] [TRADER] Position changed to ETF: -78, FUTURE: 78
2020-03-12 11:59:22,785 [INFO   ] [TRADER] Order 89 filled (21 / 40)
2020-03-12 11:59:22,785 [INFO   ] [TRADER] Position changed to ETF: -69, FUTURE: 69
2020-03-12 11:59:22,786 [INFO   ] [TRADER] Timeout
2020-03-12 11:59:22,786 [INFO   ] [TRADER] Cancelling bid 89
2020-03-12 11:59:22,786 [INFO   ] [TRADER] Cancelling bid 91
2020-03-12 11:59:22,787 [INFO   ] [TRADER] Order 89 cancelled
2020-03-12 11:59:22,787 [INFO   ] [TRADER] Order 91 cancelled
2020-03-12 11:59:23,031 [INFO   ] [TRADER] Placing quotes (93, 94). Bid: 40 @ $3551, Ask: 14 @ $3552
2020-03-12 11:59:23,031 [INFO   ] [TRADER] Placing quotes (95, 96). Bid: 10 @ $3550, Ask: 3 @ $3553
2020-03-12 11:59:23,031 [INFO   ] [TRADER] Order 93 inserted
2020-03-12 11:59:23,032 [INFO   ] [TRADER] Order 94 inserted
2020-03-12 11:59:23,032 [INFO   ] [TRADER] Order 95 inserted
2020-03-12 11:59:23,032 [INFO   ] [TRADER] Order 96 inserted
2020-03-12 11:59:24,031 [INFO   ] [TRADER] Order 94 filled (10 / 14)
2020-03-12 11:59:24,031 [INFO   ] [TRADER] Position changed to ETF: -79, FUTURE: 79
2020-03-12 11:59:24,282 [INFO   ] [TRADER] Order 93 filled (9 / 40)
2020-03-12 11:59:24,283 [INFO   ] [TRADER] Position changed to ETF: -70, FUTURE: 70
2020-03-12 11:59:24,283 [INFO   ] [TRADER] Order 94 cancelled
2020-03-12 11:59:24,284 [INFO   ] [TRADER] Position changed to ETF: -74, FUTURE: 74
2020-03-12 11:59:24,285 [INFO   ] [TRADER] Timeout
2020-03-12 11:59:24,285 [INFO   ] [TRADER] Cancelling bid 93
2020-03-12 11:59:24,286 [INFO   ] [TRADER] Cancelling bid 95
2020-03-12 11:59:24,286 [INFO   ] [TRADER] Cancelling bid 96
2020-03-12 11:59:24,286 [INFO   ] [TRADER] Order 93 cancelled
2020-03-12 11:59:24,286 [INFO   ] [TRADER] Order 95 cancelled
2020-03-12 11:59:24,286 [INFO   ] [TRADER] Order 96 cancelled
2020-03-12 11:59:24,533 [INFO   ] [TRADER] Placing quotes (97, 98). Bid: 40 @ $3551, Ask: 11 @ $3552
2020-03-12 11:59:24,534 [INFO   ] [TRADER] Placing quotes (99, 100). Bid: 10 @ $3550, Ask: 2 @ $3553
2020-03-12 11:59:24,536 [INFO   ] [TRADER] Order 97 inserted
2020-03-12 11:59:24,536 [INFO   ] [TRADER] Order 98 inserted
2020-03-12 11:59:24,536 [INFO   ] [TRADER] Order 99 inserted
2020-03-12 11:59:24,536 [INFO   ] [TRADER] Order 100 inserted
2020-03-12 11:59:25,031 [INFO   ] [TRADER] Order 97 filled (11 / 40)
2020-03-12 11:59:25,031 [INFO   ] [TRADER] Position changed to ETF: -63, FUTURE: 63
2020-03-12 11:59:25,282 [INFO   ] [TRADER] Order 97 filled (18 / 40)
2020-03-12 11:59:25,283 [INFO   ] [TRADER] Position changed to ETF: -56, FUTURE: 56
2020-03-12 11:59:25,285 [INFO   ] [TRADER] Order 98 cancelled
2020-03-12 11:59:25,286 [INFO   ] [TRADER] Position changed to ETF: -67, FUTURE: 67
2020-03-12 11:59:25,533 [INFO   ] [TRADER] Order 100 cancelled
2020-03-12 11:59:25,534 [INFO   ] [TRADER] Position changed to ETF: -69, FUTURE: 69
2020-03-12 11:59:25,536 [INFO   ] [TRADER] Timeout
2020-03-12 11:59:25,536 [INFO   ] [TRADER] Cancelling bid 97
2020-03-12 11:59:25,536 [INFO   ] [TRADER] Cancelling bid 99
2020-03-12 11:59:25,537 [INFO   ] [TRADER] Order 97 cancelled
2020-03-12 11:59:25,537 [INFO   ] [TRADER] Order 99 cancelled
2020-03-12 11:59:25,782 [INFO   ] [TRADER] Placing quotes (101, 102). Bid: 40 @ $3552, Ask: 14 @ $3553
2020-03-12 11:59:25,782 [INFO   ] [TRADER] Placing quotes (103, 104). Bid: 10 @ $3551, Ask: 3 @ $3554
2020-03-12 11:59:25,783 [INFO   ] [TRADER] Order 101 inserted
2020-03-12 11:59:25,784 [INFO   ] [TRADER] Order 102 inserted
2020-03-12 11:59:25,784 [INFO   ] [TRADER] Order 103 inserted
2020-03-12 11:59:25,784 [INFO   ] [TRADER] Order 104 inserted
2020-03-12 11:59:26,282 [INFO   ] [TRADER] Order 101 filled (5 / 40)
2020-03-12 11:59:26,282 [INFO   ] [TRADER] Position changed to ETF: -64, FUTURE: 64
2020-03-12 11:59:26,781 [INFO   ] [TRADER] Order 102 filled (10 / 14)
2020-03-12 11:59:26,781 [INFO   ] [TRADER] Position changed to ETF: -74, FUTURE: 74
2020-03-12 11:59:26,781 [INFO   ] [TRADER] Order 101 filled (10 / 40)
2020-03-12 11:59:26,781 [INFO   ] [TRADER] Position changed to ETF: -69, FUTURE: 69
2020-03-12 11:59:27,031 [INFO   ] [TRADER] Timeout
2020-03-12 11:59:27,032 [INFO   ] [TRADER] Cancelling bid 101
2020-03-12 11:59:27,032 [INFO   ] [TRADER] Cancelling bid 103
2020-03-12 11:59:27,032 [INFO   ] [TRADER] Cancelling bid 102
2020-03-12 11:59:27,032 [INFO   ] [TRADER] Cancelling bid 104
2020-03-12 11:59:27,032 [INFO   ] [TRADER] Order 101 cancelled
2020-03-12 11:59:27,032 [INFO   ] [TRADER] Order 103 cancelled
2020-03-12 11:59:27,032 [INFO   ] [TRADER] Order 102 cancelled
2020-03-12 11:59:27,032 [INFO   ] [TRADER] Order 104 cancelled
2020-03-12 11:59:27,282 [INFO   ] [TRADER] Placing quotes (105, 106). Bid: 40 @ $3552, Ask: 14 @ $3553
2020-03-12 11:59:27,282 [INFO   ] [TRADER] Placing quotes (107, 108). Bid: 10 @ $3551, Ask: 3 @ $3554
2020-03-12 11:59:27,282 [INFO   ] [TRADER] Order 105 inserted
2020-03-12 11:59:27,282 [INFO   ] [TRADER] Order 106 inserted
2020-03-12 11:59:27,282 [INFO   ] [TRADER] Order 107 inserted
2020-03-12 11:59:27,282 [INFO   ] [TRADER] Order 108 inserted
2020-03-12 11:59:28,031 [INFO   ] [TRADER] Order 106 cancelled
2020-03-12 11:59:28,031 [INFO   ] [TRADER] Position changed to ETF: -83, FUTURE: 83
2020-03-12 11:59:28,031 [INFO   ] [TRADER] Order 105 filled (4 / 40)
2020-03-12 11:59:28,031 [INFO   ] [TRADER] Position changed to ETF: -79, FUTURE: 79
2020-03-12 11:59:28,031 [INFO   ] [TRADER] Order 105 filled (5 / 40)
2020-03-12 11:59:28,032 [INFO   ] [TRADER] Position changed to ETF: -78, FUTURE: 78
2020-03-12 11:59:28,283 [INFO   ] [TRADER] Timeout
2020-03-12 11:59:28,284 [INFO   ] [TRADER] Cancelling bid 105
2020-03-12 11:59:28,284 [INFO   ] [TRADER] Cancelling bid 107
2020-03-12 11:59:28,284 [INFO   ] [TRADER] Cancelling bid 108
2020-03-12 11:59:28,286 [INFO   ] [TRADER] Order 105 cancelled
2020-03-12 11:59:28,287 [INFO   ] [TRADER] Order 107 cancelled
2020-03-12 11:59:28,287 [INFO   ] [TRADER] Order 108 cancelled
2020-03-12 11:59:28,534 [INFO   ] [TRADER] Placing quotes (109, 110). Bid: 40 @ $3552, Ask: 8 @ $3553
2020-03-12 11:59:28,534 [INFO   ] [TRADER] Placing quotes (111, 112). Bid: 10 @ $3551, Ask: 2 @ $3554
2020-03-12 11:59:28,536 [INFO   ] [TRADER] Order 109 inserted
2020-03-12 11:59:28,536 [INFO   ] [TRADER] Order 110 inserted
2020-03-12 11:59:28,536 [INFO   ] [TRADER] Order 111 inserted
2020-03-12 11:59:28,536 [INFO   ] [TRADER] Order 112 inserted
2020-03-12 11:59:28,782 [INFO   ] [TRADER] Order 110 cancelled
2020-03-12 11:59:28,783 [INFO   ] [TRADER] Position changed to ETF: -86, FUTURE: 86
2020-03-12 11:59:29,783 [INFO   ] [TRADER] Timeout
2020-03-12 11:59:29,783 [INFO   ] [TRADER] Cancelling bid 109
2020-03-12 11:59:29,783 [INFO   ] [TRADER] Cancelling bid 111
2020-03-12 11:59:29,783 [INFO   ] [TRADER] Cancelling bid 112
2020-03-12 11:59:29,784 [INFO   ] [TRADER] Order 109 cancelled
2020-03-12 11:59:29,784 [INFO   ] [TRADER] Order 111 cancelled
2020-03-12 11:59:29,784 [INFO   ] [TRADER] Order 112 cancelled
2020-03-12 11:59:30,036 [INFO   ] [TRADER] Placing quotes (113, 114). Bid: 40 @ $3552, Ask: 4 @ $3553
2020-03-12 11:59:30,036 [INFO   ] [TRADER] Placing quotes (115, 116). Bid: 10 @ $3551, Ask: 1 @ $3554
2020-03-12 11:59:30,037 [INFO   ] [TRADER] Order 113 inserted
2020-03-12 11:59:30,037 [INFO   ] [TRADER] Order 114 inserted
2020-03-12 11:59:30,037 [INFO   ] [TRADER] Order 115 inserted
2020-03-12 11:59:30,038 [INFO   ] [TRADER] Order 116 inserted
2020-03-12 11:59:30,282 [INFO   ] [TRADER] Order 114 cancelled
2020-03-12 11:59:30,282 [INFO   ] [TRADER] Position changed to ETF: -90, FUTURE: 90
2020-03-12 11:59:30,282 [INFO   ] [TRADER] Order 113 filled (7 / 40)
2020-03-12 11:59:30,282 [INFO   ] [TRADER] Position changed to ETF: -83, FUTURE: 83
2020-03-12 11:59:31,282 [INFO   ] [TRADER] Order 113 filled (14 / 40)
2020-03-12 11:59:31,282 [INFO   ] [TRADER] Position changed to ETF: -76, FUTURE: 76
2020-03-12 11:59:31,283 [INFO   ] [TRADER] Timeout
2020-03-12 11:59:31,283 [INFO   ] [TRADER] Cancelling bid 113
2020-03-12 11:59:31,284 [INFO   ] [TRADER] Cancelling bid 115
2020-03-12 11:59:31,284 [INFO   ] [TRADER] Cancelling bid 116
2020-03-12 11:59:31,285 [INFO   ] [TRADER] Order 113 cancelled
2020-03-12 11:59:31,285 [INFO   ] [TRADER] Order 115 cancelled
2020-03-12 11:59:31,285 [INFO   ] [TRADER] Order 116 cancelled
2020-03-12 11:59:31,533 [INFO   ] [TRADER] Placing quotes (117, 118). Bid: 40 @ $3553, Ask: 9 @ $3554
2020-03-12 11:59:31,533 [INFO   ] [TRADER] Placing quotes (119, 120). Bid: 10 @ $3552, Ask: 2 @ $3555
2020-03-12 11:59:31,534 [INFO   ] [TRADER] Order 117 inserted
2020-03-12 11:59:31,535 [INFO   ] [TRADER] Order 118 inserted
2020-03-12 11:59:31,535 [INFO   ] [TRADER] Order 119 inserted
2020-03-12 11:59:31,535 [INFO   ] [TRADER] Order 120 inserted
2020-03-12 11:59:32,282 [INFO   ] [TRADER] Order 117 filled (11 / 40)
2020-03-12 11:59:32,282 [INFO   ] [TRADER] Position changed to ETF: -65, FUTURE: 65
2020-03-12 11:59:32,531 [INFO   ] [TRADER] Order 117 filled (16 / 40)
2020-03-12 11:59:32,531 [INFO   ] [TRADER] Position changed to ETF: -60, FUTURE: 60
2020-03-12 11:59:32,531 [INFO   ] [TRADER] Order 117 filled (17 / 40)
2020-03-12 11:59:32,531 [INFO   ] [TRADER] Position changed to ETF: -59, FUTURE: 59
2020-03-12 11:59:32,781 [INFO   ] [TRADER] Order 117 filled (19 / 40)
2020-03-12 11:59:32,781 [INFO   ] [TRADER] Position changed to ETF: -57, FUTURE: 57
2020-03-12 11:59:32,782 [INFO   ] [TRADER] Timeout
2020-03-12 11:59:32,782 [INFO   ] [TRADER] Cancelling bid 117
2020-03-12 11:59:32,782 [INFO   ] [TRADER] Cancelling bid 119
2020-03-12 11:59:32,782 [INFO   ] [TRADER] Cancelling bid 118
2020-03-12 11:59:32,782 [INFO   ] [TRADER] Cancelling bid 120
2020-03-12 11:59:32,782 [INFO   ] [TRADER] Order 117 cancelled
2020-03-12 11:59:32,782 [INFO   ] [TRADER] Order 119 cancelled
2020-03-12 11:59:32,782 [INFO   ] [TRADER] Order 118 cancelled
2020-03-12 11:59:32,782 [INFO   ] [TRADER] Order 120 cancelled
2020-03-12 11:59:33,032 [INFO   ] [TRADER] Placing quotes (121, 122). Bid: 40 @ $3553, Ask: 22 @ $3554
2020-03-12 11:59:33,032 [INFO   ] [TRADER] Placing quotes (123, 124). Bid: 10 @ $3552, Ask: 5 @ $3555
2020-03-12 11:59:33,034 [INFO   ] [TRADER] Order 121 inserted
2020-03-12 11:59:33,034 [INFO   ] [TRADER] Order 122 inserted
2020-03-12 11:59:33,034 [INFO   ] [TRADER] Order 123 inserted
2020-03-12 11:59:33,034 [INFO   ] [TRADER] Order 124 inserted
2020-03-12 11:59:34,031 [INFO   ] [TRADER] Order 121 filled (1 / 40)
2020-03-12 11:59:34,031 [INFO   ] [TRADER] Position changed to ETF: -56, FUTURE: 56
2020-03-12 11:59:34,281 [INFO   ] [TRADER] Order 122 filled (2 / 22)
2020-03-12 11:59:34,281 [INFO   ] [TRADER] Position changed to ETF: -58, FUTURE: 58
2020-03-12 11:59:34,281 [INFO   ] [TRADER] Order 121 filled (19 / 40)
2020-03-12 11:59:34,281 [INFO   ] [TRADER] Position changed to ETF: -40, FUTURE: 40
2020-03-12 11:59:34,281 [INFO   ] [TRADER] Timeout
2020-03-12 11:59:34,281 [INFO   ] [TRADER] Cancelling bid 121
2020-03-12 11:59:34,281 [INFO   ] [TRADER] Cancelling bid 123
2020-03-12 11:59:34,282 [INFO   ] [TRADER] Cancelling bid 122
2020-03-12 11:59:34,282 [INFO   ] [TRADER] Cancelling bid 124
2020-03-12 11:59:34,282 [INFO   ] [TRADER] Order 121 cancelled
2020-03-12 11:59:34,282 [INFO   ] [TRADER] Order 123 cancelled
2020-03-12 11:59:34,282 [INFO   ] [TRADER] Order 122 cancelled
2020-03-12 11:59:34,282 [INFO   ] [TRADER] Order 124 cancelled
2020-03-12 11:59:34,531 [INFO   ] [TRADER] Placing quotes (125, 126). Bid: 40 @ $3553, Ask: 32 @ $3554
2020-03-12 11:59:34,531 [INFO   ] [TRADER] Placing quotes (127, 128). Bid: 10 @ $3552, Ask: 8 @ $3555
2020-03-12 11:59:34,531 [INFO   ] [TRADER] Order 125 inserted
2020-03-12 11:59:34,531 [INFO   ] [TRADER] Order 126 inserted
2020-03-12 11:59:34,531 [INFO   ] [TRADER] Order 127 inserted
2020-03-12 11:59:34,531 [INFO   ] [TRADER] Order 128 inserted
2020-03-12 11:59:34,781 [INFO   ] [TRADER] Order 125 filled (1 / 40)
2020-03-12 11:59:34,781 [INFO   ] [TRADER] Position changed to ETF: -39, FUTURE: 39
2020-03-12 11:59:34,782 [INFO   ] [TRADER] Order 125 filled (5 / 40)
2020-03-12 11:59:34,782 [INFO   ] [TRADER] Position changed to ETF: -35, FUTURE: 35
2020-03-12 11:59:35,031 [INFO   ] [TRADER] Order 125 filled (8 / 40)
2020-03-12 11:59:35,031 [INFO   ] [TRADER] Position changed to ETF: -32, FUTURE: 32
2020-03-12 11:59:35,532 [INFO   ] [TRADER] Timeout
2020-03-12 11:59:35,532 [INFO   ] [TRADER] Cancelling bid 125
2020-03-12 11:59:35,532 [INFO   ] [TRADER] Cancelling bid 127
2020-03-12 11:59:35,532 [INFO   ] [TRADER] Cancelling bid 126
2020-03-12 11:59:35,532 [INFO   ] [TRADER] Cancelling bid 128
2020-03-12 11:59:35,534 [INFO   ] [TRADER] Order 125 cancelled
2020-03-12 11:59:35,535 [INFO   ] [TRADER] Order 127 cancelled
2020-03-12 11:59:35,535 [INFO   ] [TRADER] Order 126 cancelled
2020-03-12 11:59:35,535 [INFO   ] [TRADER] Order 128 cancelled
2020-03-12 11:59:35,782 [INFO   ] [TRADER] Placing quotes (129, 130). Bid: 40 @ $3553, Ask: 33 @ $3554
2020-03-12 11:59:35,783 [INFO   ] [TRADER] Placing quotes (131, 132). Bid: 10 @ $3552, Ask: 8 @ $3555
2020-03-12 11:59:35,784 [INFO   ] [TRADER] Order 129 inserted
2020-03-12 11:59:35,784 [INFO   ] [TRADER] Order 130 inserted
2020-03-12 11:59:35,784 [INFO   ] [TRADER] Order 131 inserted
2020-03-12 11:59:35,784 [INFO   ] [TRADER] Order 132 inserted
2020-03-12 11:59:36,281 [INFO   ] [TRADER] Order 129 filled (17 / 40)
2020-03-12 11:59:36,281 [INFO   ] [TRADER] Position changed to ETF: -15, FUTURE: 15
2020-03-12 11:59:36,283 [INFO   ] [TRADER] Order 130 cancelled
2020-03-12 11:59:36,283 [INFO   ] [TRADER] Position changed to ETF: -48, FUTURE: 48
2020-03-12 11:59:37,031 [INFO   ] [TRADER] Timeout
2020-03-12 11:59:37,031 [INFO   ] [TRADER] Cancelling bid 129
2020-03-12 11:59:37,031 [INFO   ] [TRADER] Cancelling bid 131
2020-03-12 11:59:37,031 [INFO   ] [TRADER] Cancelling bid 132
2020-03-12 11:59:37,031 [INFO   ] [TRADER] Order 129 cancelled
2020-03-12 11:59:37,031 [INFO   ] [TRADER] Order 131 cancelled
2020-03-12 11:59:37,031 [INFO   ] [TRADER] Order 132 cancelled
2020-03-12 11:59:37,281 [INFO   ] [TRADER] Placing quotes (133, 134). Bid: 40 @ $3555, Ask: 28 @ $3556
2020-03-12 11:59:37,281 [INFO   ] [TRADER] Placing quotes (135, 136). Bid: 10 @ $3554, Ask: 7 @ $3557
2020-03-12 11:59:37,282 [INFO   ] [TRADER] Order 133 cancelled
2020-03-12 11:59:37,282 [INFO   ] [TRADER] Position changed to ETF: -8, FUTURE: 8
2020-03-12 11:59:37,282 [INFO   ] [TRADER] Order 134 inserted
2020-03-12 11:59:37,282 [INFO   ] [TRADER] Order 135 inserted
2020-03-12 11:59:37,282 [INFO   ] [TRADER] Order 136 inserted
2020-03-12 11:59:37,781 [INFO   ] [TRADER] Order 135 filled (8 / 10)
2020-03-12 11:59:37,782 [INFO   ] [TRADER] Position changed to ETF: 0, FUTURE: 0
2020-03-12 11:59:38,281 [INFO   ] [TRADER] Order 135 cancelled
2020-03-12 11:59:38,281 [INFO   ] [TRADER] Position changed to ETF: 2, FUTURE: -2
2020-03-12 11:59:38,283 [INFO   ] [TRADER] Timeout
2020-03-12 11:59:38,283 [INFO   ] [TRADER] Cancelling bid 134
2020-03-12 11:59:38,283 [INFO   ] [TRADER] Cancelling bid 136
2020-03-12 11:59:38,284 [INFO   ] [TRADER] Order 134 cancelled
2020-03-12 11:59:38,284 [INFO   ] [TRADER] Order 136 cancelled
2020-03-12 11:59:38,533 [INFO   ] [TRADER] Placing quotes (137, 138). Bid: 39 @ $3555, Ask: 40 @ $3556
2020-03-12 11:59:38,534 [INFO   ] [TRADER] Placing quotes (139, 140). Bid: 9 @ $3554, Ask: 10 @ $3557
2020-03-12 11:59:38,535 [INFO   ] [TRADER] Order 137 filled (6 / 39)
2020-03-12 11:59:38,535 [INFO   ] [TRADER] Position changed to ETF: 8, FUTURE: -8
2020-03-12 11:59:38,536 [INFO   ] [TRADER] Order 137 filled (11 / 39)
2020-03-12 11:59:38,536 [INFO   ] [TRADER] Position changed to ETF: 13, FUTURE: -13
2020-03-12 11:59:38,536 [INFO   ] [TRADER] Order 138 inserted
2020-03-12 11:59:38,536 [INFO   ] [TRADER] Order 139 inserted
2020-03-12 11:59:38,536 [INFO   ] [TRADER] Order 140 inserted
2020-03-12 11:59:39,031 [INFO   ] [TRADER] Order 137 filled (14 / 39)
2020-03-12 11:59:39,031 [INFO   ] [TRADER] Position changed to ETF: 16, FUTURE: -16
2020-03-12 11:59:39,031 [INFO   ] [TRADER] Order 137 filled (15 / 39)
2020-03-12 11:59:39,032 [INFO   ] [TRADER] Position changed to ETF: 17, FUTURE: -17
2020-03-12 11:59:39,784 [INFO   ] [TRADER] Timeout
2020-03-12 11:59:39,785 [INFO   ] [TRADER] Cancelling bid 137
2020-03-12 11:59:39,785 [INFO   ] [TRADER] Cancelling bid 139
2020-03-12 11:59:39,785 [INFO   ] [TRADER] Cancelling bid 138
2020-03-12 11:59:39,785 [INFO   ] [TRADER] Cancelling bid 140
2020-03-12 11:59:39,787 [INFO   ] [TRADER] Order 137 cancelled
2020-03-12 11:59:39,787 [INFO   ] [TRADER] Order 139 cancelled
2020-03-12 11:59:39,787 [INFO   ] [TRADER] Order 138 cancelled
2020-03-12 11:59:39,787 [INFO   ] [TRADER] Order 140 cancelled
2020-03-12 11:59:40,032 [INFO   ] [TRADER] Placing quotes (141, 142). Bid: 36 @ $3556, Ask: 40 @ $3557
2020-03-12 11:59:40,032 [INFO   ] [TRADER] Placing quotes (143, 144). Bid: 9 @ $3555, Ask: 10 @ $3558
2020-03-12 11:59:40,032 [INFO   ] [TRADER] Order 141 cancelled
2020-03-12 11:59:40,032 [INFO   ] [TRADER] Position changed to ETF: 53, FUTURE: -53
2020-03-12 11:59:40,032 [INFO   ] [TRADER] Order 142 inserted
2020-03-12 11:59:40,032 [INFO   ] [TRADER] Order 143 inserted
2020-03-12 11:59:40,033 [INFO   ] [TRADER] Order 144 inserted
2020-03-12 11:59:40,281 [INFO   ] [TRADER] Order 143 filled (4 / 9)
2020-03-12 11:59:40,281 [INFO   ] [TRADER] Position changed to ETF: 57, FUTURE: -57
2020-03-12 11:59:41,033 [INFO   ] [TRADER] Order 143 filled (5 / 9)
2020-03-12 11:59:41,033 [INFO   ] [TRADER] Position changed to ETF: 58, FUTURE: -58
2020-03-12 11:59:41,033 [INFO   ] [TRADER] Order 143 filled (7 / 9)
2020-03-12 11:59:41,034 [INFO   ] [TRADER] Position changed to ETF: 60, FUTURE: -60
2020-03-12 11:59:41,034 [INFO   ] [TRADER] Timeout
2020-03-12 11:59:41,034 [INFO   ] [TRADER] Cancelling bid 143
2020-03-12 11:59:41,034 [INFO   ] [TRADER] Cancelling bid 142
2020-03-12 11:59:41,035 [INFO   ] [TRADER] Cancelling bid 144
2020-03-12 11:59:41,035 [INFO   ] [TRADER] Order 143 cancelled
2020-03-12 11:59:41,035 [INFO   ] [TRADER] Order 142 cancelled
2020-03-12 11:59:41,036 [INFO   ] [TRADER] Order 144 cancelled
2020-03-12 11:59:41,281 [INFO   ] [TRADER] Placing quotes (145, 146). Bid: 20 @ $3556, Ask: 40 @ $3557
2020-03-12 11:59:41,281 [INFO   ] [TRADER] Placing quotes (147, 148). Bid: 5 @ $3555, Ask: 10 @ $3558
2020-03-12 11:59:41,281 [INFO   ] [TRADER] Order 145 inserted
2020-03-12 11:59:41,281 [INFO   ] [TRADER] Order 146 inserted
2020-03-12 11:59:41,282 [INFO   ] [TRADER] Order 147 inserted
2020-03-12 11:59:41,282 [INFO   ] [TRADER] Order 148 inserted
2020-03-12 11:59:42,032 [INFO   ] [TRADER] Order 145 filled (3 / 20)
2020-03-12 11:59:42,032 [INFO   ] [TRADER] Position changed to ETF: 63, FUTURE: -63
2020-03-12 11:59:42,033 [INFO   ] [TRADER] Order 145 filled (13 / 20)
2020-03-12 11:59:42,033 [INFO   ] [TRADER] Position changed to ETF: 73, FUTURE: -73
2020-03-12 11:59:42,282 [INFO   ] [TRADER] Timeout
2020-03-12 11:59:42,283 [INFO   ] [TRADER] Cancelling bid 145
2020-03-12 11:59:42,283 [INFO   ] [TRADER] Cancelling bid 147
2020-03-12 11:59:42,283 [INFO   ] [TRADER] Cancelling bid 146
2020-03-12 11:59:42,283 [INFO   ] [TRADER] Cancelling bid 148
2020-03-12 11:59:42,284 [INFO   ] [TRADER] Order 145 cancelled
2020-03-12 11:59:42,284 [INFO   ] [TRADER] Order 147 cancelled
2020-03-12 11:59:42,284 [INFO   ] [TRADER] Order 146 cancelled
2020-03-12 11:59:42,284 [INFO   ] [TRADER] Order 148 cancelled
2020-03-12 11:59:42,532 [INFO   ] [TRADER] Placing quotes (149, 150). Bid: 12 @ $3556, Ask: 40 @ $3557
2020-03-12 11:59:42,532 [INFO   ] [TRADER] Placing quotes (151, 152). Bid: 3 @ $3555, Ask: 10 @ $3558
2020-03-12 11:59:42,533 [INFO   ] [TRADER] Order 149 inserted
2020-03-12 11:59:42,533 [INFO   ] [TRADER] Order 150 inserted
2020-03-12 11:59:42,533 [INFO   ] [TRADER] Order 151 inserted
2020-03-12 11:59:42,533 [INFO   ] [TRADER] Order 152 inserted
2020-03-12 11:59:42,782 [INFO   ] [TRADER] Order 149 filled (1 / 12)
2020-03-12 11:59:42,783 [INFO   ] [TRADER] Position changed to ETF: 74, FUTURE: -74
2020-03-12 11:59:43,031 [INFO   ] [TRADER] Order 149 filled (11 / 12)
2020-03-12 11:59:43,031 [INFO   ] [TRADER] Position changed to ETF: 84, FUTURE: -84
2020-03-12 11:59:43,784 [INFO   ] [TRADER] Timeout
2020-03-12 11:59:43,785 [INFO   ] [TRADER] Cancelling bid 149
2020-03-12 11:59:43,785 [INFO   ] [TRADER] Cancelling bid 151
2020-03-12 11:59:43,785 [INFO   ] [TRADER] Cancelling bid 150
2020-03-12 11:59:43,785 [INFO   ] [TRADER] Cancelling bid 152
2020-03-12 11:59:43,790 [INFO   ] [TRADER] Order 149 cancelled
2020-03-12 11:59:43,790 [INFO   ] [TRADER] Order 151 cancelled
2020-03-12 11:59:43,790 [INFO   ] [TRADER] Order 150 cancelled
2020-03-12 11:59:43,790 [INFO   ] [TRADER] Order 152 cancelled
2020-03-12 11:59:44,033 [INFO   ] [TRADER] Placing quotes (153, 154). Bid: 5 @ $3556, Ask: 40 @ $3558
2020-03-12 11:59:44,034 [INFO   ] [TRADER] Placing quotes (155, 156). Bid: 1 @ $3555, Ask: 10 @ $3559
2020-03-12 11:59:44,034 [INFO   ] [TRADER] Order 153 inserted
2020-03-12 11:59:44,035 [INFO   ] [TRADER] Order 154 inserted
2020-03-12 11:59:44,035 [INFO   ] [TRADER] Order 155 inserted
2020-03-12 11:59:44,036 [INFO   ] [TRADER] Order 156 inserted
2020-03-12 11:59:45,035 [INFO   ] [TRADER] Order 153 filled (1 / 5)
2020-03-12 11:59:45,038 [INFO   ] [TRADER] Position changed to ETF: 85, FUTURE: -85
2020-03-12 11:59:45,039 [INFO   ] [TRADER] Timeout
2020-03-12 11:59:45,039 [INFO   ] [TRADER] Cancelling bid 153
2020-03-12 11:59:45,039 [INFO   ] [TRADER] Cancelling bid 155
2020-03-12 11:59:45,040 [INFO   ] [TRADER] Cancelling bid 154
2020-03-12 11:59:45,040 [INFO   ] [TRADER] Cancelling bid 156
2020-03-12 11:59:45,040 [INFO   ] [TRADER] Order 153 cancelled
2020-03-12 11:59:45,040 [INFO   ] [TRADER] Order 155 cancelled
2020-03-12 11:59:45,040 [INFO   ] [TRADER] Order 154 cancelled
2020-03-12 11:59:45,040 [INFO   ] [TRADER] Order 156 cancelled
2020-03-12 11:59:45,284 [INFO   ] [TRADER] Placing quotes (157, 158). Bid: 4 @ $3556, Ask: 40 @ $3557
2020-03-12 11:59:45,284 [INFO   ] [TRADER] Placing quotes (159, 160). Bid: 1 @ $3555, Ask: 10 @ $3558
2020-03-12 11:59:45,287 [INFO   ] [TRADER] Order 157 inserted
2020-03-12 11:59:45,287 [INFO   ] [TRADER] Order 158 inserted
2020-03-12 11:59:45,287 [INFO   ] [TRADER] Order 159 inserted
2020-03-12 11:59:45,287 [INFO   ] [TRADER] Order 160 inserted
2020-03-12 11:59:45,786 [INFO   ] [TRADER] Order 157 cancelled
2020-03-12 11:59:45,786 [INFO   ] [TRADER] Position changed to ETF: 89, FUTURE: -89
2020-03-12 11:59:46,533 [INFO   ] [TRADER] Timeout
2020-03-12 11:59:46,534 [INFO   ] [TRADER] Cancelling bid 159
2020-03-12 11:59:46,534 [INFO   ] [TRADER] Cancelling bid 158
2020-03-12 11:59:46,534 [INFO   ] [TRADER] Cancelling bid 160
2020-03-12 11:59:46,535 [INFO   ] [TRADER] Order 159 cancelled
2020-03-12 11:59:46,535 [INFO   ] [TRADER] Order 158 cancelled
2020-03-12 11:59:46,535 [INFO   ] [TRADER] Order 160 cancelled
2020-03-12 11:59:46,782 [INFO   ] [TRADER] Placing quotes (161, 162). Bid: 2 @ $3555, Ask: 40 @ $3556
2020-03-12 11:59:46,783 [INFO   ] [TRADER] Placing quotes (161, 163). Bid: 0 @ $3554, Ask: 10 @ $3557
2020-03-12 11:59:46,784 [INFO   ] [TRADER] Order 161 inserted
2020-03-12 11:59:46,784 [INFO   ] [TRADER] Order 162 inserted
2020-03-12 11:59:46,785 [INFO   ] [TRADER] Order 163 inserted
2020-03-12 11:59:47,282 [INFO   ] [TRADER] Order 162 filled (3 / 40)
2020-03-12 11:59:47,282 [INFO   ] [TRADER] Position changed to ETF: 86, FUTURE: -86
2020-03-12 11:59:47,283 [INFO   ] [TRADER] Order 161 cancelled
2020-03-12 11:59:47,283 [INFO   ] [TRADER] Position changed to ETF: 88, FUTURE: -88
2020-03-12 11:59:48,034 [INFO   ] [TRADER] Timeout
2020-03-12 11:59:48,034 [INFO   ] [TRADER] Cancelling bid 162
2020-03-12 11:59:48,034 [INFO   ] [TRADER] Cancelling bid 163
2020-03-12 11:59:48,035 [INFO   ] [TRADER] Order 162 cancelled
2020-03-12 11:59:48,035 [INFO   ] [TRADER] Order 163 cancelled
2020-03-12 11:59:48,283 [INFO   ] [TRADER] Placing quotes (164, 165). Bid: 3 @ $3555, Ask: 40 @ $3556
2020-03-12 11:59:48,283 [INFO   ] [TRADER] Placing quotes (164, 166). Bid: 0 @ $3554, Ask: 10 @ $3557
2020-03-12 11:59:48,284 [INFO   ] [TRADER] Order 164 inserted
2020-03-12 11:59:48,284 [INFO   ] [TRADER] Order 165 inserted
2020-03-12 11:59:48,285 [INFO   ] [TRADER] Order 166 inserted
2020-03-12 11:59:48,532 [INFO   ] [TRADER] Order 164 filled (1 / 3)
2020-03-12 11:59:48,532 [INFO   ] [TRADER] Position changed to ETF: 89, FUTURE: -89
2020-03-12 11:59:48,536 [INFO   ] [TRADER] Order 164 filled (2 / 3)
2020-03-12 11:59:48,539 [INFO   ] [TRADER] Position changed to ETF: 90, FUTURE: -90
2020-03-12 11:59:48,782 [INFO   ] [TRADER] Order 164 cancelled
2020-03-12 11:59:48,783 [INFO   ] [TRADER] Position changed to ETF: 91, FUTURE: -91
2020-03-12 11:59:49,534 [INFO   ] [TRADER] Timeout
2020-03-12 11:59:49,534 [INFO   ] [TRADER] Cancelling bid 165
2020-03-12 11:59:49,535 [INFO   ] [TRADER] Cancelling bid 166
2020-03-12 11:59:49,537 [INFO   ] [TRADER] Order 165 cancelled
2020-03-12 11:59:49,537 [INFO   ] [TRADER] Order 166 cancelled
2020-03-12 11:59:49,782 [INFO   ] [TRADER] Placing quotes (167, 168). Bid: 1 @ $3553, Ask: 40 @ $3554
2020-03-12 11:59:49,782 [INFO   ] [TRADER] Placing quotes (167, 169). Bid: 0 @ $3552, Ask: 10 @ $3555
2020-03-12 11:59:49,784 [INFO   ] [TRADER] Order 167 inserted
2020-03-12 11:59:49,784 [INFO   ] [TRADER] Order 168 inserted
2020-03-12 11:59:49,784 [INFO   ] [TRADER] Order 169 inserted
2020-03-12 11:59:50,282 [INFO   ] [TRADER] Order 168 filled (1 / 40)
2020-03-12 11:59:50,283 [INFO   ] [TRADER] Position changed to ETF: 90, FUTURE: -90
2020-03-12 11:59:50,284 [INFO   ] [TRADER] Order 168 filled (10 / 40)
2020-03-12 11:59:50,284 [INFO   ] [TRADER] Position changed to ETF: 81, FUTURE: -81
2020-03-12 11:59:51,033 [INFO   ] [TRADER] Timeout
2020-03-12 11:59:51,033 [INFO   ] [TRADER] Cancelling bid 167
2020-03-12 11:59:51,034 [INFO   ] [TRADER] Cancelling bid 168
2020-03-12 11:59:51,034 [INFO   ] [TRADER] Cancelling bid 169
2020-03-12 11:59:51,035 [INFO   ] [TRADER] Order 167 cancelled
2020-03-12 11:59:51,036 [INFO   ] [TRADER] Order 168 cancelled
2020-03-12 11:59:51,036 [INFO   ] [TRADER] Order 169 cancelled
2020-03-12 11:59:51,284 [INFO   ] [TRADER] Placing quotes (170, 171). Bid: 7 @ $3553, Ask: 40 @ $3554
2020-03-12 11:59:51,284 [INFO   ] [TRADER] Placing quotes (172, 173). Bid: 1 @ $3552, Ask: 10 @ $3555
2020-03-12 11:59:51,287 [INFO   ] [TRADER] Order 170 inserted
2020-03-12 11:59:51,287 [INFO   ] [TRADER] Order 171 inserted
2020-03-12 11:59:51,287 [INFO   ] [TRADER] Order 172 inserted
2020-03-12 11:59:51,287 [INFO   ] [TRADER] Order 173 inserted
2020-03-12 11:59:52,533 [INFO   ] [TRADER] Order 171 filled (9 / 40)
2020-03-12 11:59:52,534 [INFO   ] [TRADER] Position changed to ETF: 72, FUTURE: -72
2020-03-12 11:59:52,536 [INFO   ] [TRADER] Timeout
2020-03-12 11:59:52,536 [INFO   ] [TRADER] Cancelling bid 170
2020-03-12 11:59:52,537 [INFO   ] [TRADER] Cancelling bid 172
2020-03-12 11:59:52,537 [INFO   ] [TRADER] Cancelling bid 171
2020-03-12 11:59:52,537 [INFO   ] [TRADER] Cancelling bid 173
2020-03-12 11:59:52,538 [INFO   ] [TRADER] Order 170 cancelled
2020-03-12 11:59:52,538 [INFO   ] [TRADER] Order 172 cancelled
2020-03-12 11:59:52,538 [INFO   ] [TRADER] Order 171 cancelled
2020-03-12 11:59:52,538 [INFO   ] [TRADER] Order 173 cancelled
2020-03-12 11:59:52,788 [INFO   ] [TRADER] Placing quotes (174, 175). Bid: 12 @ $3554, Ask: 40 @ $3555
2020-03-12 11:59:52,789 [INFO   ] [TRADER] Placing quotes (176, 177). Bid: 3 @ $3553, Ask: 10 @ $3556
2020-03-12 11:59:52,789 [INFO   ] [TRADER] Order 174 inserted
2020-03-12 11:59:52,790 [INFO   ] [TRADER] Order 175 inserted
2020-03-12 11:59:52,790 [INFO   ] [TRADER] Order 176 inserted
2020-03-12 11:59:52,790 [INFO   ] [TRADER] Order 177 inserted
2020-03-12 11:59:53,031 [INFO   ] [TRADER] Order 175 filled (12 / 40)
2020-03-12 11:59:53,032 [INFO   ] [TRADER] Position changed to ETF: 60, FUTURE: -60
2020-03-12 11:59:53,033 [INFO   ] [TRADER] Order 175 filled (13 / 40)
2020-03-12 11:59:53,033 [INFO   ] [TRADER] Position changed to ETF: 59, FUTURE: -59
2020-03-12 11:59:54,032 [INFO   ] [TRADER] Timeout
2020-03-12 11:59:54,033 [INFO   ] [TRADER] Cancelling bid 174
2020-03-12 11:59:54,033 [INFO   ] [TRADER] Cancelling bid 176
2020-03-12 11:59:54,033 [INFO   ] [TRADER] Cancelling bid 175
2020-03-12 11:59:54,033 [INFO   ] [TRADER] Cancelling bid 177
2020-03-12 11:59:54,034 [INFO   ] [TRADER] Order 175 filled (25 / 40)
2020-03-12 11:59:54,034 [INFO   ] [TRADER] Position changed to ETF: 47, FUTURE: -47
2020-03-12 11:59:54,035 [INFO   ] [TRADER] Order 174 cancelled
2020-03-12 11:59:54,036 [INFO   ] [TRADER] Order 176 cancelled
2020-03-12 11:59:54,036 [INFO   ] [TRADER] Order 175 cancelled
2020-03-12 11:59:54,036 [INFO   ] [TRADER] Order 177 cancelled
2020-03-12 11:59:54,283 [INFO   ] [TRADER] Placing quotes (178, 179). Bid: 29 @ $3555, Ask: 40 @ $3556
2020-03-12 11:59:54,283 [INFO   ] [TRADER] Placing quotes (180, 181). Bid: 7 @ $3554, Ask: 10 @ $3557
2020-03-12 11:59:54,284 [INFO   ] [TRADER] Order 178 filled (16 / 29)
2020-03-12 11:59:54,284 [INFO   ] [TRADER] Position changed to ETF: 63, FUTURE: -63
2020-03-12 11:59:54,285 [INFO   ] [TRADER] Order 179 inserted
2020-03-12 11:59:54,285 [INFO   ] [TRADER] Order 180 inserted
2020-03-12 11:59:54,285 [INFO   ] [TRADER] Order 181 inserted
2020-03-12 11:59:54,782 [INFO   ] [TRADER] Order 178 filled (20 / 29)
2020-03-12 11:59:54,783 [INFO   ] [TRADER] Position changed to ETF: 67, FUTURE: -67
2020-03-12 11:59:55,284 [INFO   ] [TRADER] Timeout
2020-03-12 11:59:55,285 [INFO   ] [TRADER] Cancelling bid 178
2020-03-12 11:59:55,285 [INFO   ] [TRADER] Cancelling bid 180
2020-03-12 11:59:55,285 [INFO   ] [TRADER] Cancelling bid 179
2020-03-12 11:59:55,285 [INFO   ] [TRADER] Cancelling bid 181
2020-03-12 11:59:55,288 [INFO   ] [TRADER] Order 178 cancelled
2020-03-12 11:59:55,288 [INFO   ] [TRADER] Order 180 cancelled
2020-03-12 11:59:55,289 [INFO   ] [TRADER] Order 179 cancelled
2020-03-12 11:59:55,289 [INFO   ] [TRADER] Order 181 cancelled
2020-03-12 11:59:55,532 [INFO   ] [TRADER] Placing quotes (182, 183). Bid: 16 @ $3555, Ask: 40 @ $3556
2020-03-12 11:59:55,533 [INFO   ] [TRADER] Placing quotes (184, 185). Bid: 4 @ $3554, Ask: 10 @ $3557
2020-03-12 11:59:55,534 [INFO   ] [TRADER] Order 182 inserted
2020-03-12 11:59:55,535 [INFO   ] [TRADER] Order 183 inserted
2020-03-12 11:59:55,535 [INFO   ] [TRADER] Order 184 inserted
2020-03-12 11:59:55,535 [INFO   ] [TRADER] Order 185 inserted
