2020-03-21 19:55:51,338 [INFO   ] [APP] TeaMaster started with arguments={run.py}
2020-03-21 19:55:51,338 [INFO   ] [APP] configuration={"Execution":{"Host":"127.0.0.1","Port":12345},"Information":{"AllowBroadcast":false,"Interface":"0.0.0.0","ListenAddress":"239.255.1.1","Port":12346},"TeamName":"TeaMaster","Secret":"12345"}
2020-03-21 19:55:55,870 [INFO   ] [TRADER] -1503.48 SELLING
2020-03-21 19:55:55,870 [INFO   ] [TRADER] (id: 1) Placing  ask 100 lots for $3461
2020-03-21 19:55:55,872 [INFO   ] [TRADER] Order 1 filled (30 / 100)
2020-03-21 19:55:55,872 [INFO   ] [TRADER] Position changed to ETF: -30, FUTURE: 30
2020-03-21 19:55:55,872 [INFO   ] [TRADER] Cancelling 1
2020-03-21 19:55:55,872 [INFO   ] [TRADER] Order 1 cancelled
2020-03-21 19:55:56,451 [INFO   ] [TRADER] 35.56 BUYING
2020-03-21 19:55:56,451 [INFO   ] [TRADER] (id: 2) Placing  bid 130 lots for $3457
2020-03-21 19:55:56,453 [INFO   ] [TRADER] Order 2 filled (74 / 130)
2020-03-21 19:55:56,453 [INFO   ] [TRADER] Position changed to ETF: 44, FUTURE: -44
2020-03-21 19:55:56,453 [INFO   ] [TRADER] Cancelling 2
2020-03-21 19:55:56,453 [INFO   ] [TRADER] Order 2 cancelled
2020-03-21 19:55:56,615 [INFO   ] [TRADER] 31.92 BUYING
2020-03-21 19:55:56,615 [INFO   ] [TRADER] (id: 3) Placing  bid 56 lots for $3458
2020-03-21 19:55:56,616 [INFO   ] [TRADER] Order 3 filled (10 / 56)
2020-03-21 19:55:56,616 [INFO   ] [TRADER] Position changed to ETF: 54, FUTURE: -54
2020-03-21 19:55:56,616 [INFO   ] [TRADER] Cancelling 3
2020-03-21 19:55:56,616 [INFO   ] [TRADER] Order 3 cancelled
2020-03-21 19:55:56,703 [INFO   ] [TRADER] 34.06 BUYING
2020-03-21 19:55:56,703 [INFO   ] [TRADER] (id: 4) Placing  bid 46 lots for $3458
2020-03-21 19:55:56,703 [INFO   ] [TRADER] Order 4 filled (5 / 46)
2020-03-21 19:55:56,703 [INFO   ] [TRADER] Position changed to ETF: 59, FUTURE: -59
2020-03-21 19:55:56,703 [INFO   ] [TRADER] Cancelling 4
2020-03-21 19:55:56,703 [INFO   ] [TRADER] Order 4 cancelled
2020-03-21 19:55:56,803 [INFO   ] [TRADER] 24.98 BUYING
2020-03-21 19:55:56,803 [INFO   ] [TRADER] (id: 5) Placing  bid 41 lots for $3459
2020-03-21 19:55:56,803 [INFO   ] [TRADER] Order 5 cancelled
2020-03-21 19:55:57,339 [INFO   ] [TRADER] 5.74 BUYING
2020-03-21 19:55:57,339 [INFO   ] [TRADER] (id: 6) Placing  bid 41 lots for $3460
2020-03-21 19:55:57,340 [INFO   ] [TRADER] Order 6 filled (10 / 41)
2020-03-21 19:55:57,340 [INFO   ] [TRADER] Position changed to ETF: 69, FUTURE: -69
2020-03-21 19:55:57,340 [INFO   ] [TRADER] Cancelling 6
2020-03-21 19:55:57,340 [INFO   ] [TRADER] Order 6 cancelled
2020-03-21 19:55:57,413 [INFO   ] [TRADER] 33.01 BUYING
2020-03-21 19:55:57,413 [INFO   ] [TRADER] (id: 7) Placing  bid 31 lots for $3461
2020-03-21 19:55:57,415 [INFO   ] [TRADER] Order 7 cancelled
2020-03-21 19:55:57,415 [INFO   ] [TRADER] Position changed to ETF: 100, FUTURE: -100
2020-03-21 19:55:59,401 [INFO   ] [TRADER] -59.84 SELLING
2020-03-21 19:55:59,401 [INFO   ] [TRADER] (id: 8) Placing  ask 199 lots for $3462
2020-03-21 19:55:59,402 [INFO   ] [TRADER] Order 8 cancelled
2020-03-21 19:56:04,378 [INFO   ] [TRADER] 11.32 SELLING
2020-03-21 19:56:04,378 [INFO   ] [TRADER] (id: 9) Placing  ask 199 lots for $3484
2020-03-21 19:56:04,383 [INFO   ] [TRADER] Order 9 filled (5 / 199)
2020-03-21 19:56:04,383 [INFO   ] [TRADER] Position changed to ETF: 95, FUTURE: -95
2020-03-21 19:56:04,383 [INFO   ] [TRADER] Cancelling 9
2020-03-21 19:56:04,383 [INFO   ] [TRADER] Order 9 cancelled
2020-03-21 19:56:04,429 [INFO   ] [TRADER] -47.14 BUYING
2020-03-21 19:56:04,429 [INFO   ] [TRADER] (id: 10) Placing  bid 5 lots for $3484
2020-03-21 19:56:04,432 [INFO   ] [TRADER] Order 10 cancelled
2020-03-21 19:56:04,432 [INFO   ] [TRADER] Position changed to ETF: 100, FUTURE: -100
2020-03-21 19:56:05,154 [INFO   ] [TRADER] 21.48 SELLING
2020-03-21 19:56:05,154 [INFO   ] [TRADER] (id: 11) Placing  ask 199 lots for $3490
2020-03-21 19:56:05,157 [INFO   ] [TRADER] Order 11 filled (120 / 199)
2020-03-21 19:56:05,157 [INFO   ] [TRADER] Position changed to ETF: -20, FUTURE: 20
2020-03-21 19:56:05,157 [INFO   ] [TRADER] Cancelling 11
2020-03-21 19:56:05,157 [INFO   ] [TRADER] Order 11 cancelled
2020-03-21 19:56:05,180 [INFO   ] [TRADER] -20.37 BUYING
2020-03-21 19:56:05,180 [INFO   ] [TRADER] (id: 12) Placing  bid 120 lots for $3490
2020-03-21 19:56:05,186 [INFO   ] [TRADER] Order 12 cancelled
2020-03-21 19:56:05,356 [INFO   ] [TRADER] -42.82 SELLING
2020-03-21 19:56:05,356 [INFO   ] [TRADER] (id: 13) Placing  ask 80 lots for $3490
2020-03-21 19:56:05,356 [INFO   ] [TRADER] Order 13 filled (9 / 80)
2020-03-21 19:56:05,356 [INFO   ] [TRADER] Position changed to ETF: -29, FUTURE: 29
2020-03-21 19:56:05,356 [INFO   ] [TRADER] Cancelling 13
2020-03-21 19:56:05,357 [INFO   ] [TRADER] Order 13 cancelled
2020-03-21 19:56:05,416 [INFO   ] [TRADER] -130.16 SELLING
2020-03-21 19:56:05,416 [INFO   ] [TRADER] (id: 14) Placing  ask 71 lots for $3488
2020-03-21 19:56:05,419 [INFO   ] [TRADER] Order 14 cancelled
2020-03-21 19:56:05,503 [INFO   ] [TRADER] -97.75 BUYING
2020-03-21 19:56:05,503 [INFO   ] [TRADER] (id: 15) Placing  bid 129 lots for $3488
2020-03-21 19:56:05,505 [INFO   ] [TRADER] Order 15 filled (80 / 129)
2020-03-21 19:56:05,505 [INFO   ] [TRADER] Position changed to ETF: 51, FUTURE: -51
2020-03-21 19:56:05,505 [INFO   ] [TRADER] Cancelling 15
2020-03-21 19:56:05,505 [INFO   ] [TRADER] Order 15 cancelled
2020-03-21 19:56:05,601 [INFO   ] [TRADER] 76.52 SELLING
2020-03-21 19:56:05,601 [INFO   ] [TRADER] (id: 16) Placing  ask 151 lots for $3489
2020-03-21 19:56:05,603 [INFO   ] [TRADER] Order 16 filled (9 / 151)
2020-03-21 19:56:05,603 [INFO   ] [TRADER] Position changed to ETF: 42, FUTURE: -42
2020-03-21 19:56:05,603 [INFO   ] [TRADER] Cancelling 16
2020-03-21 19:56:05,603 [INFO   ] [TRADER] Order 16 cancelled
2020-03-21 19:56:05,740 [INFO   ] [TRADER] -57.14 BUYING
2020-03-21 19:56:05,740 [INFO   ] [TRADER] (id: 17) Placing  bid 58 lots for $3488
2020-03-21 19:56:05,742 [INFO   ] [TRADER] Order 17 cancelled
2020-03-21 19:56:05,742 [INFO   ] [TRADER] Position changed to ETF: 100, FUTURE: -100
2020-03-21 19:56:06,128 [INFO   ] [TRADER] 222.55 SELLING
2020-03-21 19:56:06,128 [INFO   ] [TRADER] (id: 18) Placing  ask 199 lots for $3494
2020-03-21 19:56:06,134 [INFO   ] [TRADER] Order 18 filled (6 / 199)
2020-03-21 19:56:06,134 [INFO   ] [TRADER] Position changed to ETF: 94, FUTURE: -94
2020-03-21 19:56:06,134 [INFO   ] [TRADER] Cancelling 18
2020-03-21 19:56:06,134 [INFO   ] [TRADER] Order 18 cancelled
2020-03-21 19:56:06,217 [INFO   ] [TRADER] -2.23 BUYING
2020-03-21 19:56:06,217 [INFO   ] [TRADER] (id: 19) Placing  bid 6 lots for $3493
2020-03-21 19:56:06,220 [INFO   ] [TRADER] Order 19 cancelled
2020-03-21 19:56:06,278 [INFO   ] [TRADER] -36.30 BUYING
2020-03-21 19:56:06,278 [INFO   ] [TRADER] (id: 20) Placing  bid 6 lots for $3495
2020-03-21 19:56:06,282 [INFO   ] [TRADER] Order 20 cancelled
2020-03-21 19:56:06,282 [INFO   ] [TRADER] Position changed to ETF: 100, FUTURE: -100
2020-03-21 19:56:06,764 [INFO   ] [TRADER] -13.33 SELLING
2020-03-21 19:56:06,764 [INFO   ] [TRADER] (id: 21) Placing  ask 199 lots for $3501
2020-03-21 19:56:06,769 [INFO   ] [TRADER] Order 21 filled (40 / 199)
2020-03-21 19:56:06,769 [INFO   ] [TRADER] Position changed to ETF: 60, FUTURE: -60
2020-03-21 19:56:06,769 [INFO   ] [TRADER] Cancelling 21
2020-03-21 19:56:06,769 [INFO   ] [TRADER] Order 21 cancelled
2020-03-21 19:56:06,814 [INFO   ] [TRADER] -76.58 SELLING
2020-03-21 19:56:06,814 [INFO   ] [TRADER] (id: 22) Placing  ask 160 lots for $3499
2020-03-21 19:56:06,817 [INFO   ] [TRADER] Order 22 cancelled
2020-03-21 19:56:06,966 [INFO   ] [TRADER] -83.40 SELLING
2020-03-21 19:56:06,966 [INFO   ] [TRADER] (id: 23) Placing  ask 160 lots for $3497
2020-03-21 19:56:06,967 [INFO   ] [TRADER] Order 23 cancelled
2020-03-21 19:56:07,079 [INFO   ] [TRADER] -75.09 SELLING
2020-03-21 19:56:07,079 [INFO   ] [TRADER] (id: 24) Placing  ask 160 lots for $3495
2020-03-21 19:56:07,082 [INFO   ] [TRADER] Order 24 cancelled
2020-03-21 19:56:07,164 [INFO   ] [TRADER] -51.57 BUYING
2020-03-21 19:56:07,164 [INFO   ] [TRADER] (id: 25) Placing  bid 40 lots for $3494
2020-03-21 19:56:07,166 [INFO   ] [TRADER] Order 25 cancelled
2020-03-21 19:56:07,166 [INFO   ] [TRADER] Position changed to ETF: 100, FUTURE: -100
2020-03-21 19:56:07,476 [INFO   ] [TRADER] 32.83 SELLING
2020-03-21 19:56:07,476 [INFO   ] [TRADER] (id: 26) Placing  ask 199 lots for $3497
2020-03-21 19:56:07,479 [INFO   ] [TRADER] Order 26 filled (115 / 199)
2020-03-21 19:56:07,479 [INFO   ] [TRADER] Position changed to ETF: -15, FUTURE: 15
2020-03-21 19:56:07,479 [INFO   ] [TRADER] Cancelling 26
2020-03-21 19:56:07,479 [INFO   ] [TRADER] Order 26 cancelled
2020-03-21 19:56:07,615 [INFO   ] [TRADER] -193.20 SELLING
2020-03-21 19:56:07,615 [INFO   ] [TRADER] (id: 27) Placing  ask 85 lots for $3492
2020-03-21 19:56:07,619 [INFO   ] [TRADER] Order 27 filled (49 / 85)
2020-03-21 19:56:07,619 [INFO   ] [TRADER] Position changed to ETF: -64, FUTURE: 64
2020-03-21 19:56:07,619 [INFO   ] [TRADER] Cancelling 27
2020-03-21 19:56:07,619 [INFO   ] [TRADER] Order 27 cancelled
2020-03-21 19:56:07,678 [INFO   ] [TRADER] -154.03 SELLING
2020-03-21 19:56:07,678 [INFO   ] [TRADER] (id: 28) Placing  ask 36 lots for $3491
2020-03-21 19:56:07,681 [INFO   ] [TRADER] Order 28 filled (21 / 36)
2020-03-21 19:56:07,681 [INFO   ] [TRADER] Position changed to ETF: -85, FUTURE: 85
2020-03-21 19:56:07,681 [INFO   ] [TRADER] Cancelling 28
2020-03-21 19:56:07,681 [INFO   ] [TRADER] Order 28 cancelled
2020-03-21 19:56:07,754 [INFO   ] [TRADER] -68.19 BUYING
2020-03-21 19:56:07,754 [INFO   ] [TRADER] (id: 29) Placing  bid 185 lots for $3491
2020-03-21 19:56:07,757 [INFO   ] [TRADER] Order 29 filled (115 / 185)
2020-03-21 19:56:07,757 [INFO   ] [TRADER] Position changed to ETF: 30, FUTURE: -30
2020-03-21 19:56:07,757 [INFO   ] [TRADER] Cancelling 29
2020-03-21 19:56:07,757 [INFO   ] [TRADER] Order 29 cancelled
2020-03-21 19:56:07,878 [INFO   ] [TRADER] 12.05 SELLING
2020-03-21 19:56:07,878 [INFO   ] [TRADER] (id: 30) Placing  ask 130 lots for $3490
2020-03-21 19:56:07,882 [INFO   ] [TRADER] Order 30 cancelled
2020-03-21 19:56:07,882 [INFO   ] [TRADER] Position changed to ETF: -100, FUTURE: 100
2020-03-21 19:56:08,017 [INFO   ] [TRADER] -11.26 BUYING
2020-03-21 19:56:08,017 [INFO   ] [TRADER] (id: 31) Placing  bid 199 lots for $3490
2020-03-21 19:56:08,018 [INFO   ] [TRADER] Order 31 filled (59 / 199)
2020-03-21 19:56:08,018 [INFO   ] [TRADER] Position changed to ETF: -41, FUTURE: 41
2020-03-21 19:56:08,018 [INFO   ] [TRADER] Cancelling 31
2020-03-21 19:56:08,018 [INFO   ] [TRADER] Order 31 cancelled
2020-03-21 19:56:08,066 [INFO   ] [TRADER] -7.58 SELLING
2020-03-21 19:56:08,066 [INFO   ] [TRADER] (id: 32) Placing  ask 59 lots for $3489
2020-03-21 19:56:08,067 [INFO   ] [TRADER] Order 32 cancelled
2020-03-21 19:56:08,068 [INFO   ] [TRADER] Position changed to ETF: -100, FUTURE: 100
2020-03-21 19:56:08,139 [INFO   ] [TRADER] -34.21 BUYING
2020-03-21 19:56:08,139 [INFO   ] [TRADER] (id: 33) Placing  bid 199 lots for $3488
2020-03-21 19:56:08,140 [INFO   ] [TRADER] Order 33 filled (35 / 199)
2020-03-21 19:56:08,140 [INFO   ] [TRADER] Position changed to ETF: -65, FUTURE: 65
2020-03-21 19:56:08,140 [INFO   ] [TRADER] Cancelling 33
2020-03-21 19:56:08,140 [INFO   ] [TRADER] Order 33 cancelled
2020-03-21 19:56:08,252 [INFO   ] [TRADER] 4.84 BUYING
2020-03-21 19:56:08,252 [INFO   ] [TRADER] (id: 34) Placing  bid 165 lots for $3490
2020-03-21 19:56:08,255 [INFO   ] [TRADER] Order 34 filled (76 / 165)
2020-03-21 19:56:08,255 [INFO   ] [TRADER] Position changed to ETF: 11, FUTURE: -11
2020-03-21 19:56:08,255 [INFO   ] [TRADER] Cancelling 34
2020-03-21 19:56:08,255 [INFO   ] [TRADER] Order 34 cancelled
2020-03-21 19:56:08,302 [INFO   ] [TRADER] 129.30 BUYING
2020-03-21 19:56:08,302 [INFO   ] [TRADER] (id: 35) Placing  bid 89 lots for $3491
2020-03-21 19:56:08,307 [INFO   ] [TRADER] Order 35 cancelled
2020-03-21 19:56:08,377 [INFO   ] [TRADER] 154.26 BUYING
2020-03-21 19:56:08,377 [INFO   ] [TRADER] (id: 36) Placing  bid 89 lots for $3494
2020-03-21 19:56:08,378 [INFO   ] [TRADER] Order 36 filled (85 / 89)
2020-03-21 19:56:08,378 [INFO   ] [TRADER] Position changed to ETF: 96, FUTURE: -96
2020-03-21 19:56:08,378 [INFO   ] [TRADER] Cancelling 36
2020-03-21 19:56:08,378 [INFO   ] [TRADER] Order 36 cancelled
2020-03-21 19:56:08,428 [INFO   ] [TRADER] 182.86 BUYING
2020-03-21 19:56:08,428 [INFO   ] [TRADER] (id: 37) Placing  bid 4 lots for $3495
2020-03-21 19:56:08,429 [INFO   ] [TRADER] Order 37 cancelled
2020-03-21 19:56:08,601 [INFO   ] [TRADER] -7.16 SELLING
2020-03-21 19:56:08,601 [INFO   ] [TRADER] (id: 38) Placing  ask 196 lots for $3496
2020-03-21 19:56:08,603 [INFO   ] [TRADER] Order 38 filled (112 / 196)
2020-03-21 19:56:08,603 [INFO   ] [TRADER] Position changed to ETF: -16, FUTURE: 16
2020-03-21 19:56:08,603 [INFO   ] [TRADER] Cancelling 38
2020-03-21 19:56:08,603 [INFO   ] [TRADER] Order 38 cancelled
2020-03-21 19:56:08,778 [INFO   ] [TRADER] 4.96 BUYING
2020-03-21 19:56:08,778 [INFO   ] [TRADER] (id: 39) Placing  bid 116 lots for $3495
2020-03-21 19:56:08,782 [INFO   ] [TRADER] Order 39 filled (5 / 116)
2020-03-21 19:56:08,782 [INFO   ] [TRADER] Position changed to ETF: -11, FUTURE: 11
2020-03-21 19:56:08,782 [INFO   ] [TRADER] Cancelling 39
2020-03-21 19:56:08,782 [INFO   ] [TRADER] Order 39 cancelled
2020-03-21 19:56:08,829 [INFO   ] [TRADER] 74.68 BUYING
2020-03-21 19:56:08,829 [INFO   ] [TRADER] (id: 40) Placing  bid 111 lots for $3496
2020-03-21 19:56:08,831 [INFO   ] [TRADER] Order 40 filled (11 / 111)
2020-03-21 19:56:08,832 [INFO   ] [TRADER] Position changed to ETF: 0, FUTURE: 0
2020-03-21 19:56:08,832 [INFO   ] [TRADER] Cancelling 40
2020-03-21 19:56:08,832 [INFO   ] [TRADER] Order 40 cancelled
2020-03-21 19:56:09,003 [INFO   ] [TRADER] 68.18 BUYING
2020-03-21 19:56:09,003 [INFO   ] [TRADER] (id: 41) Placing  bid 100 lots for $3499
2020-03-21 19:56:09,006 [INFO   ] [TRADER] Order 41 filled (60 / 100)
2020-03-21 19:56:09,006 [INFO   ] [TRADER] Position changed to ETF: 60, FUTURE: -60
2020-03-21 19:56:09,006 [INFO   ] [TRADER] Cancelling 41
2020-03-21 19:56:09,006 [INFO   ] [TRADER] Order 41 cancelled
2020-03-21 19:56:09,065 [INFO   ] [TRADER] 77.29 BUYING
2020-03-21 19:56:09,066 [INFO   ] [TRADER] (id: 42) Placing  bid 40 lots for $3500
2020-03-21 19:56:09,070 [INFO   ] [TRADER] Order 42 filled (34 / 40)
2020-03-21 19:56:09,070 [INFO   ] [TRADER] Position changed to ETF: 94, FUTURE: -94
2020-03-21 19:56:09,070 [INFO   ] [TRADER] Cancelling 42
2020-03-21 19:56:09,070 [INFO   ] [TRADER] Order 42 cancelled
2020-03-21 19:56:09,176 [INFO   ] [TRADER] -12.39 SELLING
2020-03-21 19:56:09,177 [INFO   ] [TRADER] (id: 43) Placing  ask 194 lots for $3499
2020-03-21 19:56:09,179 [INFO   ] [TRADER] Order 43 filled (102 / 194)
2020-03-21 19:56:09,179 [INFO   ] [TRADER] Position changed to ETF: -8, FUTURE: 8
2020-03-21 19:56:09,179 [INFO   ] [TRADER] Cancelling 43
2020-03-21 19:56:09,179 [INFO   ] [TRADER] Order 43 cancelled
2020-03-21 19:56:09,265 [INFO   ] [TRADER] -30.65 BUYING
2020-03-21 19:56:09,266 [INFO   ] [TRADER] (id: 44) Placing  bid 108 lots for $3500
2020-03-21 19:56:09,267 [INFO   ] [TRADER] Order 44 filled (61 / 108)
2020-03-21 19:56:09,267 [INFO   ] [TRADER] Position changed to ETF: 53, FUTURE: -53
2020-03-21 19:56:09,267 [INFO   ] [TRADER] Cancelling 44
2020-03-21 19:56:09,267 [INFO   ] [TRADER] Order 44 cancelled
2020-03-21 19:56:09,414 [INFO   ] [TRADER] 69.27 BUYING
2020-03-21 19:56:09,414 [INFO   ] [TRADER] (id: 45) Placing  bid 47 lots for $3501
2020-03-21 19:56:09,418 [INFO   ] [TRADER] Order 45 cancelled
2020-03-21 19:56:09,418 [INFO   ] [TRADER] Position changed to ETF: 100, FUTURE: -100
2020-03-21 19:56:09,441 [INFO   ] [TRADER] 18.07 SELLING
2020-03-21 19:56:09,441 [INFO   ] [TRADER] (id: 46) Placing  ask 199 lots for $3500
2020-03-21 19:56:09,443 [INFO   ] [TRADER] Order 46 cancelled
2020-03-21 19:56:09,443 [INFO   ] [TRADER] Position changed to ETF: -99, FUTURE: 99
2020-03-21 19:56:09,492 [INFO   ] [TRADER] -45.74 SELLING
2020-03-21 19:56:09,492 [INFO   ] [TRADER] (id: 47) Placing  ask 1 lots for $3499
2020-03-21 19:56:09,495 [INFO   ] [TRADER] Order 47 cancelled
2020-03-21 19:56:09,565 [INFO   ] [TRADER] -131.64 SELLING
2020-03-21 19:56:09,565 [INFO   ] [TRADER] (id: 48) Placing  ask 1 lots for $3497
2020-03-21 19:56:09,565 [INFO   ] [TRADER] Order 48 cancelled
2020-03-21 19:56:09,627 [INFO   ] [TRADER] -145.91 SELLING
2020-03-21 19:56:09,627 [INFO   ] [TRADER] (id: 49) Placing  ask 1 lots for $3496
2020-03-21 19:56:09,628 [INFO   ] [TRADER] Order 49 cancelled
2020-03-21 19:56:09,702 [INFO   ] [TRADER] -64.57 BUYING
2020-03-21 19:56:09,702 [INFO   ] [TRADER] (id: 50) Placing  bid 199 lots for $3496
2020-03-21 19:56:09,705 [INFO   ] [TRADER] Order 50 filled (57 / 199)
2020-03-21 19:56:09,705 [INFO   ] [TRADER] Position changed to ETF: -42, FUTURE: 42
2020-03-21 19:56:09,705 [INFO   ] [TRADER] Cancelling 50
2020-03-21 19:56:09,705 [INFO   ] [TRADER] Order 50 cancelled
2020-03-21 19:56:09,752 [INFO   ] [TRADER] 48.53 BUYING
2020-03-21 19:56:09,752 [INFO   ] [TRADER] (id: 51) Placing  bid 142 lots for $3498
2020-03-21 19:56:09,753 [INFO   ] [TRADER] Order 51 filled (60 / 142)
2020-03-21 19:56:09,753 [INFO   ] [TRADER] Position changed to ETF: 18, FUTURE: -18
2020-03-21 19:56:09,753 [INFO   ] [TRADER] Cancelling 51
2020-03-21 19:56:09,753 [INFO   ] [TRADER] Order 51 cancelled
2020-03-21 19:56:09,877 [INFO   ] [TRADER] 72.55 SELLING
2020-03-21 19:56:09,877 [INFO   ] [TRADER] (id: 52) Placing  ask 118 lots for $3498
2020-03-21 19:56:09,878 [INFO   ] [TRADER] Order 52 cancelled
2020-03-21 19:56:09,878 [INFO   ] [TRADER] Position changed to ETF: -100, FUTURE: 100
2020-03-21 19:56:10,238 [INFO   ] [TRADER] -73.71 BUYING
2020-03-21 19:56:10,238 [INFO   ] [TRADER] (id: 53) Placing  bid 199 lots for $3495
2020-03-21 19:56:10,239 [INFO   ] [TRADER] Order 53 filled (163 / 199)
2020-03-21 19:56:10,239 [INFO   ] [TRADER] Position changed to ETF: 63, FUTURE: -63
2020-03-21 19:56:10,239 [INFO   ] [TRADER] Cancelling 53
2020-03-21 19:56:10,239 [INFO   ] [TRADER] Order 53 cancelled
2020-03-21 19:56:10,290 [INFO   ] [TRADER] 42.22 BUYING
2020-03-21 19:56:10,290 [INFO   ] [TRADER] (id: 54) Placing  bid 37 lots for $3496
2020-03-21 19:56:10,292 [INFO   ] [TRADER] Order 54 cancelled
2020-03-21 19:56:10,380 [INFO   ] [TRADER] 62.32 SELLING
2020-03-21 19:56:10,380 [INFO   ] [TRADER] (id: 55) Placing  ask 163 lots for $3496
2020-03-21 19:56:10,381 [INFO   ] [TRADER] Order 55 filled (30 / 163)
2020-03-21 19:56:10,381 [INFO   ] [TRADER] Position changed to ETF: 33, FUTURE: -33
2020-03-21 19:56:10,381 [INFO   ] [TRADER] Cancelling 55
2020-03-21 19:56:10,381 [INFO   ] [TRADER] Order 55 cancelled
2020-03-21 19:56:10,438 [INFO   ] [TRADER] -57.42 SELLING
2020-03-21 19:56:10,439 [INFO   ] [TRADER] (id: 56) Placing  ask 133 lots for $3495
2020-03-21 19:56:10,439 [INFO   ] [TRADER] Order 56 cancelled
2020-03-21 19:56:10,513 [INFO   ] [TRADER] -36.86 BUYING
2020-03-21 19:56:10,513 [INFO   ] [TRADER] (id: 57) Placing  bid 67 lots for $3496
2020-03-21 19:56:10,515 [INFO   ] [TRADER] Order 57 cancelled
2020-03-21 19:56:10,515 [INFO   ] [TRADER] Position changed to ETF: 100, FUTURE: -100
2020-03-21 19:56:10,927 [INFO   ] [TRADER] 68.28 SELLING
2020-03-21 19:56:10,927 [INFO   ] [TRADER] (id: 58) Placing  ask 199 lots for $3503
2020-03-21 19:56:10,930 [INFO   ] [TRADER] Order 58 filled (20 / 199)
2020-03-21 19:56:10,930 [INFO   ] [TRADER] Position changed to ETF: 80, FUTURE: -80
2020-03-21 19:56:10,930 [INFO   ] [TRADER] Cancelling 58
2020-03-21 19:56:10,930 [INFO   ] [TRADER] Order 58 cancelled
2020-03-21 19:56:11,003 [INFO   ] [TRADER] 4.76 BUYING
2020-03-21 19:56:11,003 [INFO   ] [TRADER] (id: 59) Placing  bid 20 lots for $3503
2020-03-21 19:56:11,007 [INFO   ] [TRADER] Order 59 cancelled
2020-03-21 19:56:11,007 [INFO   ] [TRADER] Position changed to ETF: 100, FUTURE: -100
2020-03-21 19:56:12,004 [INFO   ] [TRADER] -40.56 SELLING
2020-03-21 19:56:12,004 [INFO   ] [TRADER] (id: 60) Placing  ask 199 lots for $3508
2020-03-21 19:56:12,007 [INFO   ] [TRADER] Order 60 cancelled
2020-03-21 19:56:12,103 [INFO   ] [TRADER] -72.88 SELLING
2020-03-21 19:56:12,103 [INFO   ] [TRADER] (id: 61) Placing  ask 199 lots for $3506
2020-03-21 19:56:12,104 [INFO   ] [TRADER] Order 61 filled (31 / 199)
2020-03-21 19:56:12,104 [INFO   ] [TRADER] Position changed to ETF: 69, FUTURE: -69
2020-03-21 19:56:12,104 [INFO   ] [TRADER] Cancelling 61
2020-03-21 19:56:12,104 [INFO   ] [TRADER] Order 61 cancelled
2020-03-21 19:56:12,190 [INFO   ] [TRADER] -80.82 BUYING
2020-03-21 19:56:12,190 [INFO   ] [TRADER] (id: 62) Placing  bid 31 lots for $3505
2020-03-21 19:56:12,191 [INFO   ] [TRADER] Order 62 cancelled
2020-03-21 19:56:12,191 [INFO   ] [TRADER] Position changed to ETF: 100, FUTURE: -100
2020-03-21 19:56:13,378 [INFO   ] [TRADER] -35.32 SELLING
2020-03-21 19:56:13,378 [INFO   ] [TRADER] (id: 63) Placing  ask 199 lots for $3513
2020-03-21 19:56:13,385 [INFO   ] [TRADER] Order 63 cancelled
2020-03-21 19:56:13,439 [INFO   ] [TRADER] -190.63 SELLING
2020-03-21 19:56:13,439 [INFO   ] [TRADER] (id: 64) Placing  ask 199 lots for $3508
2020-03-21 19:56:13,440 [INFO   ] [TRADER] Order 64 filled (10 / 199)
2020-03-21 19:56:13,440 [INFO   ] [TRADER] Position changed to ETF: 90, FUTURE: -90
2020-03-21 19:56:13,440 [INFO   ] [TRADER] Cancelling 64
2020-03-21 19:56:13,440 [INFO   ] [TRADER] Order 64 cancelled
2020-03-21 19:56:13,505 [INFO   ] [TRADER] -206.69 BUYING
2020-03-21 19:56:13,506 [INFO   ] [TRADER] (id: 65) Placing  bid 10 lots for $3508
2020-03-21 19:56:13,513 [INFO   ] [TRADER] Order 65 cancelled
2020-03-21 19:56:13,513 [INFO   ] [TRADER] Position changed to ETF: 100, FUTURE: -100
2020-03-21 19:56:14,102 [INFO   ] [TRADER] 24.13 SELLING
2020-03-21 19:56:14,102 [INFO   ] [TRADER] (id: 66) Placing  ask 199 lots for $3510
2020-03-21 19:56:14,104 [INFO   ] [TRADER] Order 66 filled (26 / 199)
2020-03-21 19:56:14,104 [INFO   ] [TRADER] Position changed to ETF: 74, FUTURE: -74
2020-03-21 19:56:14,104 [INFO   ] [TRADER] Cancelling 66
2020-03-21 19:56:14,104 [INFO   ] [TRADER] Order 66 cancelled
2020-03-21 19:56:14,239 [INFO   ] [TRADER] -125.84 SELLING
2020-03-21 19:56:14,239 [INFO   ] [TRADER] (id: 67) Placing  ask 174 lots for $3508
2020-03-21 19:56:14,240 [INFO   ] [TRADER] Order 67 filled (30 / 174)
2020-03-21 19:56:14,240 [INFO   ] [TRADER] Position changed to ETF: 44, FUTURE: -44
2020-03-21 19:56:14,240 [INFO   ] [TRADER] Cancelling 67
2020-03-21 19:56:14,240 [INFO   ] [TRADER] Order 67 cancelled
2020-03-21 19:56:14,390 [INFO   ] [TRADER] -39.01 BUYING
2020-03-21 19:56:14,390 [INFO   ] [TRADER] (id: 68) Placing  bid 56 lots for $3507
2020-03-21 19:56:14,393 [INFO   ] [TRADER] Order 68 cancelled
2020-03-21 19:56:14,393 [INFO   ] [TRADER] Position changed to ETF: 100, FUTURE: -100
2020-03-21 19:56:15,577 [INFO   ] [TRADER] -74.65 SELLING
2020-03-21 19:56:15,577 [INFO   ] [TRADER] (id: 69) Placing  ask 199 lots for $3513
2020-03-21 19:56:15,580 [INFO   ] [TRADER] Order 69 cancelled
2020-03-21 19:56:15,627 [INFO   ] [TRADER] -150.95 SELLING
2020-03-21 19:56:15,627 [INFO   ] [TRADER] (id: 70) Placing  ask 199 lots for $3511
2020-03-21 19:56:15,628 [INFO   ] [TRADER] Order 70 filled (21 / 199)
2020-03-21 19:56:15,628 [INFO   ] [TRADER] Position changed to ETF: 79, FUTURE: -79
2020-03-21 19:56:15,629 [INFO   ] [TRADER] Cancelling 70
2020-03-21 19:56:15,629 [INFO   ] [TRADER] Order 70 cancelled
2020-03-21 19:56:15,702 [INFO   ] [TRADER] -160.72 SELLING
2020-03-21 19:56:15,702 [INFO   ] [TRADER] (id: 71) Placing  ask 179 lots for $3510
2020-03-21 19:56:15,703 [INFO   ] [TRADER] Order 71 filled (12 / 179)
2020-03-21 19:56:15,704 [INFO   ] [TRADER] Position changed to ETF: 67, FUTURE: -67
2020-03-21 19:56:15,704 [INFO   ] [TRADER] Cancelling 71
2020-03-21 19:56:15,704 [INFO   ] [TRADER] Order 71 cancelled
2020-03-21 19:56:15,828 [INFO   ] [TRADER] -11.33 BUYING
2020-03-21 19:56:15,828 [INFO   ] [TRADER] (id: 72) Placing  bid 33 lots for $3510
2020-03-21 19:56:15,829 [INFO   ] [TRADER] Order 72 cancelled
2020-03-21 19:56:15,829 [INFO   ] [TRADER] Position changed to ETF: 100, FUTURE: -100
2020-03-21 19:56:16,139 [INFO   ] [TRADER] -15.31 SELLING
2020-03-21 19:56:16,140 [INFO   ] [TRADER] (id: 73) Placing  ask 199 lots for $3511
2020-03-21 19:56:16,141 [INFO   ] [TRADER] Order 73 filled (67 / 199)
2020-03-21 19:56:16,141 [INFO   ] [TRADER] Position changed to ETF: 33, FUTURE: -33
2020-03-21 19:56:16,141 [INFO   ] [TRADER] Cancelling 73
2020-03-21 19:56:16,141 [INFO   ] [TRADER] Order 73 cancelled
2020-03-21 19:56:16,190 [INFO   ] [TRADER] -71.96 SELLING
2020-03-21 19:56:16,190 [INFO   ] [TRADER] (id: 74) Placing  ask 133 lots for $3509
2020-03-21 19:56:16,192 [INFO   ] [TRADER] Order 74 cancelled
2020-03-21 19:56:16,414 [INFO   ] [TRADER] 69.35 BUYING
2020-03-21 19:56:16,414 [INFO   ] [TRADER] (id: 75) Placing  bid 67 lots for $3509
2020-03-21 19:56:16,414 [INFO   ] [TRADER] Order 75 cancelled
2020-03-21 19:56:16,414 [INFO   ] [TRADER] Position changed to ETF: 100, FUTURE: -100
2020-03-21 19:56:16,653 [INFO   ] [TRADER] -78.58 SELLING
2020-03-21 19:56:16,653 [INFO   ] [TRADER] (id: 76) Placing  ask 199 lots for $3508
2020-03-21 19:56:16,657 [INFO   ] [TRADER] Order 76 filled (166 / 199)
2020-03-21 19:56:16,657 [INFO   ] [TRADER] Position changed to ETF: -66, FUTURE: 66
2020-03-21 19:56:16,657 [INFO   ] [TRADER] Cancelling 76
2020-03-21 19:56:16,657 [INFO   ] [TRADER] Order 76 cancelled
2020-03-21 19:56:16,765 [INFO   ] [TRADER] -51.83 SELLING
2020-03-21 19:56:16,765 [INFO   ] [TRADER] (id: 77) Placing  ask 34 lots for $3507
2020-03-21 19:56:16,766 [INFO   ] [TRADER] Order 77 filled (18 / 34)
2020-03-21 19:56:16,766 [INFO   ] [TRADER] Position changed to ETF: -84, FUTURE: 84
2020-03-21 19:56:16,766 [INFO   ] [TRADER] Cancelling 77
2020-03-21 19:56:16,766 [INFO   ] [TRADER] Order 77 cancelled
2020-03-21 19:56:16,827 [INFO   ] [TRADER] -93.55 SELLING
2020-03-21 19:56:16,827 [INFO   ] [TRADER] (id: 78) Placing  ask 16 lots for $3506
2020-03-21 19:56:16,828 [INFO   ] [TRADER] Order 78 cancelled
2020-03-21 19:56:16,828 [INFO   ] [TRADER] Position changed to ETF: -100, FUTURE: 100
2020-03-21 19:56:18,465 [INFO   ] [TRADER] 18.70 BUYING
2020-03-21 19:56:18,465 [INFO   ] [TRADER] (id: 79) Placing  bid 199 lots for $3499
2020-03-21 19:56:18,465 [INFO   ] [TRADER] Order 79 cancelled
2020-03-21 19:56:18,614 [INFO   ] [TRADER] 90.31 BUYING
2020-03-21 19:56:18,614 [INFO   ] [TRADER] (id: 80) Placing  bid 199 lots for $3501
2020-03-21 19:56:18,616 [INFO   ] [TRADER] Order 80 cancelled
2020-03-21 19:56:18,689 [INFO   ] [TRADER] 61.52 BUYING
2020-03-21 19:56:18,689 [INFO   ] [TRADER] (id: 81) Placing  bid 199 lots for $3502
2020-03-21 19:56:18,691 [INFO   ] [TRADER] Order 81 cancelled
2020-03-21 19:56:18,978 [INFO   ] [TRADER] 48.58 BUYING
2020-03-21 19:56:18,978 [INFO   ] [TRADER] (id: 82) Placing  bid 199 lots for $3503
2020-03-21 19:56:18,980 [INFO   ] [TRADER] Order 82 filled (108 / 199)
2020-03-21 19:56:18,980 [INFO   ] [TRADER] Position changed to ETF: 8, FUTURE: -8
2020-03-21 19:56:18,980 [INFO   ] [TRADER] Cancelling 82
2020-03-21 19:56:18,980 [INFO   ] [TRADER] Order 82 cancelled
2020-03-21 19:56:19,065 [INFO   ] [TRADER] 64.16 SELLING
2020-03-21 19:56:19,065 [INFO   ] [TRADER] (id: 83) Placing  ask 108 lots for $3504
2020-03-21 19:56:19,066 [INFO   ] [TRADER] Order 83 cancelled
2020-03-21 19:56:19,067 [INFO   ] [TRADER] Position changed to ETF: -100, FUTURE: 100
2020-03-21 19:56:19,128 [INFO   ] [TRADER] 7.22 BUYING
2020-03-21 19:56:19,128 [INFO   ] [TRADER] (id: 84) Placing  bid 199 lots for $3503
2020-03-21 19:56:19,130 [INFO   ] [TRADER] Order 84 filled (116 / 199)
2020-03-21 19:56:19,130 [INFO   ] [TRADER] Position changed to ETF: 16, FUTURE: -16
2020-03-21 19:56:19,130 [INFO   ] [TRADER] Cancelling 84
2020-03-21 19:56:19,130 [INFO   ] [TRADER] Order 84 cancelled
2020-03-21 19:56:19,289 [INFO   ] [TRADER] -17.72 SELLING
2020-03-21 19:56:19,289 [INFO   ] [TRADER] (id: 85) Placing  ask 116 lots for $3503
2020-03-21 19:56:19,290 [INFO   ] [TRADER] Order 85 filled (115 / 116)
2020-03-21 19:56:19,290 [INFO   ] [TRADER] Position changed to ETF: -99, FUTURE: 99
2020-03-21 19:56:19,291 [INFO   ] [TRADER] Cancelling 85
2020-03-21 19:56:19,291 [INFO   ] [TRADER] Order 85 cancelled
2020-03-21 19:56:19,376 [INFO   ] [TRADER] -44.77 SELLING
2020-03-21 19:56:19,376 [INFO   ] [TRADER] (id: 86) Placing  ask 1 lots for $3502
2020-03-21 19:56:19,377 [INFO   ] [TRADER] Order 86 cancelled
2020-03-21 19:56:19,502 [INFO   ] [TRADER] 21.65 BUYING
2020-03-21 19:56:19,502 [INFO   ] [TRADER] (id: 87) Placing  bid 199 lots for $3502
2020-03-21 19:56:19,505 [INFO   ] [TRADER] Order 87 cancelled
2020-03-21 19:56:19,552 [INFO   ] [TRADER] 32.16 SELLING
2020-03-21 19:56:19,552 [INFO   ] [TRADER] (id: 88) Placing  ask 1 lots for $3502
2020-03-21 19:56:19,555 [INFO   ] [TRADER] Order 88 cancelled
2020-03-21 19:56:19,556 [INFO   ] [TRADER] Position changed to ETF: -100, FUTURE: 100
2020-03-21 19:56:19,666 [INFO   ] [TRADER] -87.88 BUYING
2020-03-21 19:56:19,666 [INFO   ] [TRADER] (id: 89) Placing  bid 199 lots for $3500
2020-03-21 19:56:19,668 [INFO   ] [TRADER] Order 89 cancelled
2020-03-21 19:56:20,702 [INFO   ] [TRADER] 47.55 BUYING
2020-03-21 19:56:20,702 [INFO   ] [TRADER] (id: 90) Placing  bid 199 lots for $3498
2020-03-21 19:56:20,705 [INFO   ] [TRADER] Order 90 filled (42 / 199)
2020-03-21 19:56:20,705 [INFO   ] [TRADER] Position changed to ETF: -58, FUTURE: 58
2020-03-21 19:56:20,705 [INFO   ] [TRADER] Cancelling 90
2020-03-21 19:56:20,705 [INFO   ] [TRADER] Order 90 cancelled
2020-03-21 19:56:20,788 [INFO   ] [TRADER] 92.22 BUYING
2020-03-21 19:56:20,788 [INFO   ] [TRADER] (id: 91) Placing  bid 158 lots for $3498
2020-03-21 19:56:20,789 [INFO   ] [TRADER] Order 91 filled (57 / 158)
2020-03-21 19:56:20,789 [INFO   ] [TRADER] Position changed to ETF: -1, FUTURE: 1
2020-03-21 19:56:20,789 [INFO   ] [TRADER] Cancelling 91
2020-03-21 19:56:20,789 [INFO   ] [TRADER] Order 91 cancelled
2020-03-21 19:56:20,828 [INFO   ] [TRADER] 42.65 SELLING
2020-03-21 19:56:20,828 [INFO   ] [TRADER] (id: 92) Placing  ask 99 lots for $3498
2020-03-21 19:56:20,832 [INFO   ] [TRADER] Order 92 filled (84 / 99)
2020-03-21 19:56:20,832 [INFO   ] [TRADER] Position changed to ETF: -85, FUTURE: 85
2020-03-21 19:56:20,832 [INFO   ] [TRADER] Cancelling 92
2020-03-21 19:56:20,832 [INFO   ] [TRADER] Order 92 cancelled
2020-03-21 19:56:20,890 [INFO   ] [TRADER] -70.92 SELLING
2020-03-21 19:56:20,890 [INFO   ] [TRADER] (id: 93) Placing  ask 15 lots for $3497
2020-03-21 19:56:20,890 [INFO   ] [TRADER] Order 93 cancelled
2020-03-21 19:56:20,952 [INFO   ] [TRADER] -86.01 SELLING
2020-03-21 19:56:20,952 [INFO   ] [TRADER] (id: 94) Placing  ask 15 lots for $3497
2020-03-21 19:56:20,952 [INFO   ] [TRADER] Order 94 cancelled
2020-03-21 19:56:20,952 [INFO   ] [TRADER] Position changed to ETF: -100, FUTURE: 100
2020-03-21 19:56:21,389 [INFO   ] [TRADER] 23.38 BUYING
2020-03-21 19:56:21,389 [INFO   ] [TRADER] (id: 95) Placing  bid 199 lots for $3496
2020-03-21 19:56:21,391 [INFO   ] [TRADER] Order 95 filled (33 / 199)
2020-03-21 19:56:21,391 [INFO   ] [TRADER] Position changed to ETF: -67, FUTURE: 67
2020-03-21 19:56:21,391 [INFO   ] [TRADER] Cancelling 95
2020-03-21 19:56:21,391 [INFO   ] [TRADER] Order 95 cancelled
2020-03-21 19:56:21,689 [INFO   ] [TRADER] 9.07 BUYING
2020-03-21 19:56:21,689 [INFO   ] [TRADER] (id: 96) Placing  bid 167 lots for $3498
2020-03-21 19:56:21,691 [INFO   ] [TRADER] Order 96 filled (89 / 167)
2020-03-21 19:56:21,691 [INFO   ] [TRADER] Position changed to ETF: 22, FUTURE: -22
2020-03-21 19:56:21,691 [INFO   ] [TRADER] Cancelling 96
2020-03-21 19:56:21,691 [INFO   ] [TRADER] Order 96 cancelled
2020-03-21 19:56:21,838 [INFO   ] [TRADER] 46.99 BUYING
2020-03-21 19:56:21,838 [INFO   ] [TRADER] (id: 97) Placing  bid 78 lots for $3499
2020-03-21 19:56:21,839 [INFO   ] [TRADER] Order 97 filled (48 / 78)
2020-03-21 19:56:21,839 [INFO   ] [TRADER] Position changed to ETF: 70, FUTURE: -70
2020-03-21 19:56:21,839 [INFO   ] [TRADER] Cancelling 97
2020-03-21 19:56:21,840 [INFO   ] [TRADER] Order 97 cancelled
2020-03-21 19:56:22,027 [INFO   ] [TRADER] 46.27 BUYING
2020-03-21 19:56:22,027 [INFO   ] [TRADER] (id: 98) Placing  bid 30 lots for $3501
2020-03-21 19:56:22,028 [INFO   ] [TRADER] Order 98 cancelled
2020-03-21 19:56:22,028 [INFO   ] [TRADER] Position changed to ETF: 100, FUTURE: -100
2020-03-21 19:56:22,340 [INFO   ] [TRADER] 5.55 SELLING
2020-03-21 19:56:22,341 [INFO   ] [TRADER] (id: 99) Placing  ask 199 lots for $3502
2020-03-21 19:56:22,342 [INFO   ] [TRADER] Order 99 cancelled
2020-03-21 19:56:22,402 [INFO   ] [TRADER] -114.11 SELLING
2020-03-21 19:56:22,402 [INFO   ] [TRADER] (id: 100) Placing  ask 199 lots for $3501
2020-03-21 19:56:22,402 [INFO   ] [TRADER] Order 100 cancelled
2020-03-21 19:56:22,453 [INFO   ] [TRADER] -161.03 SELLING
2020-03-21 19:56:22,453 [INFO   ] [TRADER] (id: 101) Placing  ask 199 lots for $3500
2020-03-21 19:56:22,456 [INFO   ] [TRADER] Order 101 filled (6 / 199)
2020-03-21 19:56:22,456 [INFO   ] [TRADER] Position changed to ETF: 94, FUTURE: -94
2020-03-21 19:56:22,456 [INFO   ] [TRADER] Cancelling 101
2020-03-21 19:56:22,456 [INFO   ] [TRADER] Order 101 cancelled
2020-03-21 19:56:22,514 [INFO   ] [TRADER] -174.12 SELLING
2020-03-21 19:56:22,514 [INFO   ] [TRADER] (id: 102) Placing  ask 194 lots for $3498
2020-03-21 19:56:22,515 [INFO   ] [TRADER] Order 102 filled (69 / 194)
2020-03-21 19:56:22,515 [INFO   ] [TRADER] Position changed to ETF: 25, FUTURE: -25
2020-03-21 19:56:22,515 [INFO   ] [TRADER] Cancelling 102
2020-03-21 19:56:22,516 [INFO   ] [TRADER] Order 102 cancelled
2020-03-21 19:56:22,565 [INFO   ] [TRADER] -151.68 SELLING
2020-03-21 19:56:22,565 [INFO   ] [TRADER] (id: 103) Placing  ask 125 lots for $3496
2020-03-21 19:56:22,565 [INFO   ] [TRADER] Order 103 filled (41 / 125)
2020-03-21 19:56:22,565 [INFO   ] [TRADER] Position changed to ETF: -16, FUTURE: 16
2020-03-21 19:56:22,565 [INFO   ] [TRADER] Cancelling 103
2020-03-21 19:56:22,565 [INFO   ] [TRADER] Order 103 cancelled
2020-03-21 19:56:22,665 [INFO   ] [TRADER] -107.17 SELLING
2020-03-21 19:56:22,665 [INFO   ] [TRADER] (id: 104) Placing  ask 84 lots for $3495
2020-03-21 19:56:22,667 [INFO   ] [TRADER] Order 104 filled (25 / 84)
2020-03-21 19:56:22,667 [INFO   ] [TRADER] Position changed to ETF: -41, FUTURE: 41
2020-03-21 19:56:22,667 [INFO   ] [TRADER] Cancelling 104
2020-03-21 19:56:22,667 [INFO   ] [TRADER] Order 104 cancelled
2020-03-21 19:56:22,717 [INFO   ] [TRADER] -78.12 SELLING
2020-03-21 19:56:22,717 [INFO   ] [TRADER] (id: 105) Placing  ask 59 lots for $3494
2020-03-21 19:56:22,718 [INFO   ] [TRADER] Order 105 cancelled
2020-03-21 19:56:22,718 [INFO   ] [TRADER] Position changed to ETF: -100, FUTURE: 100
2020-03-21 19:56:23,366 [INFO   ] [TRADER] 98.80 BUYING
2020-03-21 19:56:23,366 [INFO   ] [TRADER] (id: 106) Placing  bid 199 lots for $3488
2020-03-21 19:56:23,368 [INFO   ] [TRADER] Order 106 cancelled
2020-03-21 19:56:24,540 [INFO   ] [TRADER] 207.58 BUYING
2020-03-21 19:56:24,540 [INFO   ] [TRADER] (id: 107) Placing  bid 199 lots for $3484
2020-03-21 19:56:24,541 [INFO   ] [TRADER] Order 107 filled (25 / 199)
2020-03-21 19:56:24,541 [INFO   ] [TRADER] Position changed to ETF: -75, FUTURE: 75
2020-03-21 19:56:24,541 [INFO   ] [TRADER] Cancelling 107
2020-03-21 19:56:24,541 [INFO   ] [TRADER] Order 107 cancelled
2020-03-21 19:56:24,651 [INFO   ] [TRADER] 74.98 SELLING
2020-03-21 19:56:24,651 [INFO   ] [TRADER] (id: 108) Placing  ask 25 lots for $3484
2020-03-21 19:56:24,652 [INFO   ] [TRADER] Order 108 filled (10 / 25)
2020-03-21 19:56:24,652 [INFO   ] [TRADER] Position changed to ETF: -85, FUTURE: 85
2020-03-21 19:56:24,652 [INFO   ] [TRADER] Cancelling 108
2020-03-21 19:56:24,652 [INFO   ] [TRADER] Order 108 cancelled
2020-03-21 19:56:24,702 [INFO   ] [TRADER] -42.30 SELLING
2020-03-21 19:56:24,702 [INFO   ] [TRADER] (id: 109) Placing  ask 15 lots for $3483
2020-03-21 19:56:24,702 [INFO   ] [TRADER] Order 109 cancelled
2020-03-21 19:56:24,702 [INFO   ] [TRADER] Position changed to ETF: -100, FUTURE: 100
2020-03-21 19:56:25,003 [INFO   ] [TRADER] 94.08 BUYING
2020-03-21 19:56:25,003 [INFO   ] [TRADER] (id: 110) Placing  bid 199 lots for $3484
2020-03-21 19:56:25,005 [INFO   ] [TRADER] Order 110 cancelled
2020-03-21 19:56:25,227 [INFO   ] [TRADER] 78.65 BUYING
2020-03-21 19:56:25,227 [INFO   ] [TRADER] (id: 111) Placing  bid 199 lots for $3488
2020-03-21 19:56:25,228 [INFO   ] [TRADER] Order 111 cancelled
2020-03-21 19:56:25,278 [INFO   ] [TRADER] 83.48 BUYING
2020-03-21 19:56:25,278 [INFO   ] [TRADER] (id: 112) Placing  bid 199 lots for $3489
2020-03-21 19:56:25,279 [INFO   ] [TRADER] Order 112 filled (15 / 199)
2020-03-21 19:56:25,279 [INFO   ] [TRADER] Position changed to ETF: -85, FUTURE: 85
2020-03-21 19:56:25,279 [INFO   ] [TRADER] Cancelling 112
2020-03-21 19:56:25,279 [INFO   ] [TRADER] Order 112 cancelled
2020-03-21 19:56:25,352 [INFO   ] [TRADER] 88.65 BUYING
2020-03-21 19:56:25,352 [INFO   ] [TRADER] (id: 113) Placing  bid 185 lots for $3490
2020-03-21 19:56:25,356 [INFO   ] [TRADER] Order 113 filled (19 / 185)
2020-03-21 19:56:25,356 [INFO   ] [TRADER] Position changed to ETF: -66, FUTURE: 66
2020-03-21 19:56:25,356 [INFO   ] [TRADER] Cancelling 113
2020-03-21 19:56:25,356 [INFO   ] [TRADER] Order 113 cancelled
2020-03-21 19:56:25,414 [INFO   ] [TRADER] 80.50 BUYING
2020-03-21 19:56:25,414 [INFO   ] [TRADER] (id: 114) Placing  bid 166 lots for $3491
2020-03-21 19:56:25,416 [INFO   ] [TRADER] Order 114 cancelled
2020-03-21 19:56:25,416 [INFO   ] [TRADER] Position changed to ETF: 100, FUTURE: -100
2020-03-21 19:56:25,489 [INFO   ] [TRADER] -1.30 SELLING
2020-03-21 19:56:25,489 [INFO   ] [TRADER] (id: 115) Placing  ask 199 lots for $3490
2020-03-21 19:56:25,492 [INFO   ] [TRADER] Order 115 filled (45 / 199)
2020-03-21 19:56:25,492 [INFO   ] [TRADER] Position changed to ETF: 55, FUTURE: -55
2020-03-21 19:56:25,492 [INFO   ] [TRADER] Cancelling 115
2020-03-21 19:56:25,492 [INFO   ] [TRADER] Order 115 cancelled
2020-03-21 19:56:25,539 [INFO   ] [TRADER] -74.97 SELLING
2020-03-21 19:56:25,540 [INFO   ] [TRADER] (id: 116) Placing  ask 155 lots for $3489
2020-03-21 19:56:25,541 [INFO   ] [TRADER] Order 116 filled (30 / 155)
2020-03-21 19:56:25,541 [INFO   ] [TRADER] Position changed to ETF: 25, FUTURE: -25
2020-03-21 19:56:25,541 [INFO   ] [TRADER] Cancelling 116
2020-03-21 19:56:25,541 [INFO   ] [TRADER] Order 116 cancelled
2020-03-21 19:56:25,639 [INFO   ] [TRADER] -90.16 BUYING
2020-03-21 19:56:25,639 [INFO   ] [TRADER] (id: 117) Placing  bid 75 lots for $3488
2020-03-21 19:56:25,641 [INFO   ] [TRADER] Order 117 cancelled
2020-03-21 19:56:25,641 [INFO   ] [TRADER] Position changed to ETF: 100, FUTURE: -100
2020-03-21 19:56:26,239 [INFO   ] [TRADER] -65.07 SELLING
2020-03-21 19:56:26,239 [INFO   ] [TRADER] (id: 118) Placing  ask 199 lots for $3492
2020-03-21 19:56:26,242 [INFO   ] [TRADER] Order 118 filled (30 / 199)
2020-03-21 19:56:26,242 [INFO   ] [TRADER] Position changed to ETF: 70, FUTURE: -70
2020-03-21 19:56:26,242 [INFO   ] [TRADER] Cancelling 118
2020-03-21 19:56:26,242 [INFO   ] [TRADER] Order 118 cancelled
2020-03-21 19:56:26,514 [INFO   ] [TRADER] 19.28 BUYING
2020-03-21 19:56:26,514 [INFO   ] [TRADER] (id: 119) Placing  bid 30 lots for $3492
2020-03-21 19:56:26,517 [INFO   ] [TRADER] Order 119 cancelled
2020-03-21 19:56:26,517 [INFO   ] [TRADER] Position changed to ETF: 100, FUTURE: -100
2020-03-21 19:56:26,990 [INFO   ] [TRADER] -63.85 SELLING
2020-03-21 19:56:26,990 [INFO   ] [TRADER] (id: 120) Placing  ask 199 lots for $3492
2020-03-21 19:56:26,991 [INFO   ] [TRADER] Order 120 filled (65 / 199)
2020-03-21 19:56:26,991 [INFO   ] [TRADER] Position changed to ETF: 35, FUTURE: -35
2020-03-21 19:56:26,991 [INFO   ] [TRADER] Cancelling 120
2020-03-21 19:56:26,991 [INFO   ] [TRADER] Order 120 cancelled
2020-03-21 19:56:27,151 [INFO   ] [TRADER] -9.80 BUYING
2020-03-21 19:56:27,151 [INFO   ] [TRADER] (id: 121) Placing  bid 65 lots for $3492
2020-03-21 19:56:27,152 [INFO   ] [TRADER] Order 121 cancelled
2020-03-21 19:56:27,152 [INFO   ] [TRADER] Position changed to ETF: 100, FUTURE: -100
