2020-03-22 11:15:40,352 [INFO   ] [APP] TeamChank started with arguments={run.py}
2020-03-22 11:15:40,352 [INFO   ] [APP] configuration={"Execution":{"Host":"127.0.0.1","Port":12345},"Information":{"AllowBroadcast":false,"Interface":"0.0.0.0","ListenAddress":"239.255.1.1","Port":12346},"TeamName":"TeamChank","Secret":"12345"}
2020-03-22 11:15:45,112 [INFO   ] [TRADER] Quoting bid price 3408 (Existing 0)
2020-03-22 11:15:45,112 [INFO   ] [TRADER] Bid crosses ask
2020-03-22 11:15:45,113 [INFO   ] [TRADER] placing bid
2020-03-22 11:15:45,113 [INFO   ] [TRADER] (id: 1) Placing  bid 20 lots for $3408
2020-03-22 11:15:45,113 [INFO   ] [TRADER] Quoting ask price 3411 (Existing 0)
2020-03-22 11:15:45,113 [INFO   ] [TRADER] placing ask
2020-03-22 11:15:45,114 [INFO   ] [TRADER] (id: 2) Placing  ask 20 lots for $3411
2020-03-22 11:15:45,114 [INFO   ] [TRADER] Order 1 placed
2020-03-22 11:15:45,115 [INFO   ] [TRADER] Order 2 placed
2020-03-22 11:15:46,359 [INFO   ] [TRADER] Quoting bid price 3409 (Existing 3408)
2020-03-22 11:15:46,360 [INFO   ] [TRADER] placing bid
2020-03-22 11:15:46,360 [INFO   ] [TRADER] Cancelling 1
2020-03-22 11:15:46,361 [INFO   ] [TRADER] (id: 3) Placing  bid 20 lots for $3409
2020-03-22 11:15:46,361 [INFO   ] [TRADER] Quoting ask price 3411 (Existing 3411)
2020-03-22 11:15:46,361 [INFO   ] [TRADER] Same price as existing ask
2020-03-22 11:15:46,362 [INFO   ] [TRADER] Quoting ask price 3411 (Existing 3411)
2020-03-22 11:15:46,363 [INFO   ] [TRADER] Same price as existing ask
2020-03-22 11:15:46,363 [INFO   ] [TRADER] Order 1 cancelled
2020-03-22 11:15:46,363 [INFO   ] [TRADER] Order 3 placed
2020-03-22 11:15:46,609 [INFO   ] [TRADER] Quoting ask price 3411 (Existing 3411)
2020-03-22 11:15:46,609 [INFO   ] [TRADER] Same price as existing ask
2020-03-22 11:15:46,611 [INFO   ] [TRADER] Quoting ask price 3410 (Existing 3411)
2020-03-22 11:15:46,611 [INFO   ] [TRADER] placing ask
2020-03-22 11:15:46,611 [INFO   ] [TRADER] Cancelling 2
2020-03-22 11:15:46,611 [INFO   ] [TRADER] (id: 4) Placing  ask 20 lots for $3410
2020-03-22 11:15:46,612 [INFO   ] [TRADER] Order 2 cancelled
2020-03-22 11:15:46,612 [INFO   ] [TRADER] Order 4 placed
2020-03-22 11:15:47,362 [INFO   ] [TRADER] Quoting bid price 3409 (Existing 3409)
2020-03-22 11:15:47,362 [INFO   ] [TRADER] Same price as existing bid
2020-03-22 11:15:47,364 [INFO   ] [TRADER] Quoting bid price 3409 (Existing 3409)
2020-03-22 11:15:47,364 [INFO   ] [TRADER] Same price as existing bid
2020-03-22 11:15:47,608 [INFO   ] [TRADER] Quoting bid price 3409 (Existing 3409)
2020-03-22 11:15:47,608 [INFO   ] [TRADER] Same price as existing bid
2020-03-22 11:15:47,609 [INFO   ] [TRADER] Quoting bid price 3409 (Existing 3409)
2020-03-22 11:15:47,609 [INFO   ] [TRADER] Same price as existing bid
2020-03-22 11:15:47,858 [INFO   ] [TRADER] Quoting bid price 3409 (Existing 3409)
2020-03-22 11:15:47,858 [INFO   ] [TRADER] Same price as existing bid
2020-03-22 11:15:47,859 [INFO   ] [TRADER] Quoting ask price 3410 (Existing 3410)
2020-03-22 11:15:47,859 [INFO   ] [TRADER] Same price as existing ask
2020-03-22 11:15:47,860 [INFO   ] [TRADER] Quoting bid price 3409 (Existing 3409)
2020-03-22 11:15:47,860 [INFO   ] [TRADER] Same price as existing bid
2020-03-22 11:15:47,860 [INFO   ] [TRADER] Quoting ask price 3410 (Existing 3410)
2020-03-22 11:15:47,861 [INFO   ] [TRADER] Same price as existing ask
2020-03-22 11:15:48,108 [INFO   ] [TRADER] Quoting bid price 3409 (Existing 3409)
2020-03-22 11:15:48,109 [INFO   ] [TRADER] Same price as existing bid
2020-03-22 11:15:48,109 [INFO   ] [TRADER] Quoting ask price 3410 (Existing 3410)
2020-03-22 11:15:48,109 [INFO   ] [TRADER] Same price as existing ask
2020-03-22 11:15:48,110 [INFO   ] [TRADER] Quoting bid price 3409 (Existing 3409)
2020-03-22 11:15:48,111 [INFO   ] [TRADER] Same price as existing bid
2020-03-22 11:15:48,111 [INFO   ] [TRADER] Quoting ask price 3410 (Existing 3410)
2020-03-22 11:15:48,111 [INFO   ] [TRADER] Same price as existing ask
2020-03-22 11:15:48,361 [INFO   ] [TRADER] Quoting bid price 3409 (Existing 3409)
2020-03-22 11:15:48,361 [INFO   ] [TRADER] Same price as existing bid
2020-03-22 11:15:48,361 [INFO   ] [TRADER] Quoting ask price 3410 (Existing 3410)
2020-03-22 11:15:48,362 [INFO   ] [TRADER] Same price as existing ask
2020-03-22 11:15:48,364 [INFO   ] [TRADER] Quoting bid price 3409 (Existing 3409)
2020-03-22 11:15:48,364 [INFO   ] [TRADER] Same price as existing bid
2020-03-22 11:15:48,365 [INFO   ] [TRADER] Quoting ask price 3410 (Existing 3410)
2020-03-22 11:15:48,365 [INFO   ] [TRADER] Same price as existing ask
2020-03-22 11:15:48,607 [INFO   ] [TRADER] Order 4 filled (3 / 20)
2020-03-22 11:15:48,607 [INFO   ] [TRADER] Position changed to ETF: -3, FUTURE: 3
2020-03-22 11:15:48,609 [INFO   ] [TRADER] Quoting bid price 3409 (Existing 3409)
2020-03-22 11:15:48,609 [INFO   ] [TRADER] Same price as existing bid
2020-03-22 11:15:48,609 [INFO   ] [TRADER] Quoting ask price 3410 (Existing 3410)
2020-03-22 11:15:48,609 [INFO   ] [TRADER] Same price as existing ask
2020-03-22 11:15:48,611 [INFO   ] [TRADER] Quoting bid price 3409 (Existing 3409)
2020-03-22 11:15:48,611 [INFO   ] [TRADER] Same price as existing bid
2020-03-22 11:15:48,611 [INFO   ] [TRADER] Quoting ask price 3410 (Existing 3410)
2020-03-22 11:15:48,611 [INFO   ] [TRADER] Same price as existing ask
2020-03-22 11:15:48,857 [INFO   ] [TRADER] Order 4 filled (13 / 20)
2020-03-22 11:15:48,857 [INFO   ] [TRADER] Position changed to ETF: -13, FUTURE: 13
2020-03-22 11:15:48,859 [INFO   ] [TRADER] Quoting bid price 3409 (Existing 3409)
2020-03-22 11:15:48,859 [INFO   ] [TRADER] Same price as existing bid
2020-03-22 11:15:48,860 [INFO   ] [TRADER] Quoting ask price 3410 (Existing 3410)
2020-03-22 11:15:48,860 [INFO   ] [TRADER] Same price as existing ask
2020-03-22 11:15:48,861 [INFO   ] [TRADER] Quoting bid price 3409 (Existing 3409)
2020-03-22 11:15:48,862 [INFO   ] [TRADER] Same price as existing bid
2020-03-22 11:15:48,862 [INFO   ] [TRADER] Quoting ask price 3410 (Existing 3410)
2020-03-22 11:15:48,862 [INFO   ] [TRADER] Same price as existing ask
2020-03-22 11:15:49,107 [INFO   ] [TRADER] Order 3 filled (13 / 20)
2020-03-22 11:15:49,107 [INFO   ] [TRADER] Position changed to ETF: 0, FUTURE: 0
2020-03-22 11:15:49,109 [INFO   ] [TRADER] Quoting bid price 3409 (Existing 3409)
2020-03-22 11:15:49,109 [INFO   ] [TRADER] Same price as existing bid
2020-03-22 11:15:49,109 [INFO   ] [TRADER] Quoting ask price 3410 (Existing 3410)
2020-03-22 11:15:49,109 [INFO   ] [TRADER] Same price as existing ask
2020-03-22 11:15:49,110 [INFO   ] [TRADER] Quoting bid price 3409 (Existing 3409)
2020-03-22 11:15:49,111 [INFO   ] [TRADER] Same price as existing bid
2020-03-22 11:15:49,111 [INFO   ] [TRADER] Quoting ask price 3410 (Existing 3410)
2020-03-22 11:15:49,111 [INFO   ] [TRADER] Same price as existing ask
2020-03-22 11:15:49,356 [INFO   ] [TRADER] Order 4 filled (20 / 20)
2020-03-22 11:15:49,357 [INFO   ] [TRADER] Position changed to ETF: -7, FUTURE: 7
2020-03-22 11:15:49,357 [INFO   ] [TRADER] Order 3 filled (19 / 20)
2020-03-22 11:15:49,358 [INFO   ] [TRADER] Position changed to ETF: -1, FUTURE: 1
2020-03-22 11:15:49,361 [INFO   ] [TRADER] Quoting bid price 3409 (Existing 3409)
2020-03-22 11:15:49,361 [INFO   ] [TRADER] Bid crosses ask
2020-03-22 11:15:49,362 [INFO   ] [TRADER] Same price as existing bid
2020-03-22 11:15:49,362 [INFO   ] [TRADER] Quoting ask price 3410 (Existing 0)
2020-03-22 11:15:49,362 [INFO   ] [TRADER] placing ask
2020-03-22 11:15:49,362 [INFO   ] [TRADER] (id: 5) Placing  ask 10 lots for $3410
2020-03-22 11:15:49,363 [INFO   ] [TRADER] Quoting bid price 3409 (Existing 3409)
2020-03-22 11:15:49,363 [INFO   ] [TRADER] Same price as existing bid
2020-03-22 11:15:49,363 [INFO   ] [TRADER] Order 5 placed
2020-03-22 11:15:49,609 [INFO   ] [TRADER] Quoting bid price 3409 (Existing 3409)
2020-03-22 11:15:49,609 [INFO   ] [TRADER] Same price as existing bid
2020-03-22 11:15:49,610 [INFO   ] [TRADER] Quoting bid price 3409 (Existing 3409)
2020-03-22 11:15:49,610 [INFO   ] [TRADER] Same price as existing bid
2020-03-22 11:15:49,857 [INFO   ] [TRADER] Order 3 filled (20 / 20)
2020-03-22 11:15:49,858 [INFO   ] [TRADER] Position changed to ETF: 0, FUTURE: 0
2020-03-22 11:15:49,860 [INFO   ] [TRADER] Quoting bid price 3409 (Existing 0)
2020-03-22 11:15:49,860 [INFO   ] [TRADER] placing bid
2020-03-22 11:15:49,860 [INFO   ] [TRADER] (id: 6) Placing  bid 20 lots for $3409
2020-03-22 11:15:49,861 [INFO   ] [TRADER] Order 6 placed
2020-03-22 11:15:50,364 [INFO   ] [TRADER] Quoting ask price 3410 (Existing 3410)
2020-03-22 11:15:50,364 [INFO   ] [TRADER] Same price as existing ask
2020-03-22 11:15:50,608 [INFO   ] [TRADER] Quoting ask price 3410 (Existing 3410)
2020-03-22 11:15:50,608 [INFO   ] [TRADER] Same price as existing ask
2020-03-22 11:15:50,609 [INFO   ] [TRADER] Quoting ask price 3410 (Existing 3410)
2020-03-22 11:15:50,609 [INFO   ] [TRADER] Same price as existing ask
2020-03-22 11:15:50,859 [INFO   ] [TRADER] Quoting ask price 3410 (Existing 3410)
2020-03-22 11:15:50,859 [INFO   ] [TRADER] Same price as existing ask
2020-03-22 11:15:50,860 [INFO   ] [TRADER] Quoting bid price 3409 (Existing 3409)
2020-03-22 11:15:50,861 [INFO   ] [TRADER] Same price as existing bid
2020-03-22 11:15:50,861 [INFO   ] [TRADER] Quoting ask price 3410 (Existing 3410)
2020-03-22 11:15:50,861 [INFO   ] [TRADER] Same price as existing ask
2020-03-22 11:15:51,109 [INFO   ] [TRADER] Quoting bid price 3409 (Existing 3409)
2020-03-22 11:15:51,109 [INFO   ] [TRADER] Same price as existing bid
2020-03-22 11:15:51,110 [INFO   ] [TRADER] Quoting ask price 3410 (Existing 3410)
2020-03-22 11:15:51,110 [INFO   ] [TRADER] Same price as existing ask
2020-03-22 11:15:51,111 [INFO   ] [TRADER] Quoting bid price 3409 (Existing 3409)
2020-03-22 11:15:51,111 [INFO   ] [TRADER] Same price as existing bid
2020-03-22 11:15:51,111 [INFO   ] [TRADER] Quoting ask price 3410 (Existing 3410)
2020-03-22 11:15:51,111 [INFO   ] [TRADER] Same price as existing ask
2020-03-22 11:15:51,359 [INFO   ] [TRADER] Quoting bid price 3409 (Existing 3409)
2020-03-22 11:15:51,359 [INFO   ] [TRADER] Same price as existing bid
2020-03-22 11:15:51,360 [INFO   ] [TRADER] Quoting ask price 3410 (Existing 3410)
2020-03-22 11:15:51,360 [INFO   ] [TRADER] Same price as existing ask
2020-03-22 11:15:51,361 [INFO   ] [TRADER] Quoting bid price 3409 (Existing 3409)
2020-03-22 11:15:51,361 [INFO   ] [TRADER] Same price as existing bid
2020-03-22 11:15:51,361 [INFO   ] [TRADER] Quoting ask price 3410 (Existing 3410)
2020-03-22 11:15:51,362 [INFO   ] [TRADER] Same price as existing ask
2020-03-22 11:15:51,609 [INFO   ] [TRADER] Quoting bid price 3409 (Existing 3409)
2020-03-22 11:15:51,609 [INFO   ] [TRADER] Same price as existing bid
2020-03-22 11:15:51,609 [INFO   ] [TRADER] Quoting ask price 3410 (Existing 3410)
2020-03-22 11:15:51,610 [INFO   ] [TRADER] Same price as existing ask
2020-03-22 11:15:51,611 [INFO   ] [TRADER] Quoting bid price 3409 (Existing 3409)
2020-03-22 11:15:51,611 [INFO   ] [TRADER] Same price as existing bid
2020-03-22 11:15:51,611 [INFO   ] [TRADER] Quoting ask price 3410 (Existing 3410)
2020-03-22 11:15:51,611 [INFO   ] [TRADER] Same price as existing ask
2020-03-22 11:15:51,858 [INFO   ] [TRADER] Quoting bid price 3409 (Existing 3409)
2020-03-22 11:15:51,859 [INFO   ] [TRADER] Same price as existing bid
2020-03-22 11:15:51,859 [INFO   ] [TRADER] Quoting ask price 3410 (Existing 3410)
2020-03-22 11:15:51,859 [INFO   ] [TRADER] Same price as existing ask
2020-03-22 11:15:51,860 [INFO   ] [TRADER] Quoting bid price 3409 (Existing 3409)
2020-03-22 11:15:51,860 [INFO   ] [TRADER] Same price as existing bid
2020-03-22 11:15:51,861 [INFO   ] [TRADER] Quoting ask price 3410 (Existing 3410)
2020-03-22 11:15:51,861 [INFO   ] [TRADER] Same price as existing ask
2020-03-22 11:15:52,108 [INFO   ] [TRADER] Quoting bid price 3409 (Existing 3409)
2020-03-22 11:15:52,108 [INFO   ] [TRADER] Same price as existing bid
2020-03-22 11:15:52,108 [INFO   ] [TRADER] Quoting ask price 3410 (Existing 3410)
2020-03-22 11:15:52,109 [INFO   ] [TRADER] Same price as existing ask
2020-03-22 11:15:52,110 [INFO   ] [TRADER] Quoting bid price 3409 (Existing 3409)
2020-03-22 11:15:52,110 [INFO   ] [TRADER] Same price as existing bid
2020-03-22 11:15:52,110 [INFO   ] [TRADER] Quoting ask price 3410 (Existing 3410)
2020-03-22 11:15:52,110 [INFO   ] [TRADER] Same price as existing ask
2020-03-22 11:15:52,356 [INFO   ] [TRADER] Order 6 filled (11 / 20)
2020-03-22 11:15:52,357 [INFO   ] [TRADER] Position changed to ETF: 11, FUTURE: -11
2020-03-22 11:15:52,359 [INFO   ] [TRADER] Quoting bid price 3409 (Existing 3409)
2020-03-22 11:15:52,359 [INFO   ] [TRADER] Same price as existing bid
2020-03-22 11:15:52,359 [INFO   ] [TRADER] Quoting ask price 3410 (Existing 3410)
2020-03-22 11:15:52,359 [INFO   ] [TRADER] Same price as existing ask
2020-03-22 11:15:52,361 [INFO   ] [TRADER] Quoting bid price 3409 (Existing 3409)
2020-03-22 11:15:52,361 [INFO   ] [TRADER] Same price as existing bid
2020-03-22 11:15:52,361 [INFO   ] [TRADER] Quoting ask price 3410 (Existing 3410)
2020-03-22 11:15:52,361 [INFO   ] [TRADER] Same price as existing ask
2020-03-22 11:15:52,606 [INFO   ] [TRADER] Order 6 filled (16 / 20)
2020-03-22 11:15:52,606 [INFO   ] [TRADER] Position changed to ETF: 16, FUTURE: -16
2020-03-22 11:15:52,607 [INFO   ] [TRADER] Order 6 filled (20 / 20)
2020-03-22 11:15:52,607 [INFO   ] [TRADER] Position changed to ETF: 20, FUTURE: -20
2020-03-22 11:15:52,608 [INFO   ] [TRADER] Order 5 filled (1 / 10)
2020-03-22 11:15:52,608 [INFO   ] [TRADER] Position changed to ETF: 19, FUTURE: -19
2020-03-22 11:15:52,610 [INFO   ] [TRADER] Quoting bid price 3409 (Existing 0)
2020-03-22 11:15:52,610 [INFO   ] [TRADER] placing bid
2020-03-22 11:15:52,610 [INFO   ] [TRADER] (id: 7) Placing  bid 10 lots for $3409
2020-03-22 11:15:52,611 [INFO   ] [TRADER] Quoting ask price 3410 (Existing 3410)
2020-03-22 11:15:52,611 [INFO   ] [TRADER] Same price as existing ask
2020-03-22 11:15:52,612 [INFO   ] [TRADER] Quoting ask price 3410 (Existing 3410)
2020-03-22 11:15:52,612 [INFO   ] [TRADER] Same price as existing ask
2020-03-22 11:15:52,612 [INFO   ] [TRADER] Order 5 filled (8 / 10)
2020-03-22 11:15:52,612 [INFO   ] [TRADER] Position changed to ETF: 12, FUTURE: -12
2020-03-22 11:15:52,612 [INFO   ] [TRADER] Order 7 placed
2020-03-22 11:15:52,856 [INFO   ] [TRADER] Order 5 filled (10 / 10)
2020-03-22 11:15:52,857 [INFO   ] [TRADER] Position changed to ETF: 10, FUTURE: -10
2020-03-22 11:15:52,858 [INFO   ] [TRADER] Quoting bid price 3409 (Existing 3409)
2020-03-22 11:15:52,859 [INFO   ] [TRADER] Bid crosses ask
2020-03-22 11:15:52,859 [INFO   ] [TRADER] Same price as existing bid
2020-03-22 11:15:52,859 [INFO   ] [TRADER] Quoting ask price 3410 (Existing 0)
2020-03-22 11:15:52,859 [INFO   ] [TRADER] placing ask
2020-03-22 11:15:52,859 [INFO   ] [TRADER] (id: 8) Placing  ask 20 lots for $3410
2020-03-22 11:15:52,861 [INFO   ] [TRADER] Order 8 placed
2020-03-22 11:15:53,357 [INFO   ] [TRADER] Order 8 filled (5 / 20)
2020-03-22 11:15:53,357 [INFO   ] [TRADER] Position changed to ETF: 5, FUTURE: -5
2020-03-22 11:15:53,359 [INFO   ] [TRADER] Quoting bid price 3409 (Existing 3409)
2020-03-22 11:15:53,359 [INFO   ] [TRADER] Same price as existing bid
2020-03-22 11:15:53,360 [INFO   ] [TRADER] Quoting ask price 3410 (Existing 3410)
2020-03-22 11:15:53,360 [INFO   ] [TRADER] Same price as existing ask
2020-03-22 11:15:53,608 [INFO   ] [TRADER] Order 8 filled (11 / 20)
2020-03-22 11:15:53,608 [INFO   ] [TRADER] Position changed to ETF: -1, FUTURE: 1
2020-03-22 11:15:53,610 [INFO   ] [TRADER] Quoting bid price 3409 (Existing 3409)
2020-03-22 11:15:53,610 [INFO   ] [TRADER] Same price as existing bid
2020-03-22 11:15:53,610 [INFO   ] [TRADER] Quoting ask price 3410 (Existing 3410)
2020-03-22 11:15:53,610 [INFO   ] [TRADER] Same price as existing ask
2020-03-22 11:15:53,611 [INFO   ] [TRADER] Quoting bid price 3409 (Existing 3409)
2020-03-22 11:15:53,612 [INFO   ] [TRADER] Same price as existing bid
2020-03-22 11:15:53,859 [INFO   ] [TRADER] Order 8 filled (17 / 20)
2020-03-22 11:15:53,859 [INFO   ] [TRADER] Position changed to ETF: -7, FUTURE: 7
2020-03-22 11:15:53,860 [INFO   ] [TRADER] Order 8 filled (19 / 20)
2020-03-22 11:15:53,860 [INFO   ] [TRADER] Position changed to ETF: -9, FUTURE: 9
2020-03-22 11:15:53,862 [INFO   ] [TRADER] Quoting bid price 3409 (Existing 3409)
2020-03-22 11:15:53,862 [INFO   ] [TRADER] Same price as existing bid
2020-03-22 11:15:53,863 [INFO   ] [TRADER] Quoting ask price 3410 (Existing 3410)
2020-03-22 11:15:53,863 [INFO   ] [TRADER] Same price as existing ask
2020-03-22 11:15:53,864 [INFO   ] [TRADER] Quoting bid price 3409 (Existing 3409)
2020-03-22 11:15:53,864 [INFO   ] [TRADER] Same price as existing bid
2020-03-22 11:15:53,865 [INFO   ] [TRADER] Quoting ask price 3410 (Existing 3410)
2020-03-22 11:15:53,865 [INFO   ] [TRADER] Same price as existing ask
2020-03-22 11:15:54,108 [INFO   ] [TRADER] Quoting bid price 3409 (Existing 3409)
2020-03-22 11:15:54,108 [INFO   ] [TRADER] Same price as existing bid
2020-03-22 11:15:54,109 [INFO   ] [TRADER] Quoting ask price 3410 (Existing 3410)
2020-03-22 11:15:54,109 [INFO   ] [TRADER] Same price as existing ask
2020-03-22 11:15:54,110 [INFO   ] [TRADER] Quoting bid price 3409 (Existing 3409)
2020-03-22 11:15:54,110 [INFO   ] [TRADER] Same price as existing bid
2020-03-22 11:15:54,111 [INFO   ] [TRADER] Quoting ask price 3410 (Existing 3410)
2020-03-22 11:15:54,111 [INFO   ] [TRADER] Same price as existing ask
2020-03-22 11:15:54,357 [INFO   ] [TRADER] Quoting bid price 3409 (Existing 3409)
2020-03-22 11:15:54,358 [INFO   ] [TRADER] Same price as existing bid
2020-03-22 11:15:54,358 [INFO   ] [TRADER] Quoting ask price 3410 (Existing 3410)
2020-03-22 11:15:54,358 [INFO   ] [TRADER] Same price as existing ask
2020-03-22 11:15:54,359 [INFO   ] [TRADER] Quoting bid price 3409 (Existing 3409)
2020-03-22 11:15:54,360 [INFO   ] [TRADER] Same price as existing bid
2020-03-22 11:15:54,360 [INFO   ] [TRADER] Quoting ask price 3410 (Existing 3410)
2020-03-22 11:15:54,360 [INFO   ] [TRADER] Same price as existing ask
2020-03-22 11:15:54,607 [INFO   ] [TRADER] Quoting bid price 3409 (Existing 3409)
2020-03-22 11:15:54,607 [INFO   ] [TRADER] Same price as existing bid
2020-03-22 11:15:54,607 [INFO   ] [TRADER] Quoting ask price 3410 (Existing 3410)
2020-03-22 11:15:54,607 [INFO   ] [TRADER] Same price as existing ask
2020-03-22 11:15:54,608 [INFO   ] [TRADER] Quoting bid price 3409 (Existing 3409)
2020-03-22 11:15:54,608 [INFO   ] [TRADER] Same price as existing bid
2020-03-22 11:15:54,608 [INFO   ] [TRADER] Quoting ask price 3410 (Existing 3410)
2020-03-22 11:15:54,608 [INFO   ] [TRADER] Same price as existing ask
2020-03-22 11:15:54,856 [INFO   ] [TRADER] Order 8 filled (20 / 20)
2020-03-22 11:15:54,856 [INFO   ] [TRADER] Position changed to ETF: -10, FUTURE: 10
2020-03-22 11:15:54,856 [INFO   ] [TRADER] Quoting bid price 3409 (Existing 3409)
2020-03-22 11:15:54,856 [INFO   ] [TRADER] Bid crosses ask
2020-03-22 11:15:54,857 [INFO   ] [TRADER] Same price as existing bid
2020-03-22 11:15:54,857 [INFO   ] [TRADER] Quoting ask price 3410 (Existing 0)
2020-03-22 11:15:54,857 [INFO   ] [TRADER] placing ask
2020-03-22 11:15:54,857 [INFO   ] [TRADER] (id: 9) Placing  ask 10 lots for $3410
2020-03-22 11:15:54,857 [INFO   ] [TRADER] Quoting bid price 3409 (Existing 3409)
2020-03-22 11:15:54,857 [INFO   ] [TRADER] Same price as existing bid
2020-03-22 11:15:54,857 [INFO   ] [TRADER] Order 9 placed
2020-03-22 11:15:55,107 [INFO   ] [TRADER] Quoting bid price 3409 (Existing 3409)
2020-03-22 11:15:55,107 [INFO   ] [TRADER] Same price as existing bid
2020-03-22 11:15:55,107 [INFO   ] [TRADER] Quoting bid price 3409 (Existing 3409)
2020-03-22 11:15:55,107 [INFO   ] [TRADER] Same price as existing bid
2020-03-22 11:15:55,356 [INFO   ] [TRADER] Order 7 filled (1 / 10)
2020-03-22 11:15:55,356 [INFO   ] [TRADER] Position changed to ETF: -9, FUTURE: 9
2020-03-22 11:15:55,356 [INFO   ] [TRADER] Quoting bid price 3409 (Existing 3409)
2020-03-22 11:15:55,357 [INFO   ] [TRADER] Same price as existing bid
2020-03-22 11:15:55,357 [INFO   ] [TRADER] Quoting ask price 3410 (Existing 3410)
2020-03-22 11:15:55,357 [INFO   ] [TRADER] Same price as existing ask
2020-03-22 11:15:55,357 [INFO   ] [TRADER] Quoting bid price 3409 (Existing 3409)
2020-03-22 11:15:55,357 [INFO   ] [TRADER] Same price as existing bid
2020-03-22 11:15:55,608 [INFO   ] [TRADER] Quoting bid price 3409 (Existing 3409)
2020-03-22 11:15:55,609 [INFO   ] [TRADER] Same price as existing bid
2020-03-22 11:15:55,610 [INFO   ] [TRADER] Quoting bid price 3409 (Existing 3409)
2020-03-22 11:15:55,610 [INFO   ] [TRADER] Same price as existing bid
2020-03-22 11:15:55,858 [INFO   ] [TRADER] Quoting bid price 3409 (Existing 3409)
2020-03-22 11:15:55,859 [INFO   ] [TRADER] Same price as existing bid
2020-03-22 11:15:55,859 [INFO   ] [TRADER] Quoting ask price 3410 (Existing 3410)
2020-03-22 11:15:55,859 [INFO   ] [TRADER] Same price as existing ask
2020-03-22 11:15:55,860 [INFO   ] [TRADER] Quoting bid price 3409 (Existing 3409)
2020-03-22 11:15:55,860 [INFO   ] [TRADER] Same price as existing bid
2020-03-22 11:15:55,861 [INFO   ] [TRADER] Quoting ask price 3410 (Existing 3410)
2020-03-22 11:15:55,861 [INFO   ] [TRADER] Same price as existing ask
2020-03-22 11:15:56,107 [INFO   ] [TRADER] Order 9 filled (10 / 10)
2020-03-22 11:15:56,107 [INFO   ] [TRADER] Position changed to ETF: -19, FUTURE: 19
2020-03-22 11:15:56,108 [INFO   ] [TRADER] Order 7 filled (3 / 10)
2020-03-22 11:15:56,109 [INFO   ] [TRADER] Position changed to ETF: -17, FUTURE: 17
2020-03-22 11:15:56,112 [INFO   ] [TRADER] Quoting bid price 3409 (Existing 3409)
2020-03-22 11:15:56,112 [INFO   ] [TRADER] Bid crosses ask
2020-03-22 11:15:56,113 [INFO   ] [TRADER] Same price as existing bid
2020-03-22 11:15:56,113 [INFO   ] [TRADER] Quoting ask price 3410 (Existing 0)
2020-03-22 11:15:56,113 [INFO   ] [TRADER] placing ask
2020-03-22 11:15:56,113 [INFO   ] [TRADER] (id: 10) Placing  ask 10 lots for $3410
2020-03-22 11:15:56,114 [INFO   ] [TRADER] Quoting bid price 3409 (Existing 3409)
2020-03-22 11:15:56,114 [INFO   ] [TRADER] Same price as existing bid
2020-03-22 11:15:56,115 [INFO   ] [TRADER] Order 10 placed
2020-03-22 11:15:56,357 [INFO   ] [TRADER] Quoting bid price 3409 (Existing 3409)
2020-03-22 11:15:56,358 [INFO   ] [TRADER] Same price as existing bid
2020-03-22 11:15:56,358 [INFO   ] [TRADER] Quoting bid price 3409 (Existing 3409)
2020-03-22 11:15:56,358 [INFO   ] [TRADER] Same price as existing bid
2020-03-22 11:15:56,607 [INFO   ] [TRADER] Order 7 filled (6 / 10)
2020-03-22 11:15:56,607 [INFO   ] [TRADER] Position changed to ETF: -14, FUTURE: 14
2020-03-22 11:15:56,609 [INFO   ] [TRADER] Quoting bid price 3409 (Existing 3409)
2020-03-22 11:15:56,609 [INFO   ] [TRADER] Same price as existing bid
2020-03-22 11:15:56,610 [INFO   ] [TRADER] Quoting ask price 3410 (Existing 3410)
2020-03-22 11:15:56,610 [INFO   ] [TRADER] Same price as existing ask
2020-03-22 11:15:56,611 [INFO   ] [TRADER] Quoting bid price 3409 (Existing 3409)
2020-03-22 11:15:56,611 [INFO   ] [TRADER] Same price as existing bid
2020-03-22 11:15:56,858 [INFO   ] [TRADER] Quoting bid price 3409 (Existing 3409)
2020-03-22 11:15:56,859 [INFO   ] [TRADER] Same price as existing bid
2020-03-22 11:15:56,860 [INFO   ] [TRADER] Quoting bid price 3409 (Existing 3409)
2020-03-22 11:15:56,860 [INFO   ] [TRADER] Same price as existing bid
2020-03-22 11:15:57,107 [INFO   ] [TRADER] Order 7 filled (7 / 10)
2020-03-22 11:15:57,107 [INFO   ] [TRADER] Position changed to ETF: -13, FUTURE: 13
2020-03-22 11:15:57,109 [INFO   ] [TRADER] Quoting bid price 3409 (Existing 3409)
2020-03-22 11:15:57,109 [INFO   ] [TRADER] Same price as existing bid
2020-03-22 11:15:57,110 [INFO   ] [TRADER] Quoting ask price 3410 (Existing 3410)
2020-03-22 11:15:57,110 [INFO   ] [TRADER] Same price as existing ask
2020-03-22 11:15:57,111 [INFO   ] [TRADER] Quoting bid price 3409 (Existing 3409)
2020-03-22 11:15:57,112 [INFO   ] [TRADER] Same price as existing bid
2020-03-22 11:15:57,356 [INFO   ] [TRADER] Quoting bid price 3409 (Existing 3409)
2020-03-22 11:15:57,356 [INFO   ] [TRADER] Same price as existing bid
2020-03-22 11:15:57,356 [INFO   ] [TRADER] Quoting ask price 3410 (Existing 3410)
2020-03-22 11:15:57,356 [INFO   ] [TRADER] Same price as existing ask
2020-03-22 11:15:57,357 [INFO   ] [TRADER] Quoting bid price 3409 (Existing 3409)
2020-03-22 11:15:57,357 [INFO   ] [TRADER] Same price as existing bid
2020-03-22 11:15:57,357 [INFO   ] [TRADER] Quoting ask price 3410 (Existing 3410)
2020-03-22 11:15:57,357 [INFO   ] [TRADER] Same price as existing ask
2020-03-22 11:15:57,607 [INFO   ] [TRADER] Order 10 filled (1 / 10)
2020-03-22 11:15:57,608 [INFO   ] [TRADER] Position changed to ETF: -14, FUTURE: 14
2020-03-22 11:15:57,608 [INFO   ] [TRADER] Order 7 filled (10 / 10)
2020-03-22 11:15:57,609 [INFO   ] [TRADER] Position changed to ETF: -11, FUTURE: 11
2020-03-22 11:15:57,610 [INFO   ] [TRADER] Quoting bid price 3409 (Existing 0)
2020-03-22 11:15:57,610 [INFO   ] [TRADER] placing bid
2020-03-22 11:15:57,611 [INFO   ] [TRADER] (id: 11) Placing  bid 20 lots for $3409
2020-03-22 11:15:57,611 [INFO   ] [TRADER] Quoting ask price 3410 (Existing 3410)
2020-03-22 11:15:57,611 [INFO   ] [TRADER] Same price as existing ask
2020-03-22 11:15:57,613 [INFO   ] [TRADER] Quoting ask price 3410 (Existing 3410)
2020-03-22 11:15:57,613 [INFO   ] [TRADER] Same price as existing ask
2020-03-22 11:15:57,613 [INFO   ] [TRADER] Order 11 placed
2020-03-22 11:15:57,857 [INFO   ] [TRADER] Order 10 filled (3 / 10)
2020-03-22 11:15:57,857 [INFO   ] [TRADER] Position changed to ETF: -13, FUTURE: 13
2020-03-22 11:15:57,860 [INFO   ] [TRADER] Quoting bid price 3409 (Existing 3409)
2020-03-22 11:15:57,860 [INFO   ] [TRADER] Same price as existing bid
2020-03-22 11:15:57,860 [INFO   ] [TRADER] Quoting ask price 3410 (Existing 3410)
2020-03-22 11:15:57,861 [INFO   ] [TRADER] Same price as existing ask
2020-03-22 11:15:57,862 [INFO   ] [TRADER] Quoting ask price 3410 (Existing 3410)
2020-03-22 11:15:57,863 [INFO   ] [TRADER] Same price as existing ask
2020-03-22 11:15:58,106 [INFO   ] [TRADER] Quoting ask price 3410 (Existing 3410)
2020-03-22 11:15:58,106 [INFO   ] [TRADER] Same price as existing ask
2020-03-22 11:15:58,107 [INFO   ] [TRADER] Quoting ask price 3410 (Existing 3410)
2020-03-22 11:15:58,107 [INFO   ] [TRADER] Same price as existing ask
2020-03-22 11:15:58,356 [INFO   ] [TRADER] Order 10 filled (9 / 10)
2020-03-22 11:15:58,356 [INFO   ] [TRADER] Position changed to ETF: -19, FUTURE: 19
2020-03-22 11:15:58,358 [INFO   ] [TRADER] Quoting bid price 3409 (Existing 3409)
2020-03-22 11:15:58,358 [INFO   ] [TRADER] Same price as existing bid
2020-03-22 11:15:58,358 [INFO   ] [TRADER] Quoting ask price 3410 (Existing 3410)
2020-03-22 11:15:58,358 [INFO   ] [TRADER] placing ask
2020-03-22 11:15:58,358 [INFO   ] [TRADER] Cancelling 10
2020-03-22 11:15:58,358 [INFO   ] [TRADER] (id: 12) Placing  ask 10 lots for $3410
2020-03-22 11:15:58,358 [INFO   ] [TRADER] Order 10 filled (9 / 9)
2020-03-22 11:15:58,358 [INFO   ] [TRADER] Order 12 placed
2020-03-22 11:15:58,611 [INFO   ] [TRADER] Quoting bid price 3409 (Existing 3409)
2020-03-22 11:15:58,611 [INFO   ] [TRADER] Same price as existing bid
2020-03-22 11:15:58,862 [INFO   ] [TRADER] Quoting bid price 3409 (Existing 3409)
2020-03-22 11:15:58,863 [INFO   ] [TRADER] Same price as existing bid
2020-03-22 11:15:58,864 [INFO   ] [TRADER] Quoting bid price 3409 (Existing 3409)
2020-03-22 11:15:58,864 [INFO   ] [TRADER] Same price as existing bid
2020-03-22 11:15:59,107 [INFO   ] [TRADER] Order 11 filled (2 / 20)
2020-03-22 11:15:59,107 [INFO   ] [TRADER] Position changed to ETF: -17, FUTURE: 17
2020-03-22 11:15:59,108 [INFO   ] [TRADER] Order 11 filled (3 / 20)
2020-03-22 11:15:59,109 [INFO   ] [TRADER] Position changed to ETF: -16, FUTURE: 16
2020-03-22 11:15:59,111 [INFO   ] [TRADER] Quoting bid price 3409 (Existing 3409)
2020-03-22 11:15:59,111 [INFO   ] [TRADER] Same price as existing bid
2020-03-22 11:15:59,111 [INFO   ] [TRADER] Quoting ask price 3410 (Existing 3410)
2020-03-22 11:15:59,111 [INFO   ] [TRADER] placing ask
2020-03-22 11:15:59,112 [INFO   ] [TRADER] Cancelling 12
2020-03-22 11:15:59,112 [INFO   ] [TRADER] (id: 13) Placing  ask 10 lots for $3410
2020-03-22 11:15:59,113 [INFO   ] [TRADER] Quoting bid price 3409 (Existing 3409)
2020-03-22 11:15:59,114 [INFO   ] [TRADER] Same price as existing bid
2020-03-22 11:15:59,114 [INFO   ] [TRADER] Order 12 filled (10 / 10)
2020-03-22 11:15:59,114 [INFO   ] [TRADER] Position changed to ETF: -26, FUTURE: 26
2020-03-22 11:15:59,114 [INFO   ] [TRADER] Order 13 filled (10 / 10)
2020-03-22 11:15:59,114 [INFO   ] [TRADER] Position changed to ETF: -36, FUTURE: 36
2020-03-22 11:15:59,358 [INFO   ] [TRADER] Quoting bid price 3409 (Existing 3409)
2020-03-22 11:15:59,358 [INFO   ] [TRADER] Bid crosses ask
2020-03-22 11:15:59,358 [INFO   ] [TRADER] Same price as existing bid
2020-03-22 11:15:59,359 [INFO   ] [TRADER] Quoting ask price 3410 (Existing 0)
2020-03-22 11:15:59,359 [INFO   ] [TRADER] placing ask
2020-03-22 11:15:59,359 [INFO   ] [TRADER] (id: 14) Placing  ask 10 lots for $3410
2020-03-22 11:15:59,360 [INFO   ] [TRADER] Quoting bid price 3410 (Existing 3409)
2020-03-22 11:15:59,361 [INFO   ] [TRADER] Bid crosses ask
2020-03-22 11:15:59,361 [INFO   ] [TRADER] Cancelling 14
2020-03-22 11:15:59,361 [INFO   ] [TRADER] placing bid
2020-03-22 11:15:59,361 [INFO   ] [TRADER] Cancelling 11
2020-03-22 11:15:59,361 [INFO   ] [TRADER] (id: 15) Placing  bid 36 lots for $3410
2020-03-22 11:15:59,362 [INFO   ] [TRADER] Quoting ask price 3411 (Existing 3410)
2020-03-22 11:15:59,362 [INFO   ] [TRADER] placing ask
2020-03-22 11:15:59,362 [INFO   ] [TRADER] Cancelling 14
2020-03-22 11:15:59,363 [INFO   ] [TRADER] (id: 16) Placing  ask 10 lots for $3411
2020-03-22 11:15:59,363 [INFO   ] [TRADER] Order 14 filled (10 / 10)
2020-03-22 11:15:59,363 [INFO   ] [TRADER] Position changed to ETF: -46, FUTURE: 46
2020-03-22 11:15:59,363 [INFO   ] [TRADER] Order 11 filled (3 / 3)
2020-03-22 11:15:59,363 [INFO   ] [TRADER] Order 15 placed
2020-03-22 11:15:59,364 [INFO   ] [TRADER] Order 16 placed
2020-03-22 11:16:00,362 [INFO   ] [TRADER] Quoting bid price 3410 (Existing 3410)
2020-03-22 11:16:00,362 [INFO   ] [TRADER] Same price as existing bid
2020-03-22 11:16:00,608 [INFO   ] [TRADER] Order 16 filled (5 / 10)
2020-03-22 11:16:00,609 [INFO   ] [TRADER] Position changed to ETF: -51, FUTURE: 51
2020-03-22 11:16:00,610 [INFO   ] [TRADER] Quoting bid price 3410 (Existing 3410)
2020-03-22 11:16:00,610 [INFO   ] [TRADER] Same price as existing bid
2020-03-22 11:16:00,611 [INFO   ] [TRADER] Quoting ask price 3411 (Existing 3411)
2020-03-22 11:16:00,611 [INFO   ] [TRADER] Same price as existing ask
2020-03-22 11:16:00,612 [INFO   ] [TRADER] Quoting bid price 3410 (Existing 3410)
2020-03-22 11:16:00,612 [INFO   ] [TRADER] Same price as existing bid
2020-03-22 11:16:00,613 [INFO   ] [TRADER] Quoting ask price 3411 (Existing 3411)
2020-03-22 11:16:00,613 [INFO   ] [TRADER] Same price as existing ask
2020-03-22 11:16:00,857 [INFO   ] [TRADER] Order 16 filled (10 / 10)
2020-03-22 11:16:00,858 [INFO   ] [TRADER] Position changed to ETF: -56, FUTURE: 56
2020-03-22 11:16:00,860 [INFO   ] [TRADER] Quoting bid price 3410 (Existing 3410)
2020-03-22 11:16:00,860 [INFO   ] [TRADER] Bid crosses ask
2020-03-22 11:16:00,861 [INFO   ] [TRADER] Same price as existing bid
2020-03-22 11:16:00,861 [INFO   ] [TRADER] Quoting ask price 3411 (Existing 0)
2020-03-22 11:16:00,861 [INFO   ] [TRADER] placing ask
2020-03-22 11:16:00,861 [INFO   ] [TRADER] (id: 17) Placing  ask 10 lots for $3411
2020-03-22 11:16:00,863 [INFO   ] [TRADER] Quoting bid price 3410 (Existing 3410)
2020-03-22 11:16:00,863 [INFO   ] [TRADER] Same price as existing bid
2020-03-22 11:16:00,863 [INFO   ] [TRADER] Order 17 placed
2020-03-22 11:16:01,108 [INFO   ] [TRADER] Quoting bid price 3410 (Existing 3410)
2020-03-22 11:16:01,108 [INFO   ] [TRADER] Same price as existing bid
2020-03-22 11:16:01,110 [INFO   ] [TRADER] Quoting bid price 3410 (Existing 3410)
2020-03-22 11:16:01,110 [INFO   ] [TRADER] Same price as existing bid
2020-03-22 11:16:01,358 [INFO   ] [TRADER] Quoting bid price 3410 (Existing 3410)
2020-03-22 11:16:01,359 [INFO   ] [TRADER] Same price as existing bid
2020-03-22 11:16:01,360 [INFO   ] [TRADER] Quoting bid price 3410 (Existing 3410)
2020-03-22 11:16:01,360 [INFO   ] [TRADER] Same price as existing bid
2020-03-22 11:16:01,608 [INFO   ] [TRADER] Quoting bid price 3410 (Existing 3410)
2020-03-22 11:16:01,608 [INFO   ] [TRADER] Same price as existing bid
2020-03-22 11:16:01,610 [INFO   ] [TRADER] Quoting bid price 3410 (Existing 3410)
2020-03-22 11:16:01,610 [INFO   ] [TRADER] Same price as existing bid
2020-03-22 11:16:01,863 [INFO   ] [TRADER] Quoting bid price 3410 (Existing 3410)
2020-03-22 11:16:01,863 [INFO   ] [TRADER] Same price as existing bid
2020-03-22 11:16:01,864 [INFO   ] [TRADER] Quoting ask price 3411 (Existing 3411)
2020-03-22 11:16:01,864 [INFO   ] [TRADER] Same price as existing ask
2020-03-22 11:16:01,864 [INFO   ] [TRADER] Quoting bid price 3410 (Existing 3410)
2020-03-22 11:16:01,865 [INFO   ] [TRADER] Same price as existing bid
2020-03-22 11:16:01,865 [INFO   ] [TRADER] Quoting ask price 3411 (Existing 3411)
2020-03-22 11:16:01,865 [INFO   ] [TRADER] Same price as existing ask
2020-03-22 11:16:02,108 [INFO   ] [TRADER] Quoting bid price 3410 (Existing 3410)
2020-03-22 11:16:02,108 [INFO   ] [TRADER] Same price as existing bid
2020-03-22 11:16:02,109 [INFO   ] [TRADER] Quoting ask price 3411 (Existing 3411)
2020-03-22 11:16:02,109 [INFO   ] [TRADER] Same price as existing ask
2020-03-22 11:16:02,110 [INFO   ] [TRADER] Quoting bid price 3410 (Existing 3410)
2020-03-22 11:16:02,111 [INFO   ] [TRADER] Same price as existing bid
2020-03-22 11:16:02,111 [INFO   ] [TRADER] Quoting ask price 3411 (Existing 3411)
2020-03-22 11:16:02,111 [INFO   ] [TRADER] Same price as existing ask
2020-03-22 11:16:02,359 [INFO   ] [TRADER] Quoting bid price 3410 (Existing 3410)
2020-03-22 11:16:02,359 [INFO   ] [TRADER] Same price as existing bid
2020-03-22 11:16:02,360 [INFO   ] [TRADER] Quoting ask price 3411 (Existing 3411)
2020-03-22 11:16:02,360 [INFO   ] [TRADER] Same price as existing ask
2020-03-22 11:16:02,361 [INFO   ] [TRADER] Quoting bid price 3410 (Existing 3410)
2020-03-22 11:16:02,361 [INFO   ] [TRADER] Same price as existing bid
2020-03-22 11:16:02,362 [INFO   ] [TRADER] Quoting ask price 3411 (Existing 3411)
2020-03-22 11:16:02,362 [INFO   ] [TRADER] Same price as existing ask
2020-03-22 11:16:02,610 [INFO   ] [TRADER] Quoting bid price 3410 (Existing 3410)
2020-03-22 11:16:02,610 [INFO   ] [TRADER] Same price as existing bid
2020-03-22 11:16:02,611 [INFO   ] [TRADER] Quoting ask price 3411 (Existing 3411)
2020-03-22 11:16:02,611 [INFO   ] [TRADER] Same price as existing ask
2020-03-22 11:16:02,612 [INFO   ] [TRADER] Quoting bid price 3410 (Existing 3410)
2020-03-22 11:16:02,612 [INFO   ] [TRADER] Same price as existing bid
2020-03-22 11:16:02,612 [INFO   ] [TRADER] Quoting ask price 3411 (Existing 3411)
2020-03-22 11:16:02,612 [INFO   ] [TRADER] Same price as existing ask
2020-03-22 11:16:02,857 [INFO   ] [TRADER] Quoting bid price 3410 (Existing 3410)
2020-03-22 11:16:02,857 [INFO   ] [TRADER] Same price as existing bid
2020-03-22 11:16:02,858 [INFO   ] [TRADER] Quoting ask price 3411 (Existing 3411)
2020-03-22 11:16:02,858 [INFO   ] [TRADER] Same price as existing ask
2020-03-22 11:16:02,859 [INFO   ] [TRADER] Quoting bid price 3410 (Existing 3410)
2020-03-22 11:16:02,860 [INFO   ] [TRADER] Same price as existing bid
2020-03-22 11:16:02,860 [INFO   ] [TRADER] Quoting ask price 3411 (Existing 3411)
2020-03-22 11:16:02,860 [INFO   ] [TRADER] Same price as existing ask
2020-03-22 11:16:03,108 [INFO   ] [TRADER] Order 17 filled (5 / 10)
2020-03-22 11:16:03,109 [INFO   ] [TRADER] Position changed to ETF: -61, FUTURE: 61
2020-03-22 11:16:03,111 [INFO   ] [TRADER] Quoting bid price 3410 (Existing 3410)
2020-03-22 11:16:03,111 [INFO   ] [TRADER] Same price as existing bid
2020-03-22 11:16:03,111 [INFO   ] [TRADER] Quoting ask price 3411 (Existing 3411)
2020-03-22 11:16:03,112 [INFO   ] [TRADER] placing ask
2020-03-22 11:16:03,112 [INFO   ] [TRADER] Cancelling 17
2020-03-22 11:16:03,112 [INFO   ] [TRADER] (id: 18) Placing  ask 10 lots for $3411
2020-03-22 11:16:03,114 [INFO   ] [TRADER] Quoting bid price 3410 (Existing 3410)
2020-03-22 11:16:03,114 [INFO   ] [TRADER] Same price as existing bid
2020-03-22 11:16:03,114 [INFO   ] [TRADER] Order 17 filled (5 / 5)
2020-03-22 11:16:03,114 [INFO   ] [TRADER] Order 18 placed
2020-03-22 11:16:03,357 [INFO   ] [TRADER] Quoting bid price 3410 (Existing 3410)
2020-03-22 11:16:03,357 [INFO   ] [TRADER] Same price as existing bid
2020-03-22 11:16:03,357 [INFO   ] [TRADER] Quoting bid price 3410 (Existing 3410)
2020-03-22 11:16:03,358 [INFO   ] [TRADER] Same price as existing bid
2020-03-22 11:16:03,605 [INFO   ] [TRADER] Order 15 filled (7 / 36)
2020-03-22 11:16:03,605 [INFO   ] [TRADER] Position changed to ETF: -54, FUTURE: 54
2020-03-22 11:16:03,607 [INFO   ] [TRADER] Quoting bid price 3410 (Existing 3410)
2020-03-22 11:16:03,607 [INFO   ] [TRADER] Same price as existing bid
2020-03-22 11:16:03,607 [INFO   ] [TRADER] Quoting ask price 3411 (Existing 3411)
2020-03-22 11:16:03,608 [INFO   ] [TRADER] placing ask
2020-03-22 11:16:03,608 [INFO   ] [TRADER] Cancelling 18
2020-03-22 11:16:03,608 [INFO   ] [TRADER] (id: 19) Placing  ask 10 lots for $3411
2020-03-22 11:16:03,608 [INFO   ] [TRADER] Order 18 cancelled
2020-03-22 11:16:03,608 [INFO   ] [TRADER] Quoting bid price 3410 (Existing 3410)
2020-03-22 11:16:03,608 [INFO   ] [TRADER] Same price as existing bid
2020-03-22 11:16:03,608 [INFO   ] [TRADER] Order 19 placed
2020-03-22 11:16:03,856 [INFO   ] [TRADER] Order 19 filled (3 / 10)
2020-03-22 11:16:03,856 [INFO   ] [TRADER] Position changed to ETF: -57, FUTURE: 57
2020-03-22 11:16:03,857 [INFO   ] [TRADER] Order 15 filled (19 / 36)
2020-03-22 11:16:03,858 [INFO   ] [TRADER] Position changed to ETF: -45, FUTURE: 45
2020-03-22 11:16:03,858 [INFO   ] [TRADER] Order 15 filled (31 / 36)
2020-03-22 11:16:03,859 [INFO   ] [TRADER] Position changed to ETF: -33, FUTURE: 33
2020-03-22 11:16:03,860 [INFO   ] [TRADER] Order 19 filled (5 / 10)
2020-03-22 11:16:03,860 [INFO   ] [TRADER] Position changed to ETF: -35, FUTURE: 35
2020-03-22 11:16:03,868 [INFO   ] [TRADER] Quoting bid price 3410 (Existing 3410)
2020-03-22 11:16:03,868 [INFO   ] [TRADER] Same price as existing bid
2020-03-22 11:16:03,869 [INFO   ] [TRADER] Quoting ask price 3411 (Existing 3411)
2020-03-22 11:16:03,869 [INFO   ] [TRADER] Same price as existing ask
2020-03-22 11:16:03,870 [INFO   ] [TRADER] Quoting bid price 3410 (Existing 3410)
2020-03-22 11:16:03,871 [INFO   ] [TRADER] Same price as existing bid
2020-03-22 11:16:04,108 [INFO   ] [TRADER] Order 19 filled (9 / 10)
2020-03-22 11:16:04,109 [INFO   ] [TRADER] Position changed to ETF: -39, FUTURE: 39
2020-03-22 11:16:04,109 [INFO   ] [TRADER] Order 19 filled (10 / 10)
2020-03-22 11:16:04,109 [INFO   ] [TRADER] Position changed to ETF: -40, FUTURE: 40
2020-03-22 11:16:04,109 [INFO   ] [TRADER] Order 15 filled (35 / 36)
2020-03-22 11:16:04,110 [INFO   ] [TRADER] Position changed to ETF: -36, FUTURE: 36
2020-03-22 11:16:04,115 [INFO   ] [TRADER] Quoting bid price 3410 (Existing 3410)
2020-03-22 11:16:04,116 [INFO   ] [TRADER] Bid crosses ask
2020-03-22 11:16:04,116 [INFO   ] [TRADER] Same price as existing bid
2020-03-22 11:16:04,116 [INFO   ] [TRADER] Quoting ask price 3411 (Existing 0)
2020-03-22 11:16:04,116 [INFO   ] [TRADER] placing ask
2020-03-22 11:16:04,117 [INFO   ] [TRADER] (id: 20) Placing  ask 10 lots for $3411
2020-03-22 11:16:04,118 [INFO   ] [TRADER] Quoting bid price 3410 (Existing 3410)
2020-03-22 11:16:04,118 [INFO   ] [TRADER] Same price as existing bid
2020-03-22 11:16:04,119 [INFO   ] [TRADER] Order 20 placed
2020-03-22 11:16:04,357 [INFO   ] [TRADER] Quoting bid price 3410 (Existing 3410)
2020-03-22 11:16:04,357 [INFO   ] [TRADER] Same price as existing bid
2020-03-22 11:16:04,358 [INFO   ] [TRADER] Quoting bid price 3410 (Existing 3410)
2020-03-22 11:16:04,358 [INFO   ] [TRADER] Same price as existing bid
2020-03-22 11:16:04,608 [INFO   ] [TRADER] Quoting bid price 3410 (Existing 3410)
2020-03-22 11:16:04,608 [INFO   ] [TRADER] Same price as existing bid
2020-03-22 11:16:04,609 [INFO   ] [TRADER] Quoting bid price 3410 (Existing 3410)
2020-03-22 11:16:04,610 [INFO   ] [TRADER] Same price as existing bid
2020-03-22 11:16:04,857 [INFO   ] [TRADER] Quoting bid price 3410 (Existing 3410)
2020-03-22 11:16:04,857 [INFO   ] [TRADER] Same price as existing bid
2020-03-22 11:16:04,858 [INFO   ] [TRADER] Quoting bid price 3410 (Existing 3410)
2020-03-22 11:16:04,858 [INFO   ] [TRADER] Same price as existing bid
2020-03-22 11:16:05,111 [INFO   ] [TRADER] Quoting bid price 3410 (Existing 3410)
2020-03-22 11:16:05,111 [INFO   ] [TRADER] Same price as existing bid
2020-03-22 11:16:05,112 [INFO   ] [TRADER] Quoting bid price 3410 (Existing 3410)
2020-03-22 11:16:05,113 [INFO   ] [TRADER] Same price as existing bid
2020-03-22 11:16:05,357 [INFO   ] [TRADER] Order 15 filled (36 / 36)
2020-03-22 11:16:05,357 [INFO   ] [TRADER] Position changed to ETF: -35, FUTURE: 35
2020-03-22 11:16:05,359 [INFO   ] [TRADER] Quoting bid price 3410 (Existing 0)
2020-03-22 11:16:05,360 [INFO   ] [TRADER] placing bid
2020-03-22 11:16:05,360 [INFO   ] [TRADER] (id: 21) Placing  bid 35 lots for $3410
2020-03-22 11:16:05,360 [INFO   ] [TRADER] Quoting ask price 3411 (Existing 3411)
2020-03-22 11:16:05,360 [INFO   ] [TRADER] Same price as existing ask
2020-03-22 11:16:05,362 [INFO   ] [TRADER] Quoting ask price 3411 (Existing 3411)
2020-03-22 11:16:05,362 [INFO   ] [TRADER] Same price as existing ask
2020-03-22 11:16:05,363 [INFO   ] [TRADER] Order 21 placed
2020-03-22 11:16:05,608 [INFO   ] [TRADER] Quoting ask price 3411 (Existing 3411)
2020-03-22 11:16:05,608 [INFO   ] [TRADER] Same price as existing ask
2020-03-22 11:16:05,609 [INFO   ] [TRADER] Quoting ask price 3411 (Existing 3411)
2020-03-22 11:16:05,610 [INFO   ] [TRADER] Same price as existing ask
2020-03-22 11:16:05,857 [INFO   ] [TRADER] Quoting ask price 3411 (Existing 3411)
2020-03-22 11:16:05,857 [INFO   ] [TRADER] Same price as existing ask
2020-03-22 11:16:05,857 [INFO   ] [TRADER] Quoting ask price 3411 (Existing 3411)
2020-03-22 11:16:05,857 [INFO   ] [TRADER] Same price as existing ask
2020-03-22 11:16:06,108 [INFO   ] [TRADER] Quoting ask price 3411 (Existing 3411)
2020-03-22 11:16:06,108 [INFO   ] [TRADER] Same price as existing ask
2020-03-22 11:16:06,110 [INFO   ] [TRADER] Quoting ask price 3411 (Existing 3411)
2020-03-22 11:16:06,110 [INFO   ] [TRADER] Same price as existing ask
2020-03-22 11:16:06,356 [INFO   ] [TRADER] Quoting ask price 3411 (Existing 3411)
2020-03-22 11:16:06,357 [INFO   ] [TRADER] Same price as existing ask
2020-03-22 11:16:06,357 [INFO   ] [TRADER] Quoting ask price 3411 (Existing 3411)
2020-03-22 11:16:06,357 [INFO   ] [TRADER] Same price as existing ask
2020-03-22 11:16:06,606 [INFO   ] [TRADER] Order 20 filled (4 / 10)
2020-03-22 11:16:06,606 [INFO   ] [TRADER] Position changed to ETF: -39, FUTURE: 39
2020-03-22 11:16:06,607 [INFO   ] [TRADER] Order 20 filled (5 / 10)
2020-03-22 11:16:06,608 [INFO   ] [TRADER] Position changed to ETF: -40, FUTURE: 40
2020-03-22 11:16:06,610 [INFO   ] [TRADER] Quoting bid price 3410 (Existing 3410)
2020-03-22 11:16:06,610 [INFO   ] [TRADER] Same price as existing bid
2020-03-22 11:16:06,610 [INFO   ] [TRADER] Quoting ask price 3411 (Existing 3411)
2020-03-22 11:16:06,610 [INFO   ] [TRADER] Same price as existing ask
2020-03-22 11:16:06,611 [INFO   ] [TRADER] Quoting bid price 3410 (Existing 3410)
2020-03-22 11:16:06,612 [INFO   ] [TRADER] Same price as existing bid
2020-03-22 11:16:06,612 [INFO   ] [TRADER] Quoting ask price 3411 (Existing 3411)
2020-03-22 11:16:06,612 [INFO   ] [TRADER] Same price as existing ask
2020-03-22 11:16:06,859 [INFO   ] [TRADER] Quoting bid price 3410 (Existing 3410)
2020-03-22 11:16:06,859 [INFO   ] [TRADER] Same price as existing bid
2020-03-22 11:16:06,859 [INFO   ] [TRADER] Quoting ask price 3411 (Existing 3411)
2020-03-22 11:16:06,859 [INFO   ] [TRADER] Same price as existing ask
2020-03-22 11:16:06,861 [INFO   ] [TRADER] Quoting bid price 3410 (Existing 3410)
2020-03-22 11:16:06,861 [INFO   ] [TRADER] Same price as existing bid
2020-03-22 11:16:06,861 [INFO   ] [TRADER] Quoting ask price 3411 (Existing 3411)
2020-03-22 11:16:06,862 [INFO   ] [TRADER] Same price as existing ask
2020-03-22 11:16:07,108 [INFO   ] [TRADER] Quoting bid price 3410 (Existing 3410)
2020-03-22 11:16:07,108 [INFO   ] [TRADER] Same price as existing bid
2020-03-22 11:16:07,108 [INFO   ] [TRADER] Quoting ask price 3411 (Existing 3411)
2020-03-22 11:16:07,108 [INFO   ] [TRADER] Same price as existing ask
2020-03-22 11:16:07,109 [INFO   ] [TRADER] Quoting bid price 3410 (Existing 3410)
2020-03-22 11:16:07,110 [INFO   ] [TRADER] Same price as existing bid
2020-03-22 11:16:07,110 [INFO   ] [TRADER] Quoting ask price 3411 (Existing 3411)
2020-03-22 11:16:07,110 [INFO   ] [TRADER] Same price as existing ask
2020-03-22 11:16:07,357 [INFO   ] [TRADER] Quoting bid price 3410 (Existing 3410)
2020-03-22 11:16:07,357 [INFO   ] [TRADER] Same price as existing bid
2020-03-22 11:16:07,357 [INFO   ] [TRADER] Quoting ask price 3411 (Existing 3411)
2020-03-22 11:16:07,357 [INFO   ] [TRADER] Same price as existing ask
2020-03-22 11:16:07,358 [INFO   ] [TRADER] Quoting bid price 3410 (Existing 3410)
2020-03-22 11:16:07,358 [INFO   ] [TRADER] Same price as existing bid
2020-03-22 11:16:07,358 [INFO   ] [TRADER] Quoting ask price 3411 (Existing 3411)
2020-03-22 11:16:07,358 [INFO   ] [TRADER] Same price as existing ask
2020-03-22 11:16:07,607 [INFO   ] [TRADER] Order 20 filled (6 / 10)
2020-03-22 11:16:07,607 [INFO   ] [TRADER] Position changed to ETF: -41, FUTURE: 41
2020-03-22 11:16:07,609 [INFO   ] [TRADER] Quoting bid price 3410 (Existing 3410)
2020-03-22 11:16:07,609 [INFO   ] [TRADER] Same price as existing bid
2020-03-22 11:16:07,610 [INFO   ] [TRADER] Quoting ask price 3411 (Existing 3411)
2020-03-22 11:16:07,610 [INFO   ] [TRADER] Same price as existing ask
2020-03-22 11:16:07,611 [INFO   ] [TRADER] Quoting bid price 3410 (Existing 3410)
2020-03-22 11:16:07,611 [INFO   ] [TRADER] Same price as existing bid
2020-03-22 11:16:07,611 [INFO   ] [TRADER] Quoting ask price 3411 (Existing 3411)
2020-03-22 11:16:07,612 [INFO   ] [TRADER] Same price as existing ask
2020-03-22 11:16:07,858 [INFO   ] [TRADER] Order 20 filled (10 / 10)
2020-03-22 11:16:07,859 [INFO   ] [TRADER] Position changed to ETF: -45, FUTURE: 45
2020-03-22 11:16:07,862 [INFO   ] [TRADER] Quoting bid price 3410 (Existing 3410)
2020-03-22 11:16:07,862 [INFO   ] [TRADER] Bid crosses ask
2020-03-22 11:16:07,862 [INFO   ] [TRADER] Same price as existing bid
2020-03-22 11:16:07,863 [INFO   ] [TRADER] Quoting ask price 3411 (Existing 0)
2020-03-22 11:16:07,863 [INFO   ] [TRADER] placing ask
2020-03-22 11:16:07,863 [INFO   ] [TRADER] (id: 22) Placing  ask 10 lots for $3411
2020-03-22 11:16:07,864 [INFO   ] [TRADER] Quoting bid price 3410 (Existing 3410)
2020-03-22 11:16:07,864 [INFO   ] [TRADER] Same price as existing bid
2020-03-22 11:16:07,865 [INFO   ] [TRADER] Order 22 placed
2020-03-22 11:16:08,111 [INFO   ] [TRADER] Quoting bid price 3410 (Existing 3410)
2020-03-22 11:16:08,112 [INFO   ] [TRADER] Same price as existing bid
2020-03-22 11:16:08,112 [INFO   ] [TRADER] Quoting bid price 3410 (Existing 3410)
2020-03-22 11:16:08,113 [INFO   ] [TRADER] Same price as existing bid
2020-03-22 11:16:08,356 [INFO   ] [TRADER] Quoting bid price 3410 (Existing 3410)
2020-03-22 11:16:08,356 [INFO   ] [TRADER] Same price as existing bid
2020-03-22 11:16:08,357 [INFO   ] [TRADER] Quoting bid price 3410 (Existing 3410)
2020-03-22 11:16:08,357 [INFO   ] [TRADER] Same price as existing bid
2020-03-22 11:16:08,609 [INFO   ] [TRADER] Quoting bid price 3410 (Existing 3410)
2020-03-22 11:16:08,610 [INFO   ] [TRADER] Same price as existing bid
2020-03-22 11:16:08,611 [INFO   ] [TRADER] Quoting bid price 3410 (Existing 3410)
2020-03-22 11:16:08,611 [INFO   ] [TRADER] Same price as existing bid
2020-03-22 11:16:08,858 [INFO   ] [TRADER] Quoting bid price 3410 (Existing 3410)
2020-03-22 11:16:08,858 [INFO   ] [TRADER] Same price as existing bid
2020-03-22 11:16:08,859 [INFO   ] [TRADER] Quoting bid price 3410 (Existing 3410)
2020-03-22 11:16:08,859 [INFO   ] [TRADER] Same price as existing bid
2020-03-22 11:16:09,108 [INFO   ] [TRADER] Quoting bid price 3410 (Existing 3410)
2020-03-22 11:16:09,108 [INFO   ] [TRADER] Same price as existing bid
2020-03-22 11:16:09,109 [INFO   ] [TRADER] Quoting ask price 3411 (Existing 3411)
2020-03-22 11:16:09,109 [INFO   ] [TRADER] Same price as existing ask
2020-03-22 11:16:09,110 [INFO   ] [TRADER] Quoting bid price 3410 (Existing 3410)
2020-03-22 11:16:09,110 [INFO   ] [TRADER] Same price as existing bid
2020-03-22 11:16:09,111 [INFO   ] [TRADER] Quoting ask price 3411 (Existing 3411)
2020-03-22 11:16:09,111 [INFO   ] [TRADER] Same price as existing ask
2020-03-22 11:16:09,358 [INFO   ] [TRADER] Quoting bid price 3410 (Existing 3410)
2020-03-22 11:16:09,358 [INFO   ] [TRADER] Same price as existing bid
2020-03-22 11:16:09,358 [INFO   ] [TRADER] Quoting ask price 3411 (Existing 3411)
2020-03-22 11:16:09,358 [INFO   ] [TRADER] Same price as existing ask
2020-03-22 11:16:09,359 [INFO   ] [TRADER] Quoting bid price 3410 (Existing 3410)
2020-03-22 11:16:09,359 [INFO   ] [TRADER] Same price as existing bid
2020-03-22 11:16:09,360 [INFO   ] [TRADER] Quoting ask price 3411 (Existing 3411)
2020-03-22 11:16:09,360 [INFO   ] [TRADER] Same price as existing ask
2020-03-22 11:16:09,609 [INFO   ] [TRADER] Quoting bid price 3410 (Existing 3410)
2020-03-22 11:16:09,609 [INFO   ] [TRADER] Same price as existing bid
2020-03-22 11:16:09,609 [INFO   ] [TRADER] Quoting ask price 3411 (Existing 3411)
2020-03-22 11:16:09,609 [INFO   ] [TRADER] Same price as existing ask
2020-03-22 11:16:09,611 [INFO   ] [TRADER] Quoting bid price 3410 (Existing 3410)
2020-03-22 11:16:09,611 [INFO   ] [TRADER] Same price as existing bid
2020-03-22 11:16:09,611 [INFO   ] [TRADER] Quoting ask price 3411 (Existing 3411)
2020-03-22 11:16:09,612 [INFO   ] [TRADER] Same price as existing ask
2020-03-22 11:16:09,859 [INFO   ] [TRADER] Quoting bid price 3410 (Existing 3410)
2020-03-22 11:16:09,860 [INFO   ] [TRADER] Same price as existing bid
2020-03-22 11:16:09,860 [INFO   ] [TRADER] Quoting ask price 3411 (Existing 3411)
2020-03-22 11:16:09,860 [INFO   ] [TRADER] Same price as existing ask
2020-03-22 11:16:09,863 [INFO   ] [TRADER] Quoting bid price 3410 (Existing 3410)
2020-03-22 11:16:09,863 [INFO   ] [TRADER] Same price as existing bid
2020-03-22 11:16:09,863 [INFO   ] [TRADER] Quoting ask price 3411 (Existing 3411)
2020-03-22 11:16:09,863 [INFO   ] [TRADER] Same price as existing ask
2020-03-22 11:16:10,106 [INFO   ] [TRADER] Order 21 filled (3 / 35)
2020-03-22 11:16:10,106 [INFO   ] [TRADER] Position changed to ETF: -42, FUTURE: 42
2020-03-22 11:16:10,106 [INFO   ] [TRADER] Quoting bid price 3410 (Existing 3410)
2020-03-22 11:16:10,106 [INFO   ] [TRADER] Same price as existing bid
2020-03-22 11:16:10,106 [INFO   ] [TRADER] Quoting ask price 3411 (Existing 3411)
2020-03-22 11:16:10,107 [INFO   ] [TRADER] Same price as existing ask
2020-03-22 11:16:10,107 [INFO   ] [TRADER] Quoting bid price 3410 (Existing 3410)
2020-03-22 11:16:10,107 [INFO   ] [TRADER] Same price as existing bid
2020-03-22 11:16:10,107 [INFO   ] [TRADER] Quoting ask price 3411 (Existing 3411)
2020-03-22 11:16:10,107 [INFO   ] [TRADER] Same price as existing ask
2020-03-22 11:16:10,356 [INFO   ] [TRADER] Order 21 filled (12 / 35)
2020-03-22 11:16:10,356 [INFO   ] [TRADER] Position changed to ETF: -33, FUTURE: 33
2020-03-22 11:16:10,359 [INFO   ] [TRADER] Order 21 filled (27 / 35)
2020-03-22 11:16:10,359 [INFO   ] [TRADER] Position changed to ETF: -18, FUTURE: 18
2020-03-22 11:16:10,361 [INFO   ] [TRADER] Quoting bid price 3410 (Existing 3410)
2020-03-22 11:16:10,361 [INFO   ] [TRADER] Same price as existing bid
2020-03-22 11:16:10,361 [INFO   ] [TRADER] Quoting ask price 3411 (Existing 3411)
2020-03-22 11:16:10,362 [INFO   ] [TRADER] Same price as existing ask
2020-03-22 11:16:10,363 [INFO   ] [TRADER] Quoting bid price 3410 (Existing 3410)
2020-03-22 11:16:10,363 [INFO   ] [TRADER] Same price as existing bid
2020-03-22 11:16:10,363 [INFO   ] [TRADER] Quoting ask price 3411 (Existing 3411)
2020-03-22 11:16:10,363 [INFO   ] [TRADER] Same price as existing ask
2020-03-22 11:16:10,606 [INFO   ] [TRADER] Quoting bid price 3410 (Existing 3410)
2020-03-22 11:16:10,606 [INFO   ] [TRADER] Same price as existing bid
2020-03-22 11:16:10,607 [INFO   ] [TRADER] Quoting ask price 3411 (Existing 3411)
2020-03-22 11:16:10,607 [INFO   ] [TRADER] Same price as existing ask
2020-03-22 11:16:10,607 [INFO   ] [TRADER] Quoting bid price 3410 (Existing 3410)
2020-03-22 11:16:10,607 [INFO   ] [TRADER] Same price as existing bid
2020-03-22 11:16:10,607 [INFO   ] [TRADER] Quoting ask price 3411 (Existing 3411)
2020-03-22 11:16:10,607 [INFO   ] [TRADER] Same price as existing ask
2020-03-22 11:16:10,856 [INFO   ] [TRADER] Order 21 filled (28 / 35)
2020-03-22 11:16:10,856 [INFO   ] [TRADER] Position changed to ETF: -17, FUTURE: 17
2020-03-22 11:16:10,857 [INFO   ] [TRADER] Quoting bid price 3410 (Existing 3410)
2020-03-22 11:16:10,857 [INFO   ] [TRADER] Same price as existing bid
2020-03-22 11:16:10,857 [INFO   ] [TRADER] Quoting ask price 3411 (Existing 3411)
2020-03-22 11:16:10,857 [INFO   ] [TRADER] Same price as existing ask
2020-03-22 11:16:10,857 [INFO   ] [TRADER] Quoting bid price 3410 (Existing 3410)
2020-03-22 11:16:10,857 [INFO   ] [TRADER] Same price as existing bid
2020-03-22 11:16:10,857 [INFO   ] [TRADER] Quoting ask price 3411 (Existing 3411)
2020-03-22 11:16:10,857 [INFO   ] [TRADER] Same price as existing ask
2020-03-22 11:16:11,108 [INFO   ] [TRADER] Quoting bid price 3410 (Existing 3410)
2020-03-22 11:16:11,108 [INFO   ] [TRADER] Same price as existing bid
2020-03-22 11:16:11,109 [INFO   ] [TRADER] Quoting ask price 3411 (Existing 3411)
2020-03-22 11:16:11,109 [INFO   ] [TRADER] Same price as existing ask
2020-03-22 11:16:11,110 [INFO   ] [TRADER] Quoting bid price 3410 (Existing 3410)
2020-03-22 11:16:11,111 [INFO   ] [TRADER] Same price as existing bid
2020-03-22 11:16:11,111 [INFO   ] [TRADER] Quoting ask price 3411 (Existing 3411)
2020-03-22 11:16:11,111 [INFO   ] [TRADER] Same price as existing ask
2020-03-22 11:16:11,358 [INFO   ] [TRADER] Quoting bid price 3410 (Existing 3410)
2020-03-22 11:16:11,358 [INFO   ] [TRADER] Same price as existing bid
2020-03-22 11:16:11,358 [INFO   ] [TRADER] Quoting ask price 3411 (Existing 3411)
2020-03-22 11:16:11,358 [INFO   ] [TRADER] Same price as existing ask
2020-03-22 11:16:11,360 [INFO   ] [TRADER] Quoting bid price 3410 (Existing 3410)
2020-03-22 11:16:11,360 [INFO   ] [TRADER] Same price as existing bid
2020-03-22 11:16:11,360 [INFO   ] [TRADER] Quoting ask price 3411 (Existing 3411)
2020-03-22 11:16:11,360 [INFO   ] [TRADER] Same price as existing ask
2020-03-22 11:16:11,606 [INFO   ] [TRADER] Order 21 filled (32 / 35)
2020-03-22 11:16:11,607 [INFO   ] [TRADER] Position changed to ETF: -13, FUTURE: 13
2020-03-22 11:16:11,610 [INFO   ] [TRADER] Quoting bid price 3410 (Existing 3410)
2020-03-22 11:16:11,610 [INFO   ] [TRADER] Same price as existing bid
2020-03-22 11:16:11,610 [INFO   ] [TRADER] Quoting ask price 3411 (Existing 3411)
2020-03-22 11:16:11,611 [INFO   ] [TRADER] Same price as existing ask
2020-03-22 11:16:11,612 [INFO   ] [TRADER] Quoting bid price 3410 (Existing 3410)
2020-03-22 11:16:11,612 [INFO   ] [TRADER] Same price as existing bid
2020-03-22 11:16:11,612 [INFO   ] [TRADER] Quoting ask price 3411 (Existing 3411)
2020-03-22 11:16:11,612 [INFO   ] [TRADER] Same price as existing ask
2020-03-22 11:16:11,859 [INFO   ] [TRADER] Quoting bid price 3410 (Existing 3410)
2020-03-22 11:16:11,859 [INFO   ] [TRADER] Same price as existing bid
2020-03-22 11:16:11,859 [INFO   ] [TRADER] Quoting ask price 3411 (Existing 3411)
2020-03-22 11:16:11,860 [INFO   ] [TRADER] placing ask
2020-03-22 11:16:11,860 [INFO   ] [TRADER] Cancelling 22
2020-03-22 11:16:11,860 [INFO   ] [TRADER] (id: 23) Placing  ask 10 lots for $3411
2020-03-22 11:16:11,866 [INFO   ] [TRADER] Order 22 filled (10 / 10)
2020-03-22 11:16:11,866 [INFO   ] [TRADER] Position changed to ETF: -23, FUTURE: 23
2020-03-22 11:16:11,867 [INFO   ] [TRADER] Quoting bid price 3410 (Existing 3410)
2020-03-22 11:16:11,867 [INFO   ] [TRADER] Same price as existing bid
2020-03-22 11:16:11,868 [INFO   ] [TRADER] Order 23 filled (10 / 10)
2020-03-22 11:16:11,868 [INFO   ] [TRADER] Position changed to ETF: -33, FUTURE: 33
2020-03-22 11:16:12,113 [INFO   ] [TRADER] Quoting bid price 3410 (Existing 3410)
2020-03-22 11:16:12,113 [INFO   ] [TRADER] Bid crosses ask
2020-03-22 11:16:12,113 [INFO   ] [TRADER] Same price as existing bid
2020-03-22 11:16:12,113 [INFO   ] [TRADER] Quoting ask price 3411 (Existing 0)
2020-03-22 11:16:12,114 [INFO   ] [TRADER] placing ask
2020-03-22 11:16:12,114 [INFO   ] [TRADER] (id: 24) Placing  ask 10 lots for $3411
2020-03-22 11:16:12,115 [INFO   ] [TRADER] Quoting bid price 3411 (Existing 3410)
2020-03-22 11:16:12,115 [INFO   ] [TRADER] Bid crosses ask
2020-03-22 11:16:12,115 [INFO   ] [TRADER] Cancelling 24
2020-03-22 11:16:12,116 [INFO   ] [TRADER] placing bid
2020-03-22 11:16:12,116 [INFO   ] [TRADER] Cancelling 21
2020-03-22 11:16:12,116 [INFO   ] [TRADER] (id: 25) Placing  bid 33 lots for $3411
2020-03-22 11:16:12,116 [INFO   ] [TRADER] Quoting ask price 3412 (Existing 3411)
2020-03-22 11:16:12,117 [INFO   ] [TRADER] placing ask
2020-03-22 11:16:12,117 [INFO   ] [TRADER] Cancelling 24
2020-03-22 11:16:12,117 [INFO   ] [TRADER] (id: 26) Placing  ask 10 lots for $3412
2020-03-22 11:16:12,117 [INFO   ] [TRADER] Order 24 filled (10 / 10)
2020-03-22 11:16:12,118 [INFO   ] [TRADER] Position changed to ETF: -43, FUTURE: 43
2020-03-22 11:16:12,118 [INFO   ] [TRADER] Order 21 filled (32 / 32)
2020-03-22 11:16:12,118 [INFO   ] [TRADER] Order 25 placed
2020-03-22 11:16:12,118 [INFO   ] [TRADER] Order 26 placed
2020-03-22 11:16:13,357 [INFO   ] [TRADER] Quoting bid price 3411 (Existing 3411)
2020-03-22 11:16:13,357 [INFO   ] [TRADER] Same price as existing bid
2020-03-22 11:16:13,357 [INFO   ] [TRADER] Quoting ask price 3412 (Existing 3412)
2020-03-22 11:16:13,357 [INFO   ] [TRADER] Same price as existing ask
2020-03-22 11:16:13,357 [INFO   ] [TRADER] Quoting bid price 3411 (Existing 3411)
2020-03-22 11:16:13,357 [INFO   ] [TRADER] Same price as existing bid
2020-03-22 11:16:13,358 [INFO   ] [TRADER] Quoting ask price 3412 (Existing 3412)
2020-03-22 11:16:13,358 [INFO   ] [TRADER] Same price as existing ask
2020-03-22 11:16:13,607 [INFO   ] [TRADER] Quoting bid price 3411 (Existing 3411)
2020-03-22 11:16:13,608 [INFO   ] [TRADER] Same price as existing bid
2020-03-22 11:16:13,608 [INFO   ] [TRADER] Quoting ask price 3412 (Existing 3412)
2020-03-22 11:16:13,608 [INFO   ] [TRADER] Same price as existing ask
2020-03-22 11:16:13,609 [INFO   ] [TRADER] Quoting bid price 3411 (Existing 3411)
2020-03-22 11:16:13,609 [INFO   ] [TRADER] Same price as existing bid
2020-03-22 11:16:13,609 [INFO   ] [TRADER] Quoting ask price 3412 (Existing 3412)
2020-03-22 11:16:13,609 [INFO   ] [TRADER] Same price as existing ask
2020-03-22 11:16:13,859 [INFO   ] [TRADER] Quoting bid price 3411 (Existing 3411)
2020-03-22 11:16:13,859 [INFO   ] [TRADER] Same price as existing bid
2020-03-22 11:16:13,860 [INFO   ] [TRADER] Quoting ask price 3412 (Existing 3412)
2020-03-22 11:16:13,860 [INFO   ] [TRADER] Same price as existing ask
2020-03-22 11:16:13,861 [INFO   ] [TRADER] Quoting bid price 3411 (Existing 3411)
2020-03-22 11:16:13,861 [INFO   ] [TRADER] Same price as existing bid
2020-03-22 11:16:13,862 [INFO   ] [TRADER] Quoting ask price 3412 (Existing 3412)
2020-03-22 11:16:13,862 [INFO   ] [TRADER] Same price as existing ask
2020-03-22 11:16:14,110 [INFO   ] [TRADER] Quoting bid price 3411 (Existing 3411)
2020-03-22 11:16:14,111 [INFO   ] [TRADER] Same price as existing bid
2020-03-22 11:16:14,111 [INFO   ] [TRADER] Quoting ask price 3412 (Existing 3412)
2020-03-22 11:16:14,112 [INFO   ] [TRADER] Same price as existing ask
2020-03-22 11:16:14,113 [INFO   ] [TRADER] Quoting bid price 3411 (Existing 3411)
2020-03-22 11:16:14,113 [INFO   ] [TRADER] Same price as existing bid
2020-03-22 11:16:14,113 [INFO   ] [TRADER] Quoting ask price 3412 (Existing 3412)
2020-03-22 11:16:14,113 [INFO   ] [TRADER] Same price as existing ask
2020-03-22 11:16:14,360 [INFO   ] [TRADER] Quoting bid price 3411 (Existing 3411)
2020-03-22 11:16:14,360 [INFO   ] [TRADER] Same price as existing bid
2020-03-22 11:16:14,361 [INFO   ] [TRADER] Quoting ask price 3412 (Existing 3412)
2020-03-22 11:16:14,361 [INFO   ] [TRADER] Same price as existing ask
2020-03-22 11:16:14,362 [INFO   ] [TRADER] Quoting bid price 3411 (Existing 3411)
2020-03-22 11:16:14,362 [INFO   ] [TRADER] Same price as existing bid
2020-03-22 11:16:14,362 [INFO   ] [TRADER] Quoting ask price 3412 (Existing 3412)
2020-03-22 11:16:14,362 [INFO   ] [TRADER] Same price as existing ask
2020-03-22 11:16:14,611 [INFO   ] [TRADER] Quoting bid price 3411 (Existing 3411)
2020-03-22 11:16:14,611 [INFO   ] [TRADER] Same price as existing bid
2020-03-22 11:16:14,611 [INFO   ] [TRADER] Quoting ask price 3412 (Existing 3412)
2020-03-22 11:16:14,611 [INFO   ] [TRADER] Same price as existing ask
2020-03-22 11:16:14,612 [INFO   ] [TRADER] Quoting bid price 3411 (Existing 3411)
2020-03-22 11:16:14,612 [INFO   ] [TRADER] Same price as existing bid
2020-03-22 11:16:14,612 [INFO   ] [TRADER] Quoting ask price 3412 (Existing 3412)
2020-03-22 11:16:14,612 [INFO   ] [TRADER] Same price as existing ask
2020-03-22 11:16:14,857 [INFO   ] [TRADER] Quoting bid price 3411 (Existing 3411)
2020-03-22 11:16:14,857 [INFO   ] [TRADER] Same price as existing bid
2020-03-22 11:16:14,857 [INFO   ] [TRADER] Quoting ask price 3412 (Existing 3412)
2020-03-22 11:16:14,857 [INFO   ] [TRADER] placing ask
2020-03-22 11:16:14,857 [INFO   ] [TRADER] Cancelling 26
2020-03-22 11:16:14,857 [INFO   ] [TRADER] (id: 27) Placing  ask 10 lots for $3412
2020-03-22 11:16:14,857 [INFO   ] [TRADER] Quoting bid price 3411 (Existing 3411)
2020-03-22 11:16:14,857 [INFO   ] [TRADER] Same price as existing bid
2020-03-22 11:16:14,858 [INFO   ] [TRADER] Order 26 cancelled
2020-03-22 11:16:14,858 [INFO   ] [TRADER] Order 27 placed
2020-03-22 11:16:15,110 [INFO   ] [TRADER] Quoting bid price 3411 (Existing 3411)
2020-03-22 11:16:15,110 [INFO   ] [TRADER] Same price as existing bid
2020-03-22 11:16:15,111 [INFO   ] [TRADER] Quoting bid price 3411 (Existing 3411)
2020-03-22 11:16:15,111 [INFO   ] [TRADER] Same price as existing bid
2020-03-22 11:16:15,359 [INFO   ] [TRADER] Quoting bid price 3411 (Existing 3411)
2020-03-22 11:16:15,359 [INFO   ] [TRADER] Same price as existing bid
2020-03-22 11:16:15,361 [INFO   ] [TRADER] Quoting bid price 3411 (Existing 3411)
2020-03-22 11:16:15,362 [INFO   ] [TRADER] Same price as existing bid
2020-03-22 11:16:15,609 [INFO   ] [TRADER] Quoting bid price 3411 (Existing 3411)
2020-03-22 11:16:15,609 [INFO   ] [TRADER] Same price as existing bid
2020-03-22 11:16:15,610 [INFO   ] [TRADER] Quoting bid price 3411 (Existing 3411)
2020-03-22 11:16:15,611 [INFO   ] [TRADER] Same price as existing bid
2020-03-22 11:16:15,857 [INFO   ] [TRADER] Order 25 filled (3 / 33)
2020-03-22 11:16:15,857 [INFO   ] [TRADER] Position changed to ETF: -40, FUTURE: 40
2020-03-22 11:16:15,860 [INFO   ] [TRADER] Quoting bid price 3411 (Existing 3411)
2020-03-22 11:16:15,860 [INFO   ] [TRADER] Same price as existing bid
2020-03-22 11:16:15,860 [INFO   ] [TRADER] Quoting ask price 3412 (Existing 3412)
2020-03-22 11:16:15,860 [INFO   ] [TRADER] placing ask
2020-03-22 11:16:15,861 [INFO   ] [TRADER] Cancelling 27
2020-03-22 11:16:15,861 [INFO   ] [TRADER] (id: 28) Placing  ask 10 lots for $3412
2020-03-22 11:16:15,862 [INFO   ] [TRADER] Quoting bid price 3411 (Existing 3411)
2020-03-22 11:16:15,862 [INFO   ] [TRADER] Same price as existing bid
2020-03-22 11:16:15,863 [INFO   ] [TRADER] Order 27 cancelled
2020-03-22 11:16:15,863 [INFO   ] [TRADER] Order 28 placed
2020-03-22 11:16:16,107 [INFO   ] [TRADER] Order 25 filled (9 / 33)
2020-03-22 11:16:16,108 [INFO   ] [TRADER] Position changed to ETF: -34, FUTURE: 34
2020-03-22 11:16:16,108 [INFO   ] [TRADER] Order 25 filled (11 / 33)
2020-03-22 11:16:16,108 [INFO   ] [TRADER] Position changed to ETF: -32, FUTURE: 32
2020-03-22 11:16:16,110 [INFO   ] [TRADER] Quoting bid price 3411 (Existing 3411)
2020-03-22 11:16:16,111 [INFO   ] [TRADER] Same price as existing bid
2020-03-22 11:16:16,111 [INFO   ] [TRADER] Quoting ask price 3412 (Existing 3412)
2020-03-22 11:16:16,111 [INFO   ] [TRADER] placing ask
2020-03-22 11:16:16,111 [INFO   ] [TRADER] Cancelling 28
2020-03-22 11:16:16,112 [INFO   ] [TRADER] (id: 29) Placing  ask 10 lots for $3412
2020-03-22 11:16:16,113 [INFO   ] [TRADER] Quoting bid price 3411 (Existing 3411)
2020-03-22 11:16:16,113 [INFO   ] [TRADER] Same price as existing bid
2020-03-22 11:16:16,113 [INFO   ] [TRADER] Order 28 cancelled
2020-03-22 11:16:16,114 [INFO   ] [TRADER] Order 29 placed
2020-03-22 11:16:16,357 [INFO   ] [TRADER] Order 25 filled (23 / 33)
2020-03-22 11:16:16,357 [INFO   ] [TRADER] Position changed to ETF: -20, FUTURE: 20
2020-03-22 11:16:16,359 [INFO   ] [TRADER] Quoting bid price 3411 (Existing 3411)
2020-03-22 11:16:16,359 [INFO   ] [TRADER] Same price as existing bid
2020-03-22 11:16:16,359 [INFO   ] [TRADER] Quoting ask price 3412 (Existing 3412)
2020-03-22 11:16:16,360 [INFO   ] [TRADER] placing ask
2020-03-22 11:16:16,360 [INFO   ] [TRADER] Cancelling 29
2020-03-22 11:16:16,360 [INFO   ] [TRADER] (id: 30) Placing  ask 10 lots for $3412
2020-03-22 11:16:16,361 [INFO   ] [TRADER] Quoting bid price 3411 (Existing 3411)
2020-03-22 11:16:16,362 [INFO   ] [TRADER] Same price as existing bid
2020-03-22 11:16:16,362 [INFO   ] [TRADER] Order 29 filled (2 / 10)
2020-03-22 11:16:16,362 [INFO   ] [TRADER] Position changed to ETF: -22, FUTURE: 22
2020-03-22 11:16:16,362 [INFO   ] [TRADER] Order 29 filled (2 / 2)
2020-03-22 11:16:16,362 [INFO   ] [TRADER] Order 30 placed
2020-03-22 11:16:16,606 [INFO   ] [TRADER] Order 30 filled (10 / 10)
2020-03-22 11:16:16,606 [INFO   ] [TRADER] Position changed to ETF: -32, FUTURE: 32
2020-03-22 11:16:16,608 [INFO   ] [TRADER] Quoting bid price 3411 (Existing 3411)
2020-03-22 11:16:16,608 [INFO   ] [TRADER] Bid crosses ask
2020-03-22 11:16:16,608 [INFO   ] [TRADER] Same price as existing bid
2020-03-22 11:16:16,609 [INFO   ] [TRADER] Quoting ask price 3412 (Existing 0)
2020-03-22 11:16:16,609 [INFO   ] [TRADER] placing ask
2020-03-22 11:16:16,609 [INFO   ] [TRADER] (id: 31) Placing  ask 10 lots for $3412
2020-03-22 11:16:16,610 [INFO   ] [TRADER] Quoting bid price 3412 (Existing 3411)
2020-03-22 11:16:16,611 [INFO   ] [TRADER] Bid crosses ask
2020-03-22 11:16:16,611 [INFO   ] [TRADER] Cancelling 31
2020-03-22 11:16:16,611 [INFO   ] [TRADER] placing bid
2020-03-22 11:16:16,611 [INFO   ] [TRADER] Cancelling 25
2020-03-22 11:16:16,611 [INFO   ] [TRADER] (id: 32) Placing  bid 32 lots for $3412
2020-03-22 11:16:16,612 [INFO   ] [TRADER] Quoting ask price 3413 (Existing 3412)
2020-03-22 11:16:16,612 [INFO   ] [TRADER] placing ask
2020-03-22 11:16:16,612 [INFO   ] [TRADER] Cancelling 31
2020-03-22 11:16:16,612 [INFO   ] [TRADER] (id: 33) Placing  ask 10 lots for $3413
2020-03-22 11:16:16,613 [INFO   ] [TRADER] Order 31 filled (3 / 10)
2020-03-22 11:16:16,613 [INFO   ] [TRADER] Position changed to ETF: -35, FUTURE: 35
2020-03-22 11:16:16,613 [INFO   ] [TRADER] Order 31 filled (10 / 10)
2020-03-22 11:16:16,613 [INFO   ] [TRADER] Position changed to ETF: -42, FUTURE: 42
2020-03-22 11:16:16,613 [INFO   ] [TRADER] Order 25 filled (23 / 23)
2020-03-22 11:16:16,613 [INFO   ] [TRADER] Order 32 placed
2020-03-22 11:16:16,613 [INFO   ] [TRADER] Order 33 placed
2020-03-22 11:16:17,860 [INFO   ] [TRADER] Quoting bid price 3412 (Existing 3412)
2020-03-22 11:16:17,860 [INFO   ] [TRADER] Same price as existing bid
2020-03-22 11:16:17,860 [INFO   ] [TRADER] Quoting ask price 3413 (Existing 3413)
2020-03-22 11:16:17,860 [INFO   ] [TRADER] Same price as existing ask
2020-03-22 11:16:17,862 [INFO   ] [TRADER] Quoting bid price 3412 (Existing 3412)
2020-03-22 11:16:17,862 [INFO   ] [TRADER] Same price as existing bid
2020-03-22 11:16:17,862 [INFO   ] [TRADER] Quoting ask price 3413 (Existing 3413)
2020-03-22 11:16:17,862 [INFO   ] [TRADER] Same price as existing ask
2020-03-22 11:16:18,106 [INFO   ] [TRADER] Quoting bid price 3412 (Existing 3412)
2020-03-22 11:16:18,106 [INFO   ] [TRADER] Same price as existing bid
2020-03-22 11:16:18,107 [INFO   ] [TRADER] Quoting ask price 3413 (Existing 3413)
2020-03-22 11:16:18,107 [INFO   ] [TRADER] Same price as existing ask
2020-03-22 11:16:18,107 [INFO   ] [TRADER] Quoting bid price 3412 (Existing 3412)
2020-03-22 11:16:18,107 [INFO   ] [TRADER] Same price as existing bid
2020-03-22 11:16:18,107 [INFO   ] [TRADER] Quoting ask price 3413 (Existing 3413)
2020-03-22 11:16:18,107 [INFO   ] [TRADER] Same price as existing ask
2020-03-22 11:16:18,360 [INFO   ] [TRADER] Quoting bid price 3412 (Existing 3412)
2020-03-22 11:16:18,360 [INFO   ] [TRADER] Same price as existing bid
2020-03-22 11:16:18,360 [INFO   ] [TRADER] Quoting ask price 3413 (Existing 3413)
2020-03-22 11:16:18,360 [INFO   ] [TRADER] Same price as existing ask
2020-03-22 11:16:18,362 [INFO   ] [TRADER] Quoting bid price 3412 (Existing 3412)
2020-03-22 11:16:18,362 [INFO   ] [TRADER] Same price as existing bid
2020-03-22 11:16:18,362 [INFO   ] [TRADER] Quoting ask price 3413 (Existing 3413)
2020-03-22 11:16:18,362 [INFO   ] [TRADER] Same price as existing ask
2020-03-22 11:16:18,608 [INFO   ] [TRADER] Quoting bid price 3412 (Existing 3412)
2020-03-22 11:16:18,608 [INFO   ] [TRADER] Same price as existing bid
2020-03-22 11:16:18,608 [INFO   ] [TRADER] Quoting ask price 3413 (Existing 3413)
2020-03-22 11:16:18,608 [INFO   ] [TRADER] Same price as existing ask
2020-03-22 11:16:18,610 [INFO   ] [TRADER] Quoting bid price 3412 (Existing 3412)
2020-03-22 11:16:18,610 [INFO   ] [TRADER] Same price as existing bid
2020-03-22 11:16:18,610 [INFO   ] [TRADER] Quoting ask price 3413 (Existing 3413)
2020-03-22 11:16:18,610 [INFO   ] [TRADER] Same price as existing ask
2020-03-22 11:16:18,858 [INFO   ] [TRADER] Quoting bid price 3412 (Existing 3412)
2020-03-22 11:16:18,858 [INFO   ] [TRADER] Same price as existing bid
2020-03-22 11:16:18,858 [INFO   ] [TRADER] Quoting ask price 3413 (Existing 3413)
2020-03-22 11:16:18,859 [INFO   ] [TRADER] Same price as existing ask
2020-03-22 11:16:18,860 [INFO   ] [TRADER] Quoting bid price 3412 (Existing 3412)
2020-03-22 11:16:18,860 [INFO   ] [TRADER] Same price as existing bid
2020-03-22 11:16:18,860 [INFO   ] [TRADER] Quoting ask price 3413 (Existing 3413)
2020-03-22 11:16:18,861 [INFO   ] [TRADER] Same price as existing ask
2020-03-22 11:16:19,108 [INFO   ] [TRADER] Quoting bid price 3412 (Existing 3412)
2020-03-22 11:16:19,108 [INFO   ] [TRADER] Same price as existing bid
2020-03-22 11:16:19,109 [INFO   ] [TRADER] Quoting ask price 3413 (Existing 3413)
2020-03-22 11:16:19,109 [INFO   ] [TRADER] Same price as existing ask
2020-03-22 11:16:19,110 [INFO   ] [TRADER] Quoting bid price 3412 (Existing 3412)
2020-03-22 11:16:19,110 [INFO   ] [TRADER] Same price as existing bid
2020-03-22 11:16:19,110 [INFO   ] [TRADER] Quoting ask price 3413 (Existing 3413)
2020-03-22 11:16:19,111 [INFO   ] [TRADER] Same price as existing ask
2020-03-22 11:16:19,359 [INFO   ] [TRADER] Quoting bid price 3412 (Existing 3412)
2020-03-22 11:16:19,359 [INFO   ] [TRADER] Same price as existing bid
2020-03-22 11:16:19,360 [INFO   ] [TRADER] Quoting ask price 3413 (Existing 3413)
2020-03-22 11:16:19,360 [INFO   ] [TRADER] Same price as existing ask
2020-03-22 11:16:19,361 [INFO   ] [TRADER] Quoting bid price 3412 (Existing 3412)
2020-03-22 11:16:19,362 [INFO   ] [TRADER] Same price as existing bid
2020-03-22 11:16:19,362 [INFO   ] [TRADER] Quoting ask price 3413 (Existing 3413)
2020-03-22 11:16:19,362 [INFO   ] [TRADER] Same price as existing ask
2020-03-22 11:16:19,608 [INFO   ] [TRADER] Quoting bid price 3412 (Existing 3412)
2020-03-22 11:16:19,608 [INFO   ] [TRADER] Same price as existing bid
2020-03-22 11:16:19,608 [INFO   ] [TRADER] Quoting ask price 3413 (Existing 3413)
2020-03-22 11:16:19,608 [INFO   ] [TRADER] Same price as existing ask
2020-03-22 11:16:19,610 [INFO   ] [TRADER] Quoting bid price 3412 (Existing 3412)
2020-03-22 11:16:19,610 [INFO   ] [TRADER] Same price as existing bid
2020-03-22 11:16:19,610 [INFO   ] [TRADER] Quoting ask price 3413 (Existing 3413)
2020-03-22 11:16:19,610 [INFO   ] [TRADER] Same price as existing ask
2020-03-22 11:16:19,856 [INFO   ] [TRADER] Quoting bid price 3412 (Existing 3412)
2020-03-22 11:16:19,857 [INFO   ] [TRADER] Same price as existing bid
2020-03-22 11:16:19,857 [INFO   ] [TRADER] Quoting ask price 3413 (Existing 3413)
2020-03-22 11:16:19,857 [INFO   ] [TRADER] Same price as existing ask
2020-03-22 11:16:19,857 [INFO   ] [TRADER] Quoting bid price 3412 (Existing 3412)
2020-03-22 11:16:19,857 [INFO   ] [TRADER] Same price as existing bid
2020-03-22 11:16:19,857 [INFO   ] [TRADER] Quoting ask price 3413 (Existing 3413)
2020-03-22 11:16:19,857 [INFO   ] [TRADER] Same price as existing ask
2020-03-22 11:16:20,108 [INFO   ] [TRADER] Quoting bid price 3412 (Existing 3412)
2020-03-22 11:16:20,108 [INFO   ] [TRADER] Same price as existing bid
2020-03-22 11:16:20,108 [INFO   ] [TRADER] Quoting ask price 3413 (Existing 3413)
2020-03-22 11:16:20,108 [INFO   ] [TRADER] Same price as existing ask
2020-03-22 11:16:20,110 [INFO   ] [TRADER] Quoting bid price 3412 (Existing 3412)
2020-03-22 11:16:20,110 [INFO   ] [TRADER] Same price as existing bid
2020-03-22 11:16:20,110 [INFO   ] [TRADER] Quoting ask price 3413 (Existing 3413)
2020-03-22 11:16:20,111 [INFO   ] [TRADER] Same price as existing ask
2020-03-22 11:16:20,357 [INFO   ] [TRADER] Quoting bid price 3412 (Existing 3412)
2020-03-22 11:16:20,358 [INFO   ] [TRADER] Same price as existing bid
2020-03-22 11:16:20,358 [INFO   ] [TRADER] Quoting ask price 3413 (Existing 3413)
2020-03-22 11:16:20,358 [INFO   ] [TRADER] Same price as existing ask
2020-03-22 11:16:20,359 [INFO   ] [TRADER] Quoting bid price 3412 (Existing 3412)
2020-03-22 11:16:20,360 [INFO   ] [TRADER] Same price as existing bid
2020-03-22 11:16:20,360 [INFO   ] [TRADER] Quoting ask price 3413 (Existing 3413)
2020-03-22 11:16:20,360 [INFO   ] [TRADER] Same price as existing ask
2020-03-22 11:16:20,608 [INFO   ] [TRADER] Quoting bid price 3412 (Existing 3412)
2020-03-22 11:16:20,608 [INFO   ] [TRADER] Same price as existing bid
2020-03-22 11:16:20,608 [INFO   ] [TRADER] Quoting ask price 3413 (Existing 3413)
2020-03-22 11:16:20,608 [INFO   ] [TRADER] Same price as existing ask
2020-03-22 11:16:20,609 [INFO   ] [TRADER] Quoting bid price 3412 (Existing 3412)
2020-03-22 11:16:20,610 [INFO   ] [TRADER] Same price as existing bid
2020-03-22 11:16:20,610 [INFO   ] [TRADER] Quoting ask price 3413 (Existing 3413)
2020-03-22 11:16:20,610 [INFO   ] [TRADER] Same price as existing ask
2020-03-22 11:16:20,863 [INFO   ] [TRADER] Quoting bid price 3412 (Existing 3412)
2020-03-22 11:16:20,864 [INFO   ] [TRADER] Same price as existing bid
2020-03-22 11:16:20,864 [INFO   ] [TRADER] Quoting ask price 3413 (Existing 3413)
2020-03-22 11:16:20,864 [INFO   ] [TRADER] Same price as existing ask
2020-03-22 11:16:20,865 [INFO   ] [TRADER] Quoting bid price 3412 (Existing 3412)
2020-03-22 11:16:20,865 [INFO   ] [TRADER] Same price as existing bid
2020-03-22 11:16:20,865 [INFO   ] [TRADER] Quoting ask price 3413 (Existing 3413)
2020-03-22 11:16:20,865 [INFO   ] [TRADER] Same price as existing ask
2020-03-22 11:16:21,108 [INFO   ] [TRADER] Quoting bid price 3412 (Existing 3412)
2020-03-22 11:16:21,108 [INFO   ] [TRADER] Same price as existing bid
2020-03-22 11:16:21,109 [INFO   ] [TRADER] Quoting ask price 3413 (Existing 3413)
2020-03-22 11:16:21,109 [INFO   ] [TRADER] Same price as existing ask
2020-03-22 11:16:21,110 [INFO   ] [TRADER] Quoting bid price 3412 (Existing 3412)
2020-03-22 11:16:21,110 [INFO   ] [TRADER] Same price as existing bid
2020-03-22 11:16:21,111 [INFO   ] [TRADER] Quoting ask price 3413 (Existing 3413)
2020-03-22 11:16:21,111 [INFO   ] [TRADER] Same price as existing ask
2020-03-22 11:16:21,362 [INFO   ] [TRADER] Quoting bid price 3412 (Existing 3412)
2020-03-22 11:16:21,363 [INFO   ] [TRADER] Same price as existing bid
2020-03-22 11:16:21,363 [INFO   ] [TRADER] Quoting ask price 3413 (Existing 3413)
2020-03-22 11:16:21,363 [INFO   ] [TRADER] Same price as existing ask
2020-03-22 11:16:21,365 [INFO   ] [TRADER] Quoting bid price 3412 (Existing 3412)
2020-03-22 11:16:21,365 [INFO   ] [TRADER] Same price as existing bid
2020-03-22 11:16:21,365 [INFO   ] [TRADER] Quoting ask price 3413 (Existing 3413)
2020-03-22 11:16:21,365 [INFO   ] [TRADER] Same price as existing ask
2020-03-22 11:16:21,608 [INFO   ] [TRADER] Quoting bid price 3412 (Existing 3412)
2020-03-22 11:16:21,608 [INFO   ] [TRADER] Same price as existing bid
2020-03-22 11:16:21,608 [INFO   ] [TRADER] Quoting ask price 3413 (Existing 3413)
2020-03-22 11:16:21,609 [INFO   ] [TRADER] Same price as existing ask
2020-03-22 11:16:21,610 [INFO   ] [TRADER] Quoting bid price 3412 (Existing 3412)
2020-03-22 11:16:21,610 [INFO   ] [TRADER] Same price as existing bid
2020-03-22 11:16:21,610 [INFO   ] [TRADER] Quoting ask price 3413 (Existing 3413)
2020-03-22 11:16:21,611 [INFO   ] [TRADER] Same price as existing ask
2020-03-22 11:16:21,863 [INFO   ] [TRADER] Quoting bid price 3412 (Existing 3412)
2020-03-22 11:16:21,863 [INFO   ] [TRADER] Same price as existing bid
2020-03-22 11:16:21,864 [INFO   ] [TRADER] Quoting ask price 3413 (Existing 3413)
2020-03-22 11:16:21,864 [INFO   ] [TRADER] Same price as existing ask
2020-03-22 11:16:21,865 [INFO   ] [TRADER] Quoting bid price 3412 (Existing 3412)
2020-03-22 11:16:21,865 [INFO   ] [TRADER] Same price as existing bid
2020-03-22 11:16:21,865 [INFO   ] [TRADER] Quoting ask price 3413 (Existing 3413)
2020-03-22 11:16:21,865 [INFO   ] [TRADER] Same price as existing ask
2020-03-22 11:16:22,112 [INFO   ] [TRADER] Quoting bid price 3412 (Existing 3412)
2020-03-22 11:16:22,112 [INFO   ] [TRADER] Same price as existing bid
2020-03-22 11:16:22,112 [INFO   ] [TRADER] Quoting ask price 3413 (Existing 3413)
2020-03-22 11:16:22,112 [INFO   ] [TRADER] Same price as existing ask
2020-03-22 11:16:22,112 [INFO   ] [TRADER] Quoting bid price 3412 (Existing 3412)
2020-03-22 11:16:22,112 [INFO   ] [TRADER] Same price as existing bid
2020-03-22 11:16:22,112 [INFO   ] [TRADER] Quoting ask price 3413 (Existing 3413)
2020-03-22 11:16:22,112 [INFO   ] [TRADER] Same price as existing ask
2020-03-22 11:16:22,358 [INFO   ] [TRADER] Order 32 filled (10 / 32)
2020-03-22 11:16:22,358 [INFO   ] [TRADER] Position changed to ETF: -32, FUTURE: 32
2020-03-22 11:16:22,359 [INFO   ] [TRADER] Quoting bid price 3412 (Existing 3412)
2020-03-22 11:16:22,360 [INFO   ] [TRADER] Same price as existing bid
2020-03-22 11:16:22,360 [INFO   ] [TRADER] Quoting ask price 3413 (Existing 3413)
2020-03-22 11:16:22,360 [INFO   ] [TRADER] Same price as existing ask
2020-03-22 11:16:22,361 [INFO   ] [TRADER] Quoting bid price 3412 (Existing 3412)
2020-03-22 11:16:22,362 [INFO   ] [TRADER] Same price as existing bid
2020-03-22 11:16:22,362 [INFO   ] [TRADER] Quoting ask price 3413 (Existing 3413)
2020-03-22 11:16:22,362 [INFO   ] [TRADER] Same price as existing ask
2020-03-22 11:16:22,606 [INFO   ] [TRADER] Order 32 filled (22 / 32)
2020-03-22 11:16:22,607 [INFO   ] [TRADER] Position changed to ETF: -20, FUTURE: 20
2020-03-22 11:16:22,608 [INFO   ] [TRADER] Order 32 filled (23 / 32)
2020-03-22 11:16:22,608 [INFO   ] [TRADER] Position changed to ETF: -19, FUTURE: 19
2020-03-22 11:16:22,610 [INFO   ] [TRADER] Quoting bid price 3412 (Existing 3412)
2020-03-22 11:16:22,610 [INFO   ] [TRADER] Same price as existing bid
2020-03-22 11:16:22,610 [INFO   ] [TRADER] Quoting ask price 3413 (Existing 3413)
2020-03-22 11:16:22,610 [INFO   ] [TRADER] Same price as existing ask
2020-03-22 11:16:22,611 [INFO   ] [TRADER] Quoting bid price 3412 (Existing 3412)
2020-03-22 11:16:22,612 [INFO   ] [TRADER] Same price as existing bid
2020-03-22 11:16:22,612 [INFO   ] [TRADER] Quoting ask price 3413 (Existing 3413)
2020-03-22 11:16:22,612 [INFO   ] [TRADER] Same price as existing ask
2020-03-22 11:16:22,856 [INFO   ] [TRADER] Order 32 filled (24 / 32)
2020-03-22 11:16:22,856 [INFO   ] [TRADER] Position changed to ETF: -18, FUTURE: 18
2020-03-22 11:16:22,858 [INFO   ] [TRADER] Quoting bid price 3412 (Existing 3412)
2020-03-22 11:16:22,858 [INFO   ] [TRADER] Same price as existing bid
2020-03-22 11:16:22,859 [INFO   ] [TRADER] Quoting ask price 3413 (Existing 3413)
2020-03-22 11:16:22,859 [INFO   ] [TRADER] Same price as existing ask
2020-03-22 11:16:22,860 [INFO   ] [TRADER] Quoting bid price 3412 (Existing 3412)
2020-03-22 11:16:22,860 [INFO   ] [TRADER] Same price as existing bid
2020-03-22 11:16:22,860 [INFO   ] [TRADER] Quoting ask price 3413 (Existing 3413)
2020-03-22 11:16:22,861 [INFO   ] [TRADER] Same price as existing ask
2020-03-22 11:16:23,108 [INFO   ] [TRADER] Quoting bid price 3412 (Existing 3412)
2020-03-22 11:16:23,108 [INFO   ] [TRADER] Same price as existing bid
2020-03-22 11:16:23,109 [INFO   ] [TRADER] Quoting ask price 3413 (Existing 3413)
2020-03-22 11:16:23,109 [INFO   ] [TRADER] Same price as existing ask
2020-03-22 11:16:23,110 [INFO   ] [TRADER] Quoting bid price 3412 (Existing 3412)
2020-03-22 11:16:23,110 [INFO   ] [TRADER] Same price as existing bid
2020-03-22 11:16:23,110 [INFO   ] [TRADER] Quoting ask price 3413 (Existing 3413)
2020-03-22 11:16:23,111 [INFO   ] [TRADER] Same price as existing ask
2020-03-22 11:16:23,358 [INFO   ] [TRADER] Quoting bid price 3412 (Existing 3412)
2020-03-22 11:16:23,358 [INFO   ] [TRADER] Same price as existing bid
2020-03-22 11:16:23,358 [INFO   ] [TRADER] Quoting ask price 3413 (Existing 3413)
2020-03-22 11:16:23,359 [INFO   ] [TRADER] Same price as existing ask
2020-03-22 11:16:23,360 [INFO   ] [TRADER] Quoting bid price 3412 (Existing 3412)
2020-03-22 11:16:23,360 [INFO   ] [TRADER] Same price as existing bid
2020-03-22 11:16:23,360 [INFO   ] [TRADER] Quoting ask price 3413 (Existing 3413)
2020-03-22 11:16:23,360 [INFO   ] [TRADER] Same price as existing ask
2020-03-22 11:16:23,609 [INFO   ] [TRADER] Quoting bid price 3412 (Existing 3412)
2020-03-22 11:16:23,609 [INFO   ] [TRADER] Same price as existing bid
2020-03-22 11:16:23,610 [INFO   ] [TRADER] Quoting ask price 3413 (Existing 3413)
2020-03-22 11:16:23,610 [INFO   ] [TRADER] Same price as existing ask
2020-03-22 11:16:23,611 [INFO   ] [TRADER] Quoting bid price 3412 (Existing 3412)
2020-03-22 11:16:23,612 [INFO   ] [TRADER] Same price as existing bid
2020-03-22 11:16:23,612 [INFO   ] [TRADER] Quoting ask price 3413 (Existing 3413)
2020-03-22 11:16:23,612 [INFO   ] [TRADER] Same price as existing ask
2020-03-22 11:16:23,856 [INFO   ] [TRADER] Order 32 filled (25 / 32)
2020-03-22 11:16:23,857 [INFO   ] [TRADER] Position changed to ETF: -17, FUTURE: 17
2020-03-22 11:16:23,859 [INFO   ] [TRADER] Quoting bid price 3412 (Existing 3412)
2020-03-22 11:16:23,859 [INFO   ] [TRADER] Same price as existing bid
2020-03-22 11:16:23,859 [INFO   ] [TRADER] Quoting ask price 3413 (Existing 3413)
2020-03-22 11:16:23,859 [INFO   ] [TRADER] Same price as existing ask
2020-03-22 11:16:23,861 [INFO   ] [TRADER] Quoting bid price 3412 (Existing 3412)
2020-03-22 11:16:23,861 [INFO   ] [TRADER] Same price as existing bid
2020-03-22 11:16:23,861 [INFO   ] [TRADER] Quoting ask price 3413 (Existing 3413)
2020-03-22 11:16:23,861 [INFO   ] [TRADER] Same price as existing ask
2020-03-22 11:16:24,107 [INFO   ] [TRADER] Quoting bid price 3412 (Existing 3412)
2020-03-22 11:16:24,108 [INFO   ] [TRADER] Same price as existing bid
2020-03-22 11:16:24,108 [INFO   ] [TRADER] Quoting ask price 3413 (Existing 3413)
2020-03-22 11:16:24,108 [INFO   ] [TRADER] Same price as existing ask
2020-03-22 11:16:24,109 [INFO   ] [TRADER] Quoting bid price 3412 (Existing 3412)
2020-03-22 11:16:24,110 [INFO   ] [TRADER] Same price as existing bid
2020-03-22 11:16:24,110 [INFO   ] [TRADER] Quoting ask price 3413 (Existing 3413)
2020-03-22 11:16:24,110 [INFO   ] [TRADER] Same price as existing ask
2020-03-22 11:16:24,356 [INFO   ] [TRADER] Order 32 filled (32 / 32)
2020-03-22 11:16:24,357 [INFO   ] [TRADER] Position changed to ETF: -10, FUTURE: 10
2020-03-22 11:16:24,359 [INFO   ] [TRADER] Quoting bid price 3412 (Existing 0)
2020-03-22 11:16:24,359 [INFO   ] [TRADER] placing bid
2020-03-22 11:16:24,359 [INFO   ] [TRADER] (id: 34) Placing  bid 20 lots for $3412
2020-03-22 11:16:24,360 [INFO   ] [TRADER] Quoting ask price 3413 (Existing 3413)
2020-03-22 11:16:24,360 [INFO   ] [TRADER] Same price as existing ask
2020-03-22 11:16:24,361 [INFO   ] [TRADER] Quoting ask price 3413 (Existing 3413)
2020-03-22 11:16:24,361 [INFO   ] [TRADER] Same price as existing ask
2020-03-22 11:16:24,361 [INFO   ] [TRADER] Order 34 placed
2020-03-22 11:16:24,608 [INFO   ] [TRADER] Quoting ask price 3413 (Existing 3413)
2020-03-22 11:16:24,608 [INFO   ] [TRADER] Same price as existing ask
2020-03-22 11:16:24,610 [INFO   ] [TRADER] Quoting ask price 3413 (Existing 3413)
2020-03-22 11:16:24,610 [INFO   ] [TRADER] Same price as existing ask
2020-03-22 11:16:24,860 [INFO   ] [TRADER] Quoting ask price 3413 (Existing 3413)
2020-03-22 11:16:24,860 [INFO   ] [TRADER] Same price as existing ask
2020-03-22 11:16:24,861 [INFO   ] [TRADER] Quoting ask price 3413 (Existing 3413)
2020-03-22 11:16:24,861 [INFO   ] [TRADER] Same price as existing ask
2020-03-22 11:16:25,111 [INFO   ] [TRADER] Quoting ask price 3413 (Existing 3413)
2020-03-22 11:16:25,111 [INFO   ] [TRADER] Same price as existing ask
2020-03-22 11:16:25,112 [INFO   ] [TRADER] Quoting ask price 3413 (Existing 3413)
2020-03-22 11:16:25,112 [INFO   ] [TRADER] Same price as existing ask
2020-03-22 11:16:25,357 [INFO   ] [TRADER] Quoting ask price 3413 (Existing 3413)
2020-03-22 11:16:25,358 [INFO   ] [TRADER] Same price as existing ask
2020-03-22 11:16:25,359 [INFO   ] [TRADER] Quoting ask price 3413 (Existing 3413)
2020-03-22 11:16:25,359 [INFO   ] [TRADER] Same price as existing ask
